INFO : Current epoch: 1
INFO : Training sample: 	 1656/ 8280 ...
INFO : Training sample: 	 3312/ 8280 ...
INFO : Training sample: 	 4968/ 8280 ...
INFO : Training sample: 	 6624/ 8280 ...
INFO : Training sample: 	 8280/ 8280 ...
INFO : Loss=1.6 ; accuracy=0.453
INFO : precision=[0.57, 0.31, 0.55, 0.48, 0.47, 0.4, 0.62, 0.61, 0.55]
Recall=[0.68, 0.54, 0.58, 0.39, 0.61, 0.33, 0.04, 0.05, 0.08]
INFO : F1_score=[0.62, 0.39, 0.56, 0.43, 0.53, 0.36, 0.07, 0.09, 0.13]
INFO : confusion_matrix=
[[920 196  80  49  92  12   2   0   3]
 [ 94 717 190 110 101 103   0   3   3]
 [ 88 261 709  48  99  14   0   1   0]
 [160 265 109 449  86  71   1   0   0]
 [ 66 202  70  21 602  15   1   0   4]
 [ 39 288  31 120  67 275   5   1   1]
 [ 87 150  40  62  74  84  21   3  13]
 [104 128  41  53  71  48   0  22   3]
 [ 69 127  21  23  82  67   4   6  33]]
INFO : Sample: 	 193/ 965 ...
INFO : Sample: 	 386/ 965 ...
INFO : Sample: 	 579/ 965 ...
INFO : Sample: 	 772/ 965 ...
INFO : Sample: 	 965/ 965 ...
INFO : Loss=2.5 ; accuracy=0.35
INFO : precision=[0.03, 0.01, 0.75, 0.61, 0.83, 0.44, 0.79, 0.0, 0.06]
Recall=[0.03, 0.02, 0.66, 0.65, 0.84, 0.66, 0.16, 0.0, 0.04]
INFO : F1_score=[0.03, 0.02, 0.7, 0.63, 0.84, 0.53, 0.27, 0.0, 0.05]
INFO : confusion_matrix=
[[  5 126  15  11   4  25   0   1   2]
 [138   3   3   6   1   2   1   1   0]
 [  9  19  92   9   1   7   0   3   0]
 [ 13  12   3  84   2  13   0   0   2]
 [  4   5   4   2  84   0   0   0   1]
 [  2  18   2   6   0  57   0   0   1]
 [  9  14   3   9   6  12  11   0   3]
 [  5  11   0   1   3   8   2   0  23]
 [  7   6   1   9   0   7   0  14   2]]
INFO : validation_loss=2.501 ; best_validation_loss=inf
INFO : Current epoch: 2
INFO : Training sample: 	 1656/ 8280 ...
INFO : Training sample: 	 3312/ 8280 ...
INFO : Training sample: 	 4968/ 8280 ...
INFO : Training sample: 	 6624/ 8280 ...
INFO : Training sample: 	 8280/ 8280 ...
INFO : Loss=0.84 ; accuracy=0.739
INFO : precision=[0.85, 0.67, 0.76, 0.65, 0.88, 0.68, 0.75, 0.79, 0.57]
Recall=[0.88, 0.69, 0.8, 0.76, 0.91, 0.67, 0.36, 0.56, 0.62]
INFO : F1_score=[0.86, 0.68, 0.78, 0.7, 0.9, 0.68, 0.49, 0.66, 0.6]
INFO : confusion_matrix=
[[1189   20   39   72    6   10    5    4    9]
 [  21  905  117   97   20  105   10   13   33]
 [  19  119  977   78   10   10    0    3    4]
 [  54   71   51  869    9   60    8    9   10]
 [   4   25   10   10  897    2    8    4   21]
 [  14  127   13   72    5  557   13    9   17]
 [  47   43   34   58   24   39  193   16   80]
 [  26   25   27   57   12   25    6  263   29]
 [  29   19   10   26   39   15   13   12  269]]
INFO : Sample: 	 193/ 965 ...
INFO : Sample: 	 386/ 965 ...
INFO : Sample: 	 579/ 965 ...
INFO : Sample: 	 772/ 965 ...
INFO : Sample: 	 965/ 965 ...
INFO : Loss=2.86 ; accuracy=0.393
INFO : precision=[0.02, 0.01, 0.75, 0.72, 0.95, 0.57, 0.7, 0.0, 0.03]
Recall=[0.02, 0.01, 0.71, 0.69, 0.89, 0.77, 0.42, 0.0, 0.04]
INFO : F1_score=[0.02, 0.01, 0.73, 0.71, 0.92, 0.66, 0.52, 0.0, 0.04]
INFO : confusion_matrix=
[[  4 133  16   6   2  21   2   2   3]
 [138   1   4   5   0   2   2   2   1]
 [  7  16 100   7   1   5   1   1   2]
 [ 12  10   3  89   1  11   1   0   2]
 [  1   3   3   1  89   0   1   0   2]
 [  2  11   1   3   0  66   1   0   2]
 [  4   6   4   7   1   6  28   0  11]
 [  2   9   0   1   0   3   4   0  34]
 [  2   4   2   4   0   1   0  31   2]]
INFO : validation_loss=2.857 ; best_validation_loss=2.501
INFO : Early stopping
