INFO : Training sample: 	 10/ 100 ...
INFO : Training sample: 	 20/ 100 ...
INFO : Training sample: 	 30/ 100 ...
INFO : Training sample: 	 40/ 100 ...
INFO : Training sample: 	 50/ 100 ...
INFO : Training sample: 	 60/ 100 ...
INFO : Training sample: 	 70/ 100 ...
INFO : Training sample: 	 80/ 100 ...
INFO : Training sample: 	 90/ 100 ...
INFO : Training sample: 	 100/ 100 ...
INFO : Loss=2.2 ; accuracy=0.15
INFO : precision=[0.0, 0.15, 0.0, 0.0, 0.0, 0.0, 0.0, 0.0, 0.0]
Recall=[0.0, 1.0, 0.0, 0.0, 0.0, 0.0, 0.0, 0.0, 0.0]
INFO : F1_score=[0.0, 0.26, 0.0, 0.0, 0.0, 0.0, 0.0, 0.0, 0.0]
INFO : confusion_matrix=
[[ 0 16  0  0  0  0  0  0  0]
 [ 0 15  0  0  0  0  0  0  0]
 [ 0 13  0  0  0  0  0  0  0]
 [ 0 13  0  0  0  0  0  0  0]
 [ 0 12  0  0  0  0  0  0  0]
 [ 0 10  0  0  0  0  0  0  0]
 [ 0  9  0  0  0  0  0  0  0]
 [ 0  6  0  0  0  0  0  0  0]
 [ 0  6  0  0  0  0  0  0  0]]
INFO : Training sample: 	 10/ 100 ...
INFO : Training sample: 	 20/ 100 ...
INFO : Training sample: 	 30/ 100 ...
INFO : Training sample: 	 40/ 100 ...
INFO : Training sample: 	 50/ 100 ...
INFO : Training sample: 	 60/ 100 ...
INFO : Training sample: 	 70/ 100 ...
INFO : Training sample: 	 80/ 100 ...
INFO : Training sample: 	 90/ 100 ...
INFO : Training sample: 	 100/ 100 ...
INFO : Loss=2.18 ; accuracy=0.15
INFO : precision=[0.0, 0.15, 0.0, 0.0, 0.0, 0.0, 0.0, 0.0, 0.0]
Recall=[0.0, 1.0, 0.0, 0.0, 0.0, 0.0, 0.0, 0.0, 0.0]
INFO : F1_score=[0.0, 0.26, 0.0, 0.0, 0.0, 0.0, 0.0, 0.0, 0.0]
INFO : confusion_matrix=
[[ 0 16  0  0  0  0  0  0  0]
 [ 0 15  0  0  0  0  0  0  0]
 [ 0 13  0  0  0  0  0  0  0]
 [ 0 13  0  0  0  0  0  0  0]
 [ 0 12  0  0  0  0  0  0  0]
 [ 0 10  0  0  0  0  0  0  0]
 [ 0  9  0  0  0  0  0  0  0]
 [ 0  6  0  0  0  0  0  0  0]
 [ 0  6  0  0  0  0  0  0  0]]
INFO : Training sample: 	 10/ 100 ...
INFO : Training sample: 	 20/ 100 ...
INFO : Training sample: 	 30/ 100 ...
INFO : Training sample: 	 40/ 100 ...
INFO : Training sample: 	 50/ 100 ...
INFO : Training sample: 	 60/ 100 ...
INFO : Training sample: 	 70/ 100 ...
INFO : Training sample: 	 80/ 100 ...
INFO : Training sample: 	 90/ 100 ...
INFO : Training sample: 	 100/ 100 ...
INFO : Loss=2.17 ; accuracy=0.15
INFO : precision=[0.0, 0.15, 0.0, 0.0, 0.0, 0.0, 0.0, 0.0, 0.0]
Recall=[0.0, 1.0, 0.0, 0.0, 0.0, 0.0, 0.0, 0.0, 0.0]
INFO : F1_score=[0.0, 0.26, 0.0, 0.0, 0.0, 0.0, 0.0, 0.0, 0.0]
INFO : confusion_matrix=
[[ 0 16  0  0  0  0  0  0  0]
 [ 0 15  0  0  0  0  0  0  0]
 [ 0 13  0  0  0  0  0  0  0]
 [ 0 13  0  0  0  0  0  0  0]
 [ 0 12  0  0  0  0  0  0  0]
 [ 0 10  0  0  0  0  0  0  0]
 [ 0  9  0  0  0  0  0  0  0]
 [ 0  6  0  0  0  0  0  0  0]
 [ 0  6  0  0  0  0  0  0  0]]
INFO : Training sample: 	 10/ 100 ...
INFO : Training sample: 	 20/ 100 ...
INFO : Training sample: 	 30/ 100 ...
INFO : Training sample: 	 40/ 100 ...
INFO : Training sample: 	 50/ 100 ...
INFO : Training sample: 	 60/ 100 ...
INFO : Training sample: 	 70/ 100 ...
INFO : Training sample: 	 80/ 100 ...
INFO : Training sample: 	 90/ 100 ...
INFO : Training sample: 	 100/ 100 ...
INFO : Loss=2.15 ; accuracy=0.15
INFO : precision=[0.0, 0.15, 0.0, 0.0, 0.0, 0.0, 0.0, 0.0, 0.0]
Recall=[0.0, 1.0, 0.0, 0.0, 0.0, 0.0, 0.0, 0.0, 0.0]
INFO : F1_score=[0.0, 0.26, 0.0, 0.0, 0.0, 0.0, 0.0, 0.0, 0.0]
INFO : confusion_matrix=
[[ 0 16  0  0  0  0  0  0  0]
 [ 0 15  0  0  0  0  0  0  0]
 [ 0 13  0  0  0  0  0  0  0]
 [ 0 13  0  0  0  0  0  0  0]
 [ 0 12  0  0  0  0  0  0  0]
 [ 0 10  0  0  0  0  0  0  0]
 [ 0  9  0  0  0  0  0  0  0]
 [ 0  6  0  0  0  0  0  0  0]
 [ 0  6  0  0  0  0  0  0  0]]
INFO : Training sample: 	 10/ 100 ...
INFO : Training sample: 	 20/ 100 ...
INFO : Training sample: 	 30/ 100 ...
INFO : Training sample: 	 40/ 100 ...
INFO : Training sample: 	 50/ 100 ...
INFO : Training sample: 	 60/ 100 ...
INFO : Training sample: 	 70/ 100 ...
INFO : Training sample: 	 80/ 100 ...
INFO : Training sample: 	 90/ 100 ...
INFO : Training sample: 	 100/ 100 ...
INFO : Loss=2.14 ; accuracy=0.15
INFO : precision=[0.0, 0.15, 0.0, 0.0, 0.0, 0.0, 0.0, 0.0, 0.0]
Recall=[0.0, 1.0, 0.0, 0.0, 0.0, 0.0, 0.0, 0.0, 0.0]
INFO : F1_score=[0.0, 0.26, 0.0, 0.0, 0.0, 0.0, 0.0, 0.0, 0.0]
INFO : confusion_matrix=
[[ 0 16  0  0  0  0  0  0  0]
 [ 0 15  0  0  0  0  0  0  0]
 [ 0 13  0  0  0  0  0  0  0]
 [ 0 13  0  0  0  0  0  0  0]
 [ 0 12  0  0  0  0  0  0  0]
 [ 0 10  0  0  0  0  0  0  0]
 [ 0  9  0  0  0  0  0  0  0]
 [ 0  6  0  0  0  0  0  0  0]
 [ 0  6  0  0  0  0  0  0  0]]
INFO : Training sample: 	 10/ 100 ...
INFO : Training sample: 	 20/ 100 ...
INFO : Training sample: 	 30/ 100 ...
INFO : Training sample: 	 40/ 100 ...
INFO : Training sample: 	 50/ 100 ...
INFO : Training sample: 	 60/ 100 ...
INFO : Training sample: 	 70/ 100 ...
INFO : Training sample: 	 80/ 100 ...
INFO : Training sample: 	 90/ 100 ...
INFO : Training sample: 	 100/ 100 ...
INFO : Loss=2.12 ; accuracy=0.22
INFO : precision=[1.0, 0.16, 0.0, 0.0, 0.0, 0.0, 0.0, 0.0, 0.0]
Recall=[0.44, 1.0, 0.0, 0.0, 0.0, 0.0, 0.0, 0.0, 0.0]
INFO : F1_score=[0.61, 0.28, 0.0, 0.0, 0.0, 0.0, 0.0, 0.0, 0.0]
INFO : confusion_matrix=
[[ 7  9  0  0  0  0  0  0  0]
 [ 0 15  0  0  0  0  0  0  0]
 [ 0 13  0  0  0  0  0  0  0]
 [ 0 13  0  0  0  0  0  0  0]
 [ 0 12  0  0  0  0  0  0  0]
 [ 0 10  0  0  0  0  0  0  0]
 [ 0  9  0  0  0  0  0  0  0]
 [ 0  6  0  0  0  0  0  0  0]
 [ 0  6  0  0  0  0  0  0  0]]
INFO : Training sample: 	 10/ 100 ...
INFO : Training sample: 	 20/ 100 ...
INFO : Training sample: 	 30/ 100 ...
INFO : Training sample: 	 40/ 100 ...
INFO : Training sample: 	 50/ 100 ...
INFO : Training sample: 	 60/ 100 ...
INFO : Training sample: 	 70/ 100 ...
INFO : Training sample: 	 80/ 100 ...
INFO : Training sample: 	 90/ 100 ...
INFO : Training sample: 	 100/ 100 ...
INFO : Loss=2.1 ; accuracy=0.33
INFO : precision=[1.0, 0.18, 0.0, 0.0, 0.0, 1.0, 0.0, 0.0, 0.0]
Recall=[1.0, 1.0, 0.0, 0.0, 0.0, 0.2, 0.0, 0.0, 0.0]
INFO : F1_score=[1.0, 0.31, 0.0, 0.0, 0.0, 0.33, 0.0, 0.0, 0.0]
INFO : confusion_matrix=
[[16  0  0  0  0  0  0  0  0]
 [ 0 15  0  0  0  0  0  0  0]
 [ 0 13  0  0  0  0  0  0  0]
 [ 0 13  0  0  0  0  0  0  0]
 [ 0 12  0  0  0  0  0  0  0]
 [ 0  8  0  0  0  2  0  0  0]
 [ 0  9  0  0  0  0  0  0  0]
 [ 0  6  0  0  0  0  0  0  0]
 [ 0  6  0  0  0  0  0  0  0]]
INFO : Training sample: 	 10/ 100 ...
INFO : Training sample: 	 20/ 100 ...
INFO : Training sample: 	 30/ 100 ...
INFO : Training sample: 	 40/ 100 ...
INFO : Training sample: 	 50/ 100 ...
INFO : Training sample: 	 60/ 100 ...
INFO : Training sample: 	 70/ 100 ...
INFO : Training sample: 	 80/ 100 ...
INFO : Training sample: 	 90/ 100 ...
INFO : Training sample: 	 100/ 100 ...
INFO : Loss=2.09 ; accuracy=0.4
INFO : precision=[1.0, 0.2, 1.0, 1.0, 0.0, 1.0, 0.0, 0.0, 0.0]
Recall=[1.0, 1.0, 0.08, 0.31, 0.0, 0.4, 0.0, 0.0, 0.0]
INFO : F1_score=[1.0, 0.33, 0.14, 0.47, 0.0, 0.57, 0.0, 0.0, 0.0]
INFO : confusion_matrix=
[[16  0  0  0  0  0  0  0  0]
 [ 0 15  0  0  0  0  0  0  0]
 [ 0 12  1  0  0  0  0  0  0]
 [ 0  9  0  4  0  0  0  0  0]
 [ 0 12  0  0  0  0  0  0  0]
 [ 0  6  0  0  0  4  0  0  0]
 [ 0  9  0  0  0  0  0  0  0]
 [ 0  6  0  0  0  0  0  0  0]
 [ 0  6  0  0  0  0  0  0  0]]
INFO : Training sample: 	 10/ 100 ...
INFO : Training sample: 	 20/ 100 ...
INFO : Training sample: 	 30/ 100 ...
INFO : Training sample: 	 40/ 100 ...
INFO : Training sample: 	 50/ 100 ...
INFO : Training sample: 	 60/ 100 ...
INFO : Training sample: 	 70/ 100 ...
INFO : Training sample: 	 80/ 100 ...
INFO : Training sample: 	 90/ 100 ...
INFO : Training sample: 	 100/ 100 ...
INFO : Loss=2.07 ; accuracy=0.52
INFO : precision=[1.0, 0.24, 1.0, 1.0, 1.0, 1.0, 0.0, 0.0, 0.0]
Recall=[1.0, 1.0, 0.15, 0.77, 0.17, 0.7, 0.0, 0.0, 0.0]
INFO : F1_score=[1.0, 0.38, 0.27, 0.87, 0.29, 0.82, 0.0, 0.0, 0.0]
INFO : confusion_matrix=
[[16  0  0  0  0  0  0  0  0]
 [ 0 15  0  0  0  0  0  0  0]
 [ 0 11  2  0  0  0  0  0  0]
 [ 0  3  0 10  0  0  0  0  0]
 [ 0 10  0  0  2  0  0  0  0]
 [ 0  3  0  0  0  7  0  0  0]
 [ 0  9  0  0  0  0  0  0  0]
 [ 0  6  0  0  0  0  0  0  0]
 [ 0  6  0  0  0  0  0  0  0]]
INFO : Training sample: 	 10/ 100 ...
INFO : Training sample: 	 20/ 100 ...
INFO : Training sample: 	 30/ 100 ...
INFO : Training sample: 	 40/ 100 ...
INFO : Training sample: 	 50/ 100 ...
INFO : Training sample: 	 60/ 100 ...
INFO : Training sample: 	 70/ 100 ...
INFO : Training sample: 	 80/ 100 ...
INFO : Training sample: 	 90/ 100 ...
INFO : Training sample: 	 100/ 100 ...
INFO : Loss=2.04 ; accuracy=0.63
INFO : precision=[1.0, 0.29, 1.0, 1.0, 1.0, 1.0, 0.0, 0.0, 0.0]
Recall=[1.0, 1.0, 0.46, 0.92, 0.5, 0.8, 0.0, 0.0, 0.0]
INFO : F1_score=[1.0, 0.45, 0.63, 0.96, 0.67, 0.89, 0.0, 0.0, 0.0]
INFO : confusion_matrix=
[[16  0  0  0  0  0  0  0  0]
 [ 0 15  0  0  0  0  0  0  0]
 [ 0  7  6  0  0  0  0  0  0]
 [ 0  1  0 12  0  0  0  0  0]
 [ 0  6  0  0  6  0  0  0  0]
 [ 0  2  0  0  0  8  0  0  0]
 [ 0  9  0  0  0  0  0  0  0]
 [ 0  6  0  0  0  0  0  0  0]
 [ 0  6  0  0  0  0  0  0  0]]
INFO : Training sample: 	 10/ 100 ...
INFO : Training sample: 	 20/ 100 ...
INFO : Training sample: 	 30/ 100 ...
INFO : Training sample: 	 40/ 100 ...
INFO : Training sample: 	 50/ 100 ...
INFO : Training sample: 	 60/ 100 ...
INFO : Training sample: 	 70/ 100 ...
INFO : Training sample: 	 80/ 100 ...
INFO : Training sample: 	 90/ 100 ...
INFO : Training sample: 	 100/ 100 ...
INFO : Loss=2.02 ; accuracy=0.74
INFO : precision=[1.0, 0.37, 1.0, 1.0, 1.0, 1.0, 0.0, 0.0, 0.0]
Recall=[1.0, 1.0, 0.77, 1.0, 0.92, 0.9, 0.0, 0.0, 0.0]
INFO : F1_score=[1.0, 0.54, 0.87, 1.0, 0.96, 0.95, 0.0, 0.0, 0.0]
INFO : confusion_matrix=
[[16  0  0  0  0  0  0  0  0]
 [ 0 15  0  0  0  0  0  0  0]
 [ 0  3 10  0  0  0  0  0  0]
 [ 0  0  0 13  0  0  0  0  0]
 [ 0  1  0  0 11  0  0  0  0]
 [ 0  1  0  0  0  9  0  0  0]
 [ 0  9  0  0  0  0  0  0  0]
 [ 0  6  0  0  0  0  0  0  0]
 [ 0  6  0  0  0  0  0  0  0]]
INFO : Training sample: 	 10/ 100 ...
INFO : Training sample: 	 20/ 100 ...
INFO : Training sample: 	 30/ 100 ...
INFO : Training sample: 	 40/ 100 ...
INFO : Training sample: 	 50/ 100 ...
INFO : Training sample: 	 60/ 100 ...
INFO : Training sample: 	 70/ 100 ...
INFO : Training sample: 	 80/ 100 ...
INFO : Training sample: 	 90/ 100 ...
INFO : Training sample: 	 100/ 100 ...
INFO : Loss=2.0 ; accuracy=0.79
INFO : precision=[1.0, 0.42, 1.0, 1.0, 1.0, 1.0, 0.0, 0.0, 0.0]
Recall=[1.0, 1.0, 1.0, 1.0, 1.0, 1.0, 0.0, 0.0, 0.0]
INFO : F1_score=[1.0, 0.59, 1.0, 1.0, 1.0, 1.0, 0.0, 0.0, 0.0]
INFO : confusion_matrix=
[[16  0  0  0  0  0  0  0  0]
 [ 0 15  0  0  0  0  0  0  0]
 [ 0  0 13  0  0  0  0  0  0]
 [ 0  0  0 13  0  0  0  0  0]
 [ 0  0  0  0 12  0  0  0  0]
 [ 0  0  0  0  0 10  0  0  0]
 [ 0  9  0  0  0  0  0  0  0]
 [ 0  6  0  0  0  0  0  0  0]
 [ 0  6  0  0  0  0  0  0  0]]
INFO : Training sample: 	 10/ 100 ...
INFO : Training sample: 	 20/ 100 ...
INFO : Training sample: 	 30/ 100 ...
INFO : Training sample: 	 40/ 100 ...
INFO : Training sample: 	 50/ 100 ...
INFO : Training sample: 	 60/ 100 ...
INFO : Training sample: 	 70/ 100 ...
INFO : Training sample: 	 80/ 100 ...
INFO : Training sample: 	 90/ 100 ...
INFO : Training sample: 	 100/ 100 ...
INFO : Loss=1.97 ; accuracy=0.79
INFO : precision=[1.0, 0.42, 1.0, 1.0, 1.0, 1.0, 0.0, 0.0, 0.0]
Recall=[1.0, 1.0, 1.0, 1.0, 1.0, 1.0, 0.0, 0.0, 0.0]
INFO : F1_score=[1.0, 0.59, 1.0, 1.0, 1.0, 1.0, 0.0, 0.0, 0.0]
INFO : confusion_matrix=
[[16  0  0  0  0  0  0  0  0]
 [ 0 15  0  0  0  0  0  0  0]
 [ 0  0 13  0  0  0  0  0  0]
 [ 0  0  0 13  0  0  0  0  0]
 [ 0  0  0  0 12  0  0  0  0]
 [ 0  0  0  0  0 10  0  0  0]
 [ 0  9  0  0  0  0  0  0  0]
 [ 0  6  0  0  0  0  0  0  0]
 [ 0  6  0  0  0  0  0  0  0]]
INFO : Training sample: 	 10/ 100 ...
INFO : Training sample: 	 20/ 100 ...
INFO : Training sample: 	 30/ 100 ...
INFO : Training sample: 	 40/ 100 ...
INFO : Training sample: 	 50/ 100 ...
INFO : Training sample: 	 60/ 100 ...
INFO : Training sample: 	 70/ 100 ...
INFO : Training sample: 	 80/ 100 ...
INFO : Training sample: 	 90/ 100 ...
INFO : Training sample: 	 100/ 100 ...
INFO : Loss=1.94 ; accuracy=0.79
INFO : precision=[1.0, 0.42, 1.0, 1.0, 1.0, 1.0, 0.0, 0.0, 0.0]
Recall=[1.0, 1.0, 1.0, 1.0, 1.0, 1.0, 0.0, 0.0, 0.0]
INFO : F1_score=[1.0, 0.59, 1.0, 1.0, 1.0, 1.0, 0.0, 0.0, 0.0]
INFO : confusion_matrix=
[[16  0  0  0  0  0  0  0  0]
 [ 0 15  0  0  0  0  0  0  0]
 [ 0  0 13  0  0  0  0  0  0]
 [ 0  0  0 13  0  0  0  0  0]
 [ 0  0  0  0 12  0  0  0  0]
 [ 0  0  0  0  0 10  0  0  0]
 [ 0  9  0  0  0  0  0  0  0]
 [ 0  6  0  0  0  0  0  0  0]
 [ 0  6  0  0  0  0  0  0  0]]
INFO : Training sample: 	 10/ 100 ...
INFO : Training sample: 	 20/ 100 ...
INFO : Training sample: 	 30/ 100 ...
INFO : Training sample: 	 40/ 100 ...
INFO : Training sample: 	 50/ 100 ...
INFO : Training sample: 	 60/ 100 ...
INFO : Training sample: 	 70/ 100 ...
INFO : Training sample: 	 80/ 100 ...
INFO : Training sample: 	 90/ 100 ...
INFO : Training sample: 	 100/ 100 ...
INFO : Loss=1.9 ; accuracy=0.79
INFO : precision=[1.0, 0.42, 1.0, 1.0, 1.0, 1.0, 0.0, 0.0, 0.0]
Recall=[1.0, 1.0, 1.0, 1.0, 1.0, 1.0, 0.0, 0.0, 0.0]
INFO : F1_score=[1.0, 0.59, 1.0, 1.0, 1.0, 1.0, 0.0, 0.0, 0.0]
INFO : confusion_matrix=
[[16  0  0  0  0  0  0  0  0]
 [ 0 15  0  0  0  0  0  0  0]
 [ 0  0 13  0  0  0  0  0  0]
 [ 0  0  0 13  0  0  0  0  0]
 [ 0  0  0  0 12  0  0  0  0]
 [ 0  0  0  0  0 10  0  0  0]
 [ 0  9  0  0  0  0  0  0  0]
 [ 0  6  0  0  0  0  0  0  0]
 [ 0  6  0  0  0  0  0  0  0]]
INFO : Training sample: 	 10/ 100 ...
INFO : Training sample: 	 20/ 100 ...
INFO : Training sample: 	 30/ 100 ...
INFO : Training sample: 	 40/ 100 ...
INFO : Training sample: 	 50/ 100 ...
INFO : Training sample: 	 60/ 100 ...
INFO : Training sample: 	 70/ 100 ...
INFO : Training sample: 	 80/ 100 ...
INFO : Training sample: 	 90/ 100 ...
INFO : Training sample: 	 100/ 100 ...
INFO : Loss=1.87 ; accuracy=0.79
INFO : precision=[1.0, 0.42, 1.0, 1.0, 1.0, 1.0, 0.0, 0.0, 0.0]
Recall=[1.0, 1.0, 1.0, 1.0, 1.0, 1.0, 0.0, 0.0, 0.0]
INFO : F1_score=[1.0, 0.59, 1.0, 1.0, 1.0, 1.0, 0.0, 0.0, 0.0]
INFO : confusion_matrix=
[[16  0  0  0  0  0  0  0  0]
 [ 0 15  0  0  0  0  0  0  0]
 [ 0  0 13  0  0  0  0  0  0]
 [ 0  0  0 13  0  0  0  0  0]
 [ 0  0  0  0 12  0  0  0  0]
 [ 0  0  0  0  0 10  0  0  0]
 [ 0  9  0  0  0  0  0  0  0]
 [ 0  6  0  0  0  0  0  0  0]
 [ 0  6  0  0  0  0  0  0  0]]
INFO : Training sample: 	 10/ 100 ...
INFO : Training sample: 	 20/ 100 ...
INFO : Training sample: 	 30/ 100 ...
INFO : Training sample: 	 40/ 100 ...
INFO : Training sample: 	 50/ 100 ...
INFO : Training sample: 	 60/ 100 ...
INFO : Training sample: 	 70/ 100 ...
INFO : Training sample: 	 80/ 100 ...
INFO : Training sample: 	 90/ 100 ...
INFO : Training sample: 	 100/ 100 ...
INFO : Loss=1.83 ; accuracy=0.8
INFO : precision=[1.0, 0.43, 1.0, 1.0, 1.0, 1.0, 1.0, 0.0, 0.0]
Recall=[1.0, 1.0, 1.0, 1.0, 1.0, 1.0, 0.11, 0.0, 0.0]
INFO : F1_score=[1.0, 0.6, 1.0, 1.0, 1.0, 1.0, 0.2, 0.0, 0.0]
INFO : confusion_matrix=
[[16  0  0  0  0  0  0  0  0]
 [ 0 15  0  0  0  0  0  0  0]
 [ 0  0 13  0  0  0  0  0  0]
 [ 0  0  0 13  0  0  0  0  0]
 [ 0  0  0  0 12  0  0  0  0]
 [ 0  0  0  0  0 10  0  0  0]
 [ 0  8  0  0  0  0  1  0  0]
 [ 0  6  0  0  0  0  0  0  0]
 [ 0  6  0  0  0  0  0  0  0]]
INFO : Training sample: 	 10/ 100 ...
INFO : Training sample: 	 20/ 100 ...
INFO : Training sample: 	 30/ 100 ...
INFO : Training sample: 	 40/ 100 ...
INFO : Training sample: 	 50/ 100 ...
INFO : Training sample: 	 60/ 100 ...
INFO : Training sample: 	 70/ 100 ...
INFO : Training sample: 	 80/ 100 ...
INFO : Training sample: 	 90/ 100 ...
INFO : Training sample: 	 100/ 100 ...
INFO : Loss=1.78 ; accuracy=0.83
INFO : precision=[1.0, 0.47, 1.0, 1.0, 1.0, 1.0, 1.0, 0.0, 0.0]
Recall=[1.0, 1.0, 1.0, 1.0, 1.0, 1.0, 0.44, 0.0, 0.0]
INFO : F1_score=[1.0, 0.64, 1.0, 1.0, 1.0, 1.0, 0.62, 0.0, 0.0]
INFO : confusion_matrix=
[[16  0  0  0  0  0  0  0  0]
 [ 0 15  0  0  0  0  0  0  0]
 [ 0  0 13  0  0  0  0  0  0]
 [ 0  0  0 13  0  0  0  0  0]
 [ 0  0  0  0 12  0  0  0  0]
 [ 0  0  0  0  0 10  0  0  0]
 [ 0  5  0  0  0  0  4  0  0]
 [ 0  6  0  0  0  0  0  0  0]
 [ 0  6  0  0  0  0  0  0  0]]
INFO : Training sample: 	 10/ 100 ...
INFO : Training sample: 	 20/ 100 ...
INFO : Training sample: 	 30/ 100 ...
INFO : Training sample: 	 40/ 100 ...
INFO : Training sample: 	 50/ 100 ...
INFO : Training sample: 	 60/ 100 ...
INFO : Training sample: 	 70/ 100 ...
INFO : Training sample: 	 80/ 100 ...
INFO : Training sample: 	 90/ 100 ...
INFO : Training sample: 	 100/ 100 ...
INFO : Loss=1.74 ; accuracy=0.87
INFO : precision=[1.0, 0.54, 1.0, 1.0, 1.0, 1.0, 1.0, 0.0, 0.0]
Recall=[1.0, 1.0, 1.0, 1.0, 1.0, 1.0, 0.89, 0.0, 0.0]
INFO : F1_score=[1.0, 0.7, 1.0, 1.0, 1.0, 1.0, 0.94, 0.0, 0.0]
INFO : confusion_matrix=
[[16  0  0  0  0  0  0  0  0]
 [ 0 15  0  0  0  0  0  0  0]
 [ 0  0 13  0  0  0  0  0  0]
 [ 0  0  0 13  0  0  0  0  0]
 [ 0  0  0  0 12  0  0  0  0]
 [ 0  0  0  0  0 10  0  0  0]
 [ 0  1  0  0  0  0  8  0  0]
 [ 0  6  0  0  0  0  0  0  0]
 [ 0  6  0  0  0  0  0  0  0]]
INFO : Training sample: 	 10/ 100 ...
INFO : Training sample: 	 20/ 100 ...
INFO : Training sample: 	 30/ 100 ...
INFO : Training sample: 	 40/ 100 ...
INFO : Training sample: 	 50/ 100 ...
INFO : Training sample: 	 60/ 100 ...
INFO : Training sample: 	 70/ 100 ...
INFO : Training sample: 	 80/ 100 ...
INFO : Training sample: 	 90/ 100 ...
INFO : Training sample: 	 100/ 100 ...
INFO : Loss=1.69 ; accuracy=0.88
INFO : precision=[1.0, 0.56, 1.0, 1.0, 1.0, 1.0, 1.0, 0.0, 0.0]
Recall=[1.0, 1.0, 1.0, 1.0, 1.0, 1.0, 1.0, 0.0, 0.0]
INFO : F1_score=[1.0, 0.71, 1.0, 1.0, 1.0, 1.0, 1.0, 0.0, 0.0]
INFO : confusion_matrix=
[[16  0  0  0  0  0  0  0  0]
 [ 0 15  0  0  0  0  0  0  0]
 [ 0  0 13  0  0  0  0  0  0]
 [ 0  0  0 13  0  0  0  0  0]
 [ 0  0  0  0 12  0  0  0  0]
 [ 0  0  0  0  0 10  0  0  0]
 [ 0  0  0  0  0  0  9  0  0]
 [ 0  6  0  0  0  0  0  0  0]
 [ 0  6  0  0  0  0  0  0  0]]
INFO : Training sample: 	 10/ 100 ...
INFO : Training sample: 	 20/ 100 ...
INFO : Training sample: 	 30/ 100 ...
INFO : Training sample: 	 40/ 100 ...
INFO : Training sample: 	 50/ 100 ...
INFO : Training sample: 	 60/ 100 ...
INFO : Training sample: 	 70/ 100 ...
INFO : Training sample: 	 80/ 100 ...
INFO : Training sample: 	 90/ 100 ...
INFO : Training sample: 	 100/ 100 ...
INFO : Loss=1.64 ; accuracy=0.89
INFO : precision=[0.94, 0.6, 1.0, 1.0, 1.0, 1.0, 1.0, 0.0, 1.0]
Recall=[1.0, 1.0, 1.0, 1.0, 1.0, 1.0, 1.0, 0.0, 0.17]
INFO : F1_score=[0.97, 0.75, 1.0, 1.0, 1.0, 1.0, 1.0, 0.0, 0.29]
INFO : confusion_matrix=
[[16  0  0  0  0  0  0  0  0]
 [ 0 15  0  0  0  0  0  0  0]
 [ 0  0 13  0  0  0  0  0  0]
 [ 0  0  0 13  0  0  0  0  0]
 [ 0  0  0  0 12  0  0  0  0]
 [ 0  0  0  0  0 10  0  0  0]
 [ 0  0  0  0  0  0  9  0  0]
 [ 1  5  0  0  0  0  0  0  0]
 [ 0  5  0  0  0  0  0  0  1]]
INFO : Training sample: 	 10/ 100 ...
INFO : Training sample: 	 20/ 100 ...
INFO : Training sample: 	 30/ 100 ...
INFO : Training sample: 	 40/ 100 ...
INFO : Training sample: 	 50/ 100 ...
INFO : Training sample: 	 60/ 100 ...
INFO : Training sample: 	 70/ 100 ...
INFO : Training sample: 	 80/ 100 ...
INFO : Training sample: 	 90/ 100 ...
INFO : Training sample: 	 100/ 100 ...
INFO : Loss=1.59 ; accuracy=0.89
INFO : precision=[0.89, 0.62, 1.0, 1.0, 1.0, 1.0, 1.0, 0.0, 1.0]
Recall=[1.0, 1.0, 1.0, 1.0, 1.0, 1.0, 1.0, 0.0, 0.17]
INFO : F1_score=[0.94, 0.77, 1.0, 1.0, 1.0, 1.0, 1.0, 0.0, 0.29]
INFO : confusion_matrix=
[[16  0  0  0  0  0  0  0  0]
 [ 0 15  0  0  0  0  0  0  0]
 [ 0  0 13  0  0  0  0  0  0]
 [ 0  0  0 13  0  0  0  0  0]
 [ 0  0  0  0 12  0  0  0  0]
 [ 0  0  0  0  0 10  0  0  0]
 [ 0  0  0  0  0  0  9  0  0]
 [ 2  4  0  0  0  0  0  0  0]
 [ 0  5  0  0  0  0  0  0  1]]
INFO : Training sample: 	 10/ 100 ...
INFO : Training sample: 	 20/ 100 ...
INFO : Training sample: 	 30/ 100 ...
INFO : Training sample: 	 40/ 100 ...
INFO : Training sample: 	 50/ 100 ...
INFO : Training sample: 	 60/ 100 ...
INFO : Training sample: 	 70/ 100 ...
INFO : Training sample: 	 80/ 100 ...
INFO : Training sample: 	 90/ 100 ...
INFO : Training sample: 	 100/ 100 ...
INFO : Loss=1.53 ; accuracy=0.93
INFO : precision=[0.89, 0.75, 1.0, 1.0, 1.0, 1.0, 1.0, 1.0, 1.0]
Recall=[1.0, 1.0, 1.0, 1.0, 1.0, 1.0, 1.0, 0.17, 0.67]
INFO : F1_score=[0.94, 0.86, 1.0, 1.0, 1.0, 1.0, 1.0, 0.29, 0.8]
INFO : confusion_matrix=
[[16  0  0  0  0  0  0  0  0]
 [ 0 15  0  0  0  0  0  0  0]
 [ 0  0 13  0  0  0  0  0  0]
 [ 0  0  0 13  0  0  0  0  0]
 [ 0  0  0  0 12  0  0  0  0]
 [ 0  0  0  0  0 10  0  0  0]
 [ 0  0  0  0  0  0  9  0  0]
 [ 2  3  0  0  0  0  0  1  0]
 [ 0  2  0  0  0  0  0  0  4]]
INFO : Training sample: 	 10/ 100 ...
INFO : Training sample: 	 20/ 100 ...
INFO : Training sample: 	 30/ 100 ...
INFO : Training sample: 	 40/ 100 ...
INFO : Training sample: 	 50/ 100 ...
INFO : Training sample: 	 60/ 100 ...
INFO : Training sample: 	 70/ 100 ...
INFO : Training sample: 	 80/ 100 ...
INFO : Training sample: 	 90/ 100 ...
INFO : Training sample: 	 100/ 100 ...
INFO : Loss=1.48 ; accuracy=0.97
INFO : precision=[0.89, 0.94, 1.0, 1.0, 1.0, 1.0, 1.0, 1.0, 1.0]
Recall=[1.0, 1.0, 1.0, 1.0, 1.0, 1.0, 1.0, 0.5, 1.0]
INFO : F1_score=[0.94, 0.97, 1.0, 1.0, 1.0, 1.0, 1.0, 0.67, 1.0]
INFO : confusion_matrix=
[[16  0  0  0  0  0  0  0  0]
 [ 0 15  0  0  0  0  0  0  0]
 [ 0  0 13  0  0  0  0  0  0]
 [ 0  0  0 13  0  0  0  0  0]
 [ 0  0  0  0 12  0  0  0  0]
 [ 0  0  0  0  0 10  0  0  0]
 [ 0  0  0  0  0  0  9  0  0]
 [ 2  1  0  0  0  0  0  3  0]
 [ 0  0  0  0  0  0  0  0  6]]
INFO : Training sample: 	 10/ 100 ...
INFO : Training sample: 	 20/ 100 ...
INFO : Training sample: 	 30/ 100 ...
INFO : Training sample: 	 40/ 100 ...
INFO : Training sample: 	 50/ 100 ...
INFO : Training sample: 	 60/ 100 ...
INFO : Training sample: 	 70/ 100 ...
INFO : Training sample: 	 80/ 100 ...
INFO : Training sample: 	 90/ 100 ...
INFO : Training sample: 	 100/ 100 ...
INFO : Loss=1.42 ; accuracy=0.98
INFO : precision=[0.94, 0.94, 1.0, 1.0, 1.0, 1.0, 1.0, 1.0, 1.0]
Recall=[1.0, 1.0, 1.0, 1.0, 1.0, 1.0, 1.0, 0.67, 1.0]
INFO : F1_score=[0.97, 0.97, 1.0, 1.0, 1.0, 1.0, 1.0, 0.8, 1.0]
INFO : confusion_matrix=
[[16  0  0  0  0  0  0  0  0]
 [ 0 15  0  0  0  0  0  0  0]
 [ 0  0 13  0  0  0  0  0  0]
 [ 0  0  0 13  0  0  0  0  0]
 [ 0  0  0  0 12  0  0  0  0]
 [ 0  0  0  0  0 10  0  0  0]
 [ 0  0  0  0  0  0  9  0  0]
 [ 1  1  0  0  0  0  0  4  0]
 [ 0  0  0  0  0  0  0  0  6]]
INFO : Training sample: 	 10/ 100 ...
INFO : Training sample: 	 20/ 100 ...
INFO : Training sample: 	 30/ 100 ...
INFO : Training sample: 	 40/ 100 ...
INFO : Training sample: 	 50/ 100 ...
INFO : Training sample: 	 60/ 100 ...
INFO : Training sample: 	 70/ 100 ...
INFO : Training sample: 	 80/ 100 ...
INFO : Training sample: 	 90/ 100 ...
INFO : Training sample: 	 100/ 100 ...
INFO : Loss=1.36 ; accuracy=1.0
INFO : precision=[1.0, 1.0, 1.0, 1.0, 1.0, 1.0, 1.0, 1.0, 1.0]
Recall=[1.0, 1.0, 1.0, 1.0, 1.0, 1.0, 1.0, 1.0, 1.0]
INFO : F1_score=[1.0, 1.0, 1.0, 1.0, 1.0, 1.0, 1.0, 1.0, 1.0]
INFO : confusion_matrix=
[[16  0  0  0  0  0  0  0  0]
 [ 0 15  0  0  0  0  0  0  0]
 [ 0  0 13  0  0  0  0  0  0]
 [ 0  0  0 13  0  0  0  0  0]
 [ 0  0  0  0 12  0  0  0  0]
 [ 0  0  0  0  0 10  0  0  0]
 [ 0  0  0  0  0  0  9  0  0]
 [ 0  0  0  0  0  0  0  6  0]
 [ 0  0  0  0  0  0  0  0  6]]
INFO : Training sample: 	 10/ 100 ...
INFO : Training sample: 	 20/ 100 ...
INFO : Training sample: 	 30/ 100 ...
INFO : Training sample: 	 40/ 100 ...
INFO : Training sample: 	 50/ 100 ...
INFO : Training sample: 	 60/ 100 ...
INFO : Training sample: 	 70/ 100 ...
INFO : Training sample: 	 80/ 100 ...
INFO : Training sample: 	 90/ 100 ...
INFO : Training sample: 	 100/ 100 ...
INFO : Loss=1.29 ; accuracy=1.0
INFO : precision=[1.0, 1.0, 1.0, 1.0, 1.0, 1.0, 1.0, 1.0, 1.0]
Recall=[1.0, 1.0, 1.0, 1.0, 1.0, 1.0, 1.0, 1.0, 1.0]
INFO : F1_score=[1.0, 1.0, 1.0, 1.0, 1.0, 1.0, 1.0, 1.0, 1.0]
INFO : confusion_matrix=
[[16  0  0  0  0  0  0  0  0]
 [ 0 15  0  0  0  0  0  0  0]
 [ 0  0 13  0  0  0  0  0  0]
 [ 0  0  0 13  0  0  0  0  0]
 [ 0  0  0  0 12  0  0  0  0]
 [ 0  0  0  0  0 10  0  0  0]
 [ 0  0  0  0  0  0  9  0  0]
 [ 0  0  0  0  0  0  0  6  0]
 [ 0  0  0  0  0  0  0  0  6]]
INFO : Training sample: 	 10/ 100 ...
INFO : Training sample: 	 20/ 100 ...
INFO : Training sample: 	 30/ 100 ...
INFO : Training sample: 	 40/ 100 ...
INFO : Training sample: 	 50/ 100 ...
INFO : Training sample: 	 60/ 100 ...
INFO : Training sample: 	 70/ 100 ...
INFO : Training sample: 	 80/ 100 ...
INFO : Training sample: 	 90/ 100 ...
INFO : Training sample: 	 100/ 100 ...
INFO : Loss=1.23 ; accuracy=1.0
INFO : precision=[1.0, 1.0, 1.0, 1.0, 1.0, 1.0, 1.0, 1.0, 1.0]
Recall=[1.0, 1.0, 1.0, 1.0, 1.0, 1.0, 1.0, 1.0, 1.0]
INFO : F1_score=[1.0, 1.0, 1.0, 1.0, 1.0, 1.0, 1.0, 1.0, 1.0]
INFO : confusion_matrix=
[[16  0  0  0  0  0  0  0  0]
 [ 0 15  0  0  0  0  0  0  0]
 [ 0  0 13  0  0  0  0  0  0]
 [ 0  0  0 13  0  0  0  0  0]
 [ 0  0  0  0 12  0  0  0  0]
 [ 0  0  0  0  0 10  0  0  0]
 [ 0  0  0  0  0  0  9  0  0]
 [ 0  0  0  0  0  0  0  6  0]
 [ 0  0  0  0  0  0  0  0  6]]
INFO : Training sample: 	 10/ 100 ...
INFO : Training sample: 	 20/ 100 ...
INFO : Training sample: 	 30/ 100 ...
INFO : Training sample: 	 40/ 100 ...
INFO : Training sample: 	 50/ 100 ...
INFO : Training sample: 	 60/ 100 ...
INFO : Training sample: 	 70/ 100 ...
INFO : Training sample: 	 80/ 100 ...
INFO : Training sample: 	 90/ 100 ...
INFO : Training sample: 	 100/ 100 ...
INFO : Loss=1.16 ; accuracy=1.0
INFO : precision=[1.0, 1.0, 1.0, 1.0, 1.0, 1.0, 1.0, 1.0, 1.0]
Recall=[1.0, 1.0, 1.0, 1.0, 1.0, 1.0, 1.0, 1.0, 1.0]
INFO : F1_score=[1.0, 1.0, 1.0, 1.0, 1.0, 1.0, 1.0, 1.0, 1.0]
INFO : confusion_matrix=
[[16  0  0  0  0  0  0  0  0]
 [ 0 15  0  0  0  0  0  0  0]
 [ 0  0 13  0  0  0  0  0  0]
 [ 0  0  0 13  0  0  0  0  0]
 [ 0  0  0  0 12  0  0  0  0]
 [ 0  0  0  0  0 10  0  0  0]
 [ 0  0  0  0  0  0  9  0  0]
 [ 0  0  0  0  0  0  0  6  0]
 [ 0  0  0  0  0  0  0  0  6]]
INFO : Training sample: 	 10/ 100 ...
INFO : Training sample: 	 20/ 100 ...
INFO : Training sample: 	 30/ 100 ...
INFO : Training sample: 	 40/ 100 ...
INFO : Training sample: 	 50/ 100 ...
INFO : Training sample: 	 60/ 100 ...
INFO : Training sample: 	 70/ 100 ...
INFO : Training sample: 	 80/ 100 ...
INFO : Training sample: 	 90/ 100 ...
INFO : Training sample: 	 100/ 100 ...
INFO : Loss=1.1 ; accuracy=1.0
INFO : precision=[1.0, 1.0, 1.0, 1.0, 1.0, 1.0, 1.0, 1.0, 1.0]
Recall=[1.0, 1.0, 1.0, 1.0, 1.0, 1.0, 1.0, 1.0, 1.0]
INFO : F1_score=[1.0, 1.0, 1.0, 1.0, 1.0, 1.0, 1.0, 1.0, 1.0]
INFO : confusion_matrix=
[[16  0  0  0  0  0  0  0  0]
 [ 0 15  0  0  0  0  0  0  0]
 [ 0  0 13  0  0  0  0  0  0]
 [ 0  0  0 13  0  0  0  0  0]
 [ 0  0  0  0 12  0  0  0  0]
 [ 0  0  0  0  0 10  0  0  0]
 [ 0  0  0  0  0  0  9  0  0]
 [ 0  0  0  0  0  0  0  6  0]
 [ 0  0  0  0  0  0  0  0  6]]
INFO : Training sample: 	 10/ 100 ...
INFO : Training sample: 	 20/ 100 ...
INFO : Training sample: 	 30/ 100 ...
INFO : Training sample: 	 40/ 100 ...
INFO : Training sample: 	 50/ 100 ...
INFO : Training sample: 	 60/ 100 ...
INFO : Training sample: 	 70/ 100 ...
INFO : Training sample: 	 80/ 100 ...
INFO : Training sample: 	 90/ 100 ...
INFO : Training sample: 	 100/ 100 ...
INFO : Loss=1.03 ; accuracy=1.0
INFO : precision=[1.0, 1.0, 1.0, 1.0, 1.0, 1.0, 1.0, 1.0, 1.0]
Recall=[1.0, 1.0, 1.0, 1.0, 1.0, 1.0, 1.0, 1.0, 1.0]
INFO : F1_score=[1.0, 1.0, 1.0, 1.0, 1.0, 1.0, 1.0, 1.0, 1.0]
INFO : confusion_matrix=
[[16  0  0  0  0  0  0  0  0]
 [ 0 15  0  0  0  0  0  0  0]
 [ 0  0 13  0  0  0  0  0  0]
 [ 0  0  0 13  0  0  0  0  0]
 [ 0  0  0  0 12  0  0  0  0]
 [ 0  0  0  0  0 10  0  0  0]
 [ 0  0  0  0  0  0  9  0  0]
 [ 0  0  0  0  0  0  0  6  0]
 [ 0  0  0  0  0  0  0  0  6]]
INFO : Training sample: 	 10/ 100 ...
INFO : Training sample: 	 20/ 100 ...
INFO : Training sample: 	 30/ 100 ...
INFO : Training sample: 	 40/ 100 ...
INFO : Training sample: 	 50/ 100 ...
INFO : Training sample: 	 60/ 100 ...
INFO : Training sample: 	 70/ 100 ...
INFO : Training sample: 	 80/ 100 ...
INFO : Training sample: 	 90/ 100 ...
INFO : Training sample: 	 100/ 100 ...
INFO : Loss=0.97 ; accuracy=1.0
INFO : precision=[1.0, 1.0, 1.0, 1.0, 1.0, 1.0, 1.0, 1.0, 1.0]
Recall=[1.0, 1.0, 1.0, 1.0, 1.0, 1.0, 1.0, 1.0, 1.0]
INFO : F1_score=[1.0, 1.0, 1.0, 1.0, 1.0, 1.0, 1.0, 1.0, 1.0]
INFO : confusion_matrix=
[[16  0  0  0  0  0  0  0  0]
 [ 0 15  0  0  0  0  0  0  0]
 [ 0  0 13  0  0  0  0  0  0]
 [ 0  0  0 13  0  0  0  0  0]
 [ 0  0  0  0 12  0  0  0  0]
 [ 0  0  0  0  0 10  0  0  0]
 [ 0  0  0  0  0  0  9  0  0]
 [ 0  0  0  0  0  0  0  6  0]
 [ 0  0  0  0  0  0  0  0  6]]
INFO : Training sample: 	 10/ 100 ...
INFO : Training sample: 	 20/ 100 ...
INFO : Training sample: 	 30/ 100 ...
INFO : Training sample: 	 40/ 100 ...
INFO : Training sample: 	 50/ 100 ...
INFO : Training sample: 	 60/ 100 ...
INFO : Training sample: 	 70/ 100 ...
INFO : Training sample: 	 80/ 100 ...
INFO : Training sample: 	 90/ 100 ...
INFO : Training sample: 	 100/ 100 ...
INFO : Loss=0.91 ; accuracy=1.0
INFO : precision=[1.0, 1.0, 1.0, 1.0, 1.0, 1.0, 1.0, 1.0, 1.0]
Recall=[1.0, 1.0, 1.0, 1.0, 1.0, 1.0, 1.0, 1.0, 1.0]
INFO : F1_score=[1.0, 1.0, 1.0, 1.0, 1.0, 1.0, 1.0, 1.0, 1.0]
INFO : confusion_matrix=
[[16  0  0  0  0  0  0  0  0]
 [ 0 15  0  0  0  0  0  0  0]
 [ 0  0 13  0  0  0  0  0  0]
 [ 0  0  0 13  0  0  0  0  0]
 [ 0  0  0  0 12  0  0  0  0]
 [ 0  0  0  0  0 10  0  0  0]
 [ 0  0  0  0  0  0  9  0  0]
 [ 0  0  0  0  0  0  0  6  0]
 [ 0  0  0  0  0  0  0  0  6]]
INFO : Training sample: 	 10/ 100 ...
INFO : Training sample: 	 20/ 100 ...
INFO : Training sample: 	 30/ 100 ...
INFO : Training sample: 	 40/ 100 ...
INFO : Training sample: 	 50/ 100 ...
INFO : Training sample: 	 60/ 100 ...
INFO : Training sample: 	 70/ 100 ...
INFO : Training sample: 	 80/ 100 ...
INFO : Training sample: 	 90/ 100 ...
INFO : Training sample: 	 100/ 100 ...
INFO : Loss=0.85 ; accuracy=1.0
INFO : precision=[1.0, 1.0, 1.0, 1.0, 1.0, 1.0, 1.0, 1.0, 1.0]
Recall=[1.0, 1.0, 1.0, 1.0, 1.0, 1.0, 1.0, 1.0, 1.0]
INFO : F1_score=[1.0, 1.0, 1.0, 1.0, 1.0, 1.0, 1.0, 1.0, 1.0]
INFO : confusion_matrix=
[[16  0  0  0  0  0  0  0  0]
 [ 0 15  0  0  0  0  0  0  0]
 [ 0  0 13  0  0  0  0  0  0]
 [ 0  0  0 13  0  0  0  0  0]
 [ 0  0  0  0 12  0  0  0  0]
 [ 0  0  0  0  0 10  0  0  0]
 [ 0  0  0  0  0  0  9  0  0]
 [ 0  0  0  0  0  0  0  6  0]
 [ 0  0  0  0  0  0  0  0  6]]
INFO : Training sample: 	 10/ 100 ...
INFO : Training sample: 	 20/ 100 ...
INFO : Training sample: 	 30/ 100 ...
INFO : Training sample: 	 40/ 100 ...
INFO : Training sample: 	 50/ 100 ...
INFO : Training sample: 	 60/ 100 ...
INFO : Training sample: 	 70/ 100 ...
INFO : Training sample: 	 80/ 100 ...
INFO : Training sample: 	 90/ 100 ...
INFO : Training sample: 	 100/ 100 ...
INFO : Loss=0.79 ; accuracy=1.0
INFO : precision=[1.0, 1.0, 1.0, 1.0, 1.0, 1.0, 1.0, 1.0, 1.0]
Recall=[1.0, 1.0, 1.0, 1.0, 1.0, 1.0, 1.0, 1.0, 1.0]
INFO : F1_score=[1.0, 1.0, 1.0, 1.0, 1.0, 1.0, 1.0, 1.0, 1.0]
INFO : confusion_matrix=
[[16  0  0  0  0  0  0  0  0]
 [ 0 15  0  0  0  0  0  0  0]
 [ 0  0 13  0  0  0  0  0  0]
 [ 0  0  0 13  0  0  0  0  0]
 [ 0  0  0  0 12  0  0  0  0]
 [ 0  0  0  0  0 10  0  0  0]
 [ 0  0  0  0  0  0  9  0  0]
 [ 0  0  0  0  0  0  0  6  0]
 [ 0  0  0  0  0  0  0  0  6]]
INFO : Training sample: 	 10/ 100 ...
INFO : Training sample: 	 20/ 100 ...
INFO : Training sample: 	 30/ 100 ...
INFO : Training sample: 	 40/ 100 ...
INFO : Training sample: 	 50/ 100 ...
INFO : Training sample: 	 60/ 100 ...
INFO : Training sample: 	 70/ 100 ...
INFO : Training sample: 	 80/ 100 ...
INFO : Training sample: 	 90/ 100 ...
INFO : Training sample: 	 100/ 100 ...
INFO : Loss=0.73 ; accuracy=1.0
INFO : precision=[1.0, 1.0, 1.0, 1.0, 1.0, 1.0, 1.0, 1.0, 1.0]
Recall=[1.0, 1.0, 1.0, 1.0, 1.0, 1.0, 1.0, 1.0, 1.0]
INFO : F1_score=[1.0, 1.0, 1.0, 1.0, 1.0, 1.0, 1.0, 1.0, 1.0]
INFO : confusion_matrix=
[[16  0  0  0  0  0  0  0  0]
 [ 0 15  0  0  0  0  0  0  0]
 [ 0  0 13  0  0  0  0  0  0]
 [ 0  0  0 13  0  0  0  0  0]
 [ 0  0  0  0 12  0  0  0  0]
 [ 0  0  0  0  0 10  0  0  0]
 [ 0  0  0  0  0  0  9  0  0]
 [ 0  0  0  0  0  0  0  6  0]
 [ 0  0  0  0  0  0  0  0  6]]
INFO : Training sample: 	 10/ 100 ...
INFO : Training sample: 	 20/ 100 ...
INFO : Training sample: 	 30/ 100 ...
INFO : Training sample: 	 40/ 100 ...
INFO : Training sample: 	 50/ 100 ...
INFO : Training sample: 	 60/ 100 ...
INFO : Training sample: 	 70/ 100 ...
INFO : Training sample: 	 80/ 100 ...
INFO : Training sample: 	 90/ 100 ...
INFO : Training sample: 	 100/ 100 ...
INFO : Loss=0.67 ; accuracy=1.0
INFO : precision=[1.0, 1.0, 1.0, 1.0, 1.0, 1.0, 1.0, 1.0, 1.0]
Recall=[1.0, 1.0, 1.0, 1.0, 1.0, 1.0, 1.0, 1.0, 1.0]
INFO : F1_score=[1.0, 1.0, 1.0, 1.0, 1.0, 1.0, 1.0, 1.0, 1.0]
INFO : confusion_matrix=
[[16  0  0  0  0  0  0  0  0]
 [ 0 15  0  0  0  0  0  0  0]
 [ 0  0 13  0  0  0  0  0  0]
 [ 0  0  0 13  0  0  0  0  0]
 [ 0  0  0  0 12  0  0  0  0]
 [ 0  0  0  0  0 10  0  0  0]
 [ 0  0  0  0  0  0  9  0  0]
 [ 0  0  0  0  0  0  0  6  0]
 [ 0  0  0  0  0  0  0  0  6]]
INFO : Training sample: 	 10/ 100 ...
INFO : Training sample: 	 20/ 100 ...
INFO : Training sample: 	 30/ 100 ...
INFO : Training sample: 	 40/ 100 ...
INFO : Training sample: 	 50/ 100 ...
INFO : Training sample: 	 60/ 100 ...
INFO : Training sample: 	 70/ 100 ...
INFO : Training sample: 	 80/ 100 ...
INFO : Training sample: 	 90/ 100 ...
INFO : Training sample: 	 100/ 100 ...
INFO : Loss=0.62 ; accuracy=1.0
INFO : precision=[1.0, 1.0, 1.0, 1.0, 1.0, 1.0, 1.0, 1.0, 1.0]
Recall=[1.0, 1.0, 1.0, 1.0, 1.0, 1.0, 1.0, 1.0, 1.0]
INFO : F1_score=[1.0, 1.0, 1.0, 1.0, 1.0, 1.0, 1.0, 1.0, 1.0]
INFO : confusion_matrix=
[[16  0  0  0  0  0  0  0  0]
 [ 0 15  0  0  0  0  0  0  0]
 [ 0  0 13  0  0  0  0  0  0]
 [ 0  0  0 13  0  0  0  0  0]
 [ 0  0  0  0 12  0  0  0  0]
 [ 0  0  0  0  0 10  0  0  0]
 [ 0  0  0  0  0  0  9  0  0]
 [ 0  0  0  0  0  0  0  6  0]
 [ 0  0  0  0  0  0  0  0  6]]
INFO : Training sample: 	 10/ 100 ...
INFO : Training sample: 	 20/ 100 ...
INFO : Training sample: 	 30/ 100 ...
INFO : Training sample: 	 40/ 100 ...
INFO : Training sample: 	 50/ 100 ...
INFO : Training sample: 	 60/ 100 ...
INFO : Training sample: 	 70/ 100 ...
INFO : Training sample: 	 80/ 100 ...
INFO : Training sample: 	 90/ 100 ...
INFO : Training sample: 	 100/ 100 ...
INFO : Loss=0.57 ; accuracy=1.0
INFO : precision=[1.0, 1.0, 1.0, 1.0, 1.0, 1.0, 1.0, 1.0, 1.0]
Recall=[1.0, 1.0, 1.0, 1.0, 1.0, 1.0, 1.0, 1.0, 1.0]
INFO : F1_score=[1.0, 1.0, 1.0, 1.0, 1.0, 1.0, 1.0, 1.0, 1.0]
INFO : confusion_matrix=
[[16  0  0  0  0  0  0  0  0]
 [ 0 15  0  0  0  0  0  0  0]
 [ 0  0 13  0  0  0  0  0  0]
 [ 0  0  0 13  0  0  0  0  0]
 [ 0  0  0  0 12  0  0  0  0]
 [ 0  0  0  0  0 10  0  0  0]
 [ 0  0  0  0  0  0  9  0  0]
 [ 0  0  0  0  0  0  0  6  0]
 [ 0  0  0  0  0  0  0  0  6]]
INFO : Training sample: 	 10/ 100 ...
INFO : Training sample: 	 20/ 100 ...
INFO : Training sample: 	 30/ 100 ...
INFO : Training sample: 	 40/ 100 ...
INFO : Training sample: 	 50/ 100 ...
INFO : Training sample: 	 60/ 100 ...
INFO : Training sample: 	 70/ 100 ...
INFO : Training sample: 	 80/ 100 ...
INFO : Training sample: 	 90/ 100 ...
INFO : Training sample: 	 100/ 100 ...
INFO : Loss=0.53 ; accuracy=1.0
INFO : precision=[1.0, 1.0, 1.0, 1.0, 1.0, 1.0, 1.0, 1.0, 1.0]
Recall=[1.0, 1.0, 1.0, 1.0, 1.0, 1.0, 1.0, 1.0, 1.0]
INFO : F1_score=[1.0, 1.0, 1.0, 1.0, 1.0, 1.0, 1.0, 1.0, 1.0]
INFO : confusion_matrix=
[[16  0  0  0  0  0  0  0  0]
 [ 0 15  0  0  0  0  0  0  0]
 [ 0  0 13  0  0  0  0  0  0]
 [ 0  0  0 13  0  0  0  0  0]
 [ 0  0  0  0 12  0  0  0  0]
 [ 0  0  0  0  0 10  0  0  0]
 [ 0  0  0  0  0  0  9  0  0]
 [ 0  0  0  0  0  0  0  6  0]
 [ 0  0  0  0  0  0  0  0  6]]
INFO : Training sample: 	 10/ 100 ...
INFO : Training sample: 	 20/ 100 ...
INFO : Training sample: 	 30/ 100 ...
INFO : Training sample: 	 40/ 100 ...
INFO : Training sample: 	 50/ 100 ...
INFO : Training sample: 	 60/ 100 ...
INFO : Training sample: 	 70/ 100 ...
INFO : Training sample: 	 80/ 100 ...
INFO : Training sample: 	 90/ 100 ...
INFO : Training sample: 	 100/ 100 ...
INFO : Loss=0.48 ; accuracy=1.0
INFO : precision=[1.0, 1.0, 1.0, 1.0, 1.0, 1.0, 1.0, 1.0, 1.0]
Recall=[1.0, 1.0, 1.0, 1.0, 1.0, 1.0, 1.0, 1.0, 1.0]
INFO : F1_score=[1.0, 1.0, 1.0, 1.0, 1.0, 1.0, 1.0, 1.0, 1.0]
INFO : confusion_matrix=
[[16  0  0  0  0  0  0  0  0]
 [ 0 15  0  0  0  0  0  0  0]
 [ 0  0 13  0  0  0  0  0  0]
 [ 0  0  0 13  0  0  0  0  0]
 [ 0  0  0  0 12  0  0  0  0]
 [ 0  0  0  0  0 10  0  0  0]
 [ 0  0  0  0  0  0  9  0  0]
 [ 0  0  0  0  0  0  0  6  0]
 [ 0  0  0  0  0  0  0  0  6]]
INFO : Training sample: 	 10/ 100 ...
INFO : Training sample: 	 20/ 100 ...
INFO : Training sample: 	 30/ 100 ...
INFO : Training sample: 	 40/ 100 ...
INFO : Training sample: 	 50/ 100 ...
INFO : Training sample: 	 60/ 100 ...
INFO : Training sample: 	 70/ 100 ...
INFO : Training sample: 	 80/ 100 ...
INFO : Training sample: 	 90/ 100 ...
INFO : Training sample: 	 100/ 100 ...
INFO : Loss=0.44 ; accuracy=1.0
INFO : precision=[1.0, 1.0, 1.0, 1.0, 1.0, 1.0, 1.0, 1.0, 1.0]
Recall=[1.0, 1.0, 1.0, 1.0, 1.0, 1.0, 1.0, 1.0, 1.0]
INFO : F1_score=[1.0, 1.0, 1.0, 1.0, 1.0, 1.0, 1.0, 1.0, 1.0]
INFO : confusion_matrix=
[[16  0  0  0  0  0  0  0  0]
 [ 0 15  0  0  0  0  0  0  0]
 [ 0  0 13  0  0  0  0  0  0]
 [ 0  0  0 13  0  0  0  0  0]
 [ 0  0  0  0 12  0  0  0  0]
 [ 0  0  0  0  0 10  0  0  0]
 [ 0  0  0  0  0  0  9  0  0]
 [ 0  0  0  0  0  0  0  6  0]
 [ 0  0  0  0  0  0  0  0  6]]
INFO : Training sample: 	 10/ 100 ...
INFO : Training sample: 	 20/ 100 ...
INFO : Training sample: 	 30/ 100 ...
INFO : Training sample: 	 40/ 100 ...
INFO : Training sample: 	 50/ 100 ...
INFO : Training sample: 	 60/ 100 ...
INFO : Training sample: 	 70/ 100 ...
INFO : Training sample: 	 80/ 100 ...
INFO : Training sample: 	 90/ 100 ...
INFO : Training sample: 	 100/ 100 ...
INFO : Loss=0.4 ; accuracy=1.0
INFO : precision=[1.0, 1.0, 1.0, 1.0, 1.0, 1.0, 1.0, 1.0, 1.0]
Recall=[1.0, 1.0, 1.0, 1.0, 1.0, 1.0, 1.0, 1.0, 1.0]
INFO : F1_score=[1.0, 1.0, 1.0, 1.0, 1.0, 1.0, 1.0, 1.0, 1.0]
INFO : confusion_matrix=
[[16  0  0  0  0  0  0  0  0]
 [ 0 15  0  0  0  0  0  0  0]
 [ 0  0 13  0  0  0  0  0  0]
 [ 0  0  0 13  0  0  0  0  0]
 [ 0  0  0  0 12  0  0  0  0]
 [ 0  0  0  0  0 10  0  0  0]
 [ 0  0  0  0  0  0  9  0  0]
 [ 0  0  0  0  0  0  0  6  0]
 [ 0  0  0  0  0  0  0  0  6]]
INFO : Training sample: 	 10/ 100 ...
INFO : Training sample: 	 20/ 100 ...
INFO : Training sample: 	 30/ 100 ...
INFO : Training sample: 	 40/ 100 ...
INFO : Training sample: 	 50/ 100 ...
INFO : Training sample: 	 60/ 100 ...
INFO : Training sample: 	 70/ 100 ...
INFO : Training sample: 	 80/ 100 ...
INFO : Training sample: 	 90/ 100 ...
INFO : Training sample: 	 100/ 100 ...
INFO : Loss=0.37 ; accuracy=1.0
INFO : precision=[1.0, 1.0, 1.0, 1.0, 1.0, 1.0, 1.0, 1.0, 1.0]
Recall=[1.0, 1.0, 1.0, 1.0, 1.0, 1.0, 1.0, 1.0, 1.0]
INFO : F1_score=[1.0, 1.0, 1.0, 1.0, 1.0, 1.0, 1.0, 1.0, 1.0]
INFO : confusion_matrix=
[[16  0  0  0  0  0  0  0  0]
 [ 0 15  0  0  0  0  0  0  0]
 [ 0  0 13  0  0  0  0  0  0]
 [ 0  0  0 13  0  0  0  0  0]
 [ 0  0  0  0 12  0  0  0  0]
 [ 0  0  0  0  0 10  0  0  0]
 [ 0  0  0  0  0  0  9  0  0]
 [ 0  0  0  0  0  0  0  6  0]
 [ 0  0  0  0  0  0  0  0  6]]
INFO : Training sample: 	 10/ 100 ...
INFO : Training sample: 	 20/ 100 ...
INFO : Training sample: 	 30/ 100 ...
INFO : Training sample: 	 40/ 100 ...
INFO : Training sample: 	 50/ 100 ...
INFO : Training sample: 	 60/ 100 ...
INFO : Training sample: 	 70/ 100 ...
INFO : Training sample: 	 80/ 100 ...
INFO : Training sample: 	 90/ 100 ...
INFO : Training sample: 	 100/ 100 ...
INFO : Loss=0.34 ; accuracy=1.0
INFO : precision=[1.0, 1.0, 1.0, 1.0, 1.0, 1.0, 1.0, 1.0, 1.0]
Recall=[1.0, 1.0, 1.0, 1.0, 1.0, 1.0, 1.0, 1.0, 1.0]
INFO : F1_score=[1.0, 1.0, 1.0, 1.0, 1.0, 1.0, 1.0, 1.0, 1.0]
INFO : confusion_matrix=
[[16  0  0  0  0  0  0  0  0]
 [ 0 15  0  0  0  0  0  0  0]
 [ 0  0 13  0  0  0  0  0  0]
 [ 0  0  0 13  0  0  0  0  0]
 [ 0  0  0  0 12  0  0  0  0]
 [ 0  0  0  0  0 10  0  0  0]
 [ 0  0  0  0  0  0  9  0  0]
 [ 0  0  0  0  0  0  0  6  0]
 [ 0  0  0  0  0  0  0  0  6]]
INFO : Training sample: 	 10/ 100 ...
INFO : Training sample: 	 20/ 100 ...
INFO : Training sample: 	 30/ 100 ...
INFO : Training sample: 	 40/ 100 ...
INFO : Training sample: 	 50/ 100 ...
INFO : Training sample: 	 60/ 100 ...
INFO : Training sample: 	 70/ 100 ...
INFO : Training sample: 	 80/ 100 ...
INFO : Training sample: 	 90/ 100 ...
INFO : Training sample: 	 100/ 100 ...
INFO : Loss=0.31 ; accuracy=1.0
INFO : precision=[1.0, 1.0, 1.0, 1.0, 1.0, 1.0, 1.0, 1.0, 1.0]
Recall=[1.0, 1.0, 1.0, 1.0, 1.0, 1.0, 1.0, 1.0, 1.0]
INFO : F1_score=[1.0, 1.0, 1.0, 1.0, 1.0, 1.0, 1.0, 1.0, 1.0]
INFO : confusion_matrix=
[[16  0  0  0  0  0  0  0  0]
 [ 0 15  0  0  0  0  0  0  0]
 [ 0  0 13  0  0  0  0  0  0]
 [ 0  0  0 13  0  0  0  0  0]
 [ 0  0  0  0 12  0  0  0  0]
 [ 0  0  0  0  0 10  0  0  0]
 [ 0  0  0  0  0  0  9  0  0]
 [ 0  0  0  0  0  0  0  6  0]
 [ 0  0  0  0  0  0  0  0  6]]
INFO : Training sample: 	 10/ 100 ...
INFO : Training sample: 	 20/ 100 ...
INFO : Training sample: 	 30/ 100 ...
INFO : Training sample: 	 40/ 100 ...
INFO : Training sample: 	 50/ 100 ...
INFO : Training sample: 	 60/ 100 ...
INFO : Training sample: 	 70/ 100 ...
INFO : Training sample: 	 80/ 100 ...
INFO : Training sample: 	 90/ 100 ...
INFO : Training sample: 	 100/ 100 ...
INFO : Loss=0.28 ; accuracy=1.0
INFO : precision=[1.0, 1.0, 1.0, 1.0, 1.0, 1.0, 1.0, 1.0, 1.0]
Recall=[1.0, 1.0, 1.0, 1.0, 1.0, 1.0, 1.0, 1.0, 1.0]
INFO : F1_score=[1.0, 1.0, 1.0, 1.0, 1.0, 1.0, 1.0, 1.0, 1.0]
INFO : confusion_matrix=
[[16  0  0  0  0  0  0  0  0]
 [ 0 15  0  0  0  0  0  0  0]
 [ 0  0 13  0  0  0  0  0  0]
 [ 0  0  0 13  0  0  0  0  0]
 [ 0  0  0  0 12  0  0  0  0]
 [ 0  0  0  0  0 10  0  0  0]
 [ 0  0  0  0  0  0  9  0  0]
 [ 0  0  0  0  0  0  0  6  0]
 [ 0  0  0  0  0  0  0  0  6]]
INFO : Training sample: 	 10/ 100 ...
INFO : Training sample: 	 20/ 100 ...
INFO : Training sample: 	 30/ 100 ...
INFO : Training sample: 	 40/ 100 ...
INFO : Training sample: 	 50/ 100 ...
INFO : Training sample: 	 60/ 100 ...
INFO : Training sample: 	 70/ 100 ...
INFO : Training sample: 	 80/ 100 ...
INFO : Training sample: 	 90/ 100 ...
INFO : Training sample: 	 100/ 100 ...
INFO : Loss=0.26 ; accuracy=1.0
INFO : precision=[1.0, 1.0, 1.0, 1.0, 1.0, 1.0, 1.0, 1.0, 1.0]
Recall=[1.0, 1.0, 1.0, 1.0, 1.0, 1.0, 1.0, 1.0, 1.0]
INFO : F1_score=[1.0, 1.0, 1.0, 1.0, 1.0, 1.0, 1.0, 1.0, 1.0]
INFO : confusion_matrix=
[[16  0  0  0  0  0  0  0  0]
 [ 0 15  0  0  0  0  0  0  0]
 [ 0  0 13  0  0  0  0  0  0]
 [ 0  0  0 13  0  0  0  0  0]
 [ 0  0  0  0 12  0  0  0  0]
 [ 0  0  0  0  0 10  0  0  0]
 [ 0  0  0  0  0  0  9  0  0]
 [ 0  0  0  0  0  0  0  6  0]
 [ 0  0  0  0  0  0  0  0  6]]
INFO : Training sample: 	 10/ 100 ...
INFO : Training sample: 	 20/ 100 ...
INFO : Training sample: 	 30/ 100 ...
INFO : Training sample: 	 40/ 100 ...
INFO : Training sample: 	 50/ 100 ...
INFO : Training sample: 	 60/ 100 ...
INFO : Training sample: 	 70/ 100 ...
INFO : Training sample: 	 80/ 100 ...
INFO : Training sample: 	 90/ 100 ...
INFO : Training sample: 	 100/ 100 ...
INFO : Loss=0.24 ; accuracy=1.0
INFO : precision=[1.0, 1.0, 1.0, 1.0, 1.0, 1.0, 1.0, 1.0, 1.0]
Recall=[1.0, 1.0, 1.0, 1.0, 1.0, 1.0, 1.0, 1.0, 1.0]
INFO : F1_score=[1.0, 1.0, 1.0, 1.0, 1.0, 1.0, 1.0, 1.0, 1.0]
INFO : confusion_matrix=
[[16  0  0  0  0  0  0  0  0]
 [ 0 15  0  0  0  0  0  0  0]
 [ 0  0 13  0  0  0  0  0  0]
 [ 0  0  0 13  0  0  0  0  0]
 [ 0  0  0  0 12  0  0  0  0]
 [ 0  0  0  0  0 10  0  0  0]
 [ 0  0  0  0  0  0  9  0  0]
 [ 0  0  0  0  0  0  0  6  0]
 [ 0  0  0  0  0  0  0  0  6]]
INFO : Training sample: 	 10/ 100 ...
INFO : Training sample: 	 20/ 100 ...
INFO : Training sample: 	 30/ 100 ...
INFO : Training sample: 	 40/ 100 ...
INFO : Training sample: 	 50/ 100 ...
INFO : Training sample: 	 60/ 100 ...
INFO : Training sample: 	 70/ 100 ...
INFO : Training sample: 	 80/ 100 ...
INFO : Training sample: 	 90/ 100 ...
INFO : Training sample: 	 100/ 100 ...
INFO : Loss=0.22 ; accuracy=1.0
INFO : precision=[1.0, 1.0, 1.0, 1.0, 1.0, 1.0, 1.0, 1.0, 1.0]
Recall=[1.0, 1.0, 1.0, 1.0, 1.0, 1.0, 1.0, 1.0, 1.0]
INFO : F1_score=[1.0, 1.0, 1.0, 1.0, 1.0, 1.0, 1.0, 1.0, 1.0]
INFO : confusion_matrix=
[[16  0  0  0  0  0  0  0  0]
 [ 0 15  0  0  0  0  0  0  0]
 [ 0  0 13  0  0  0  0  0  0]
 [ 0  0  0 13  0  0  0  0  0]
 [ 0  0  0  0 12  0  0  0  0]
 [ 0  0  0  0  0 10  0  0  0]
 [ 0  0  0  0  0  0  9  0  0]
 [ 0  0  0  0  0  0  0  6  0]
 [ 0  0  0  0  0  0  0  0  6]]
INFO : Training sample: 	 10/ 100 ...
INFO : Training sample: 	 20/ 100 ...
INFO : Training sample: 	 30/ 100 ...
INFO : Training sample: 	 40/ 100 ...
INFO : Training sample: 	 50/ 100 ...
INFO : Training sample: 	 60/ 100 ...
INFO : Training sample: 	 70/ 100 ...
INFO : Training sample: 	 80/ 100 ...
INFO : Training sample: 	 90/ 100 ...
INFO : Training sample: 	 100/ 100 ...
INFO : Loss=0.2 ; accuracy=1.0
INFO : precision=[1.0, 1.0, 1.0, 1.0, 1.0, 1.0, 1.0, 1.0, 1.0]
Recall=[1.0, 1.0, 1.0, 1.0, 1.0, 1.0, 1.0, 1.0, 1.0]
INFO : F1_score=[1.0, 1.0, 1.0, 1.0, 1.0, 1.0, 1.0, 1.0, 1.0]
INFO : confusion_matrix=
[[16  0  0  0  0  0  0  0  0]
 [ 0 15  0  0  0  0  0  0  0]
 [ 0  0 13  0  0  0  0  0  0]
 [ 0  0  0 13  0  0  0  0  0]
 [ 0  0  0  0 12  0  0  0  0]
 [ 0  0  0  0  0 10  0  0  0]
 [ 0  0  0  0  0  0  9  0  0]
 [ 0  0  0  0  0  0  0  6  0]
 [ 0  0  0  0  0  0  0  0  6]]
INFO : Training sample: 	 10/ 100 ...
INFO : Training sample: 	 20/ 100 ...
INFO : Training sample: 	 30/ 100 ...
INFO : Training sample: 	 40/ 100 ...
INFO : Training sample: 	 50/ 100 ...
INFO : Training sample: 	 60/ 100 ...
INFO : Training sample: 	 70/ 100 ...
INFO : Training sample: 	 80/ 100 ...
INFO : Training sample: 	 90/ 100 ...
INFO : Training sample: 	 100/ 100 ...
INFO : Loss=0.18 ; accuracy=1.0
INFO : precision=[1.0, 1.0, 1.0, 1.0, 1.0, 1.0, 1.0, 1.0, 1.0]
Recall=[1.0, 1.0, 1.0, 1.0, 1.0, 1.0, 1.0, 1.0, 1.0]
INFO : F1_score=[1.0, 1.0, 1.0, 1.0, 1.0, 1.0, 1.0, 1.0, 1.0]
INFO : confusion_matrix=
[[16  0  0  0  0  0  0  0  0]
 [ 0 15  0  0  0  0  0  0  0]
 [ 0  0 13  0  0  0  0  0  0]
 [ 0  0  0 13  0  0  0  0  0]
 [ 0  0  0  0 12  0  0  0  0]
 [ 0  0  0  0  0 10  0  0  0]
 [ 0  0  0  0  0  0  9  0  0]
 [ 0  0  0  0  0  0  0  6  0]
 [ 0  0  0  0  0  0  0  0  6]]
INFO : Training sample: 	 10/ 100 ...
INFO : Training sample: 	 20/ 100 ...
INFO : Training sample: 	 30/ 100 ...
INFO : Training sample: 	 40/ 100 ...
INFO : Training sample: 	 50/ 100 ...
INFO : Training sample: 	 60/ 100 ...
INFO : Training sample: 	 70/ 100 ...
INFO : Training sample: 	 80/ 100 ...
INFO : Training sample: 	 90/ 100 ...
INFO : Training sample: 	 100/ 100 ...
INFO : Loss=0.17 ; accuracy=1.0
INFO : precision=[1.0, 1.0, 1.0, 1.0, 1.0, 1.0, 1.0, 1.0, 1.0]
Recall=[1.0, 1.0, 1.0, 1.0, 1.0, 1.0, 1.0, 1.0, 1.0]
INFO : F1_score=[1.0, 1.0, 1.0, 1.0, 1.0, 1.0, 1.0, 1.0, 1.0]
INFO : confusion_matrix=
[[16  0  0  0  0  0  0  0  0]
 [ 0 15  0  0  0  0  0  0  0]
 [ 0  0 13  0  0  0  0  0  0]
 [ 0  0  0 13  0  0  0  0  0]
 [ 0  0  0  0 12  0  0  0  0]
 [ 0  0  0  0  0 10  0  0  0]
 [ 0  0  0  0  0  0  9  0  0]
 [ 0  0  0  0  0  0  0  6  0]
 [ 0  0  0  0  0  0  0  0  6]]
INFO : Training sample: 	 10/ 100 ...
INFO : Training sample: 	 20/ 100 ...
INFO : Training sample: 	 30/ 100 ...
INFO : Training sample: 	 40/ 100 ...
INFO : Training sample: 	 50/ 100 ...
INFO : Training sample: 	 60/ 100 ...
INFO : Training sample: 	 70/ 100 ...
INFO : Training sample: 	 80/ 100 ...
INFO : Training sample: 	 90/ 100 ...
INFO : Training sample: 	 100/ 100 ...
INFO : Loss=0.15 ; accuracy=1.0
INFO : precision=[1.0, 1.0, 1.0, 1.0, 1.0, 1.0, 1.0, 1.0, 1.0]
Recall=[1.0, 1.0, 1.0, 1.0, 1.0, 1.0, 1.0, 1.0, 1.0]
INFO : F1_score=[1.0, 1.0, 1.0, 1.0, 1.0, 1.0, 1.0, 1.0, 1.0]
INFO : confusion_matrix=
[[16  0  0  0  0  0  0  0  0]
 [ 0 15  0  0  0  0  0  0  0]
 [ 0  0 13  0  0  0  0  0  0]
 [ 0  0  0 13  0  0  0  0  0]
 [ 0  0  0  0 12  0  0  0  0]
 [ 0  0  0  0  0 10  0  0  0]
 [ 0  0  0  0  0  0  9  0  0]
 [ 0  0  0  0  0  0  0  6  0]
 [ 0  0  0  0  0  0  0  0  6]]
INFO : Training sample: 	 10/ 100 ...
INFO : Training sample: 	 20/ 100 ...
INFO : Training sample: 	 30/ 100 ...
INFO : Training sample: 	 40/ 100 ...
INFO : Training sample: 	 50/ 100 ...
INFO : Training sample: 	 60/ 100 ...
INFO : Training sample: 	 70/ 100 ...
INFO : Training sample: 	 80/ 100 ...
INFO : Training sample: 	 90/ 100 ...
INFO : Training sample: 	 100/ 100 ...
INFO : Loss=0.14 ; accuracy=1.0
INFO : precision=[1.0, 1.0, 1.0, 1.0, 1.0, 1.0, 1.0, 1.0, 1.0]
Recall=[1.0, 1.0, 1.0, 1.0, 1.0, 1.0, 1.0, 1.0, 1.0]
INFO : F1_score=[1.0, 1.0, 1.0, 1.0, 1.0, 1.0, 1.0, 1.0, 1.0]
INFO : confusion_matrix=
[[16  0  0  0  0  0  0  0  0]
 [ 0 15  0  0  0  0  0  0  0]
 [ 0  0 13  0  0  0  0  0  0]
 [ 0  0  0 13  0  0  0  0  0]
 [ 0  0  0  0 12  0  0  0  0]
 [ 0  0  0  0  0 10  0  0  0]
 [ 0  0  0  0  0  0  9  0  0]
 [ 0  0  0  0  0  0  0  6  0]
 [ 0  0  0  0  0  0  0  0  6]]
INFO : Training sample: 	 10/ 100 ...
INFO : Training sample: 	 20/ 100 ...
INFO : Training sample: 	 30/ 100 ...
INFO : Training sample: 	 40/ 100 ...
INFO : Training sample: 	 50/ 100 ...
INFO : Training sample: 	 60/ 100 ...
INFO : Training sample: 	 70/ 100 ...
INFO : Training sample: 	 80/ 100 ...
INFO : Training sample: 	 90/ 100 ...
INFO : Training sample: 	 100/ 100 ...
INFO : Loss=0.13 ; accuracy=1.0
INFO : precision=[1.0, 1.0, 1.0, 1.0, 1.0, 1.0, 1.0, 1.0, 1.0]
Recall=[1.0, 1.0, 1.0, 1.0, 1.0, 1.0, 1.0, 1.0, 1.0]
INFO : F1_score=[1.0, 1.0, 1.0, 1.0, 1.0, 1.0, 1.0, 1.0, 1.0]
INFO : confusion_matrix=
[[16  0  0  0  0  0  0  0  0]
 [ 0 15  0  0  0  0  0  0  0]
 [ 0  0 13  0  0  0  0  0  0]
 [ 0  0  0 13  0  0  0  0  0]
 [ 0  0  0  0 12  0  0  0  0]
 [ 0  0  0  0  0 10  0  0  0]
 [ 0  0  0  0  0  0  9  0  0]
 [ 0  0  0  0  0  0  0  6  0]
 [ 0  0  0  0  0  0  0  0  6]]
INFO : Training sample: 	 10/ 100 ...
INFO : Training sample: 	 20/ 100 ...
INFO : Training sample: 	 30/ 100 ...
INFO : Training sample: 	 40/ 100 ...
INFO : Training sample: 	 50/ 100 ...
INFO : Training sample: 	 60/ 100 ...
INFO : Training sample: 	 70/ 100 ...
INFO : Training sample: 	 80/ 100 ...
INFO : Training sample: 	 90/ 100 ...
INFO : Training sample: 	 100/ 100 ...
INFO : Loss=0.12 ; accuracy=1.0
INFO : precision=[1.0, 1.0, 1.0, 1.0, 1.0, 1.0, 1.0, 1.0, 1.0]
Recall=[1.0, 1.0, 1.0, 1.0, 1.0, 1.0, 1.0, 1.0, 1.0]
INFO : F1_score=[1.0, 1.0, 1.0, 1.0, 1.0, 1.0, 1.0, 1.0, 1.0]
INFO : confusion_matrix=
[[16  0  0  0  0  0  0  0  0]
 [ 0 15  0  0  0  0  0  0  0]
 [ 0  0 13  0  0  0  0  0  0]
 [ 0  0  0 13  0  0  0  0  0]
 [ 0  0  0  0 12  0  0  0  0]
 [ 0  0  0  0  0 10  0  0  0]
 [ 0  0  0  0  0  0  9  0  0]
 [ 0  0  0  0  0  0  0  6  0]
 [ 0  0  0  0  0  0  0  0  6]]
INFO : Training sample: 	 10/ 100 ...
INFO : Training sample: 	 20/ 100 ...
INFO : Training sample: 	 30/ 100 ...
INFO : Training sample: 	 40/ 100 ...
INFO : Training sample: 	 50/ 100 ...
INFO : Training sample: 	 60/ 100 ...
INFO : Training sample: 	 70/ 100 ...
INFO : Training sample: 	 80/ 100 ...
INFO : Training sample: 	 90/ 100 ...
INFO : Training sample: 	 100/ 100 ...
INFO : Loss=0.11 ; accuracy=1.0
INFO : precision=[1.0, 1.0, 1.0, 1.0, 1.0, 1.0, 1.0, 1.0, 1.0]
Recall=[1.0, 1.0, 1.0, 1.0, 1.0, 1.0, 1.0, 1.0, 1.0]
INFO : F1_score=[1.0, 1.0, 1.0, 1.0, 1.0, 1.0, 1.0, 1.0, 1.0]
INFO : confusion_matrix=
[[16  0  0  0  0  0  0  0  0]
 [ 0 15  0  0  0  0  0  0  0]
 [ 0  0 13  0  0  0  0  0  0]
 [ 0  0  0 13  0  0  0  0  0]
 [ 0  0  0  0 12  0  0  0  0]
 [ 0  0  0  0  0 10  0  0  0]
 [ 0  0  0  0  0  0  9  0  0]
 [ 0  0  0  0  0  0  0  6  0]
 [ 0  0  0  0  0  0  0  0  6]]
INFO : Training sample: 	 10/ 100 ...
INFO : Training sample: 	 20/ 100 ...
INFO : Training sample: 	 30/ 100 ...
INFO : Training sample: 	 40/ 100 ...
INFO : Training sample: 	 50/ 100 ...
INFO : Training sample: 	 60/ 100 ...
INFO : Training sample: 	 70/ 100 ...
INFO : Training sample: 	 80/ 100 ...
INFO : Training sample: 	 90/ 100 ...
INFO : Training sample: 	 100/ 100 ...
INFO : Loss=0.1 ; accuracy=1.0
INFO : precision=[1.0, 1.0, 1.0, 1.0, 1.0, 1.0, 1.0, 1.0, 1.0]
Recall=[1.0, 1.0, 1.0, 1.0, 1.0, 1.0, 1.0, 1.0, 1.0]
INFO : F1_score=[1.0, 1.0, 1.0, 1.0, 1.0, 1.0, 1.0, 1.0, 1.0]
INFO : confusion_matrix=
[[16  0  0  0  0  0  0  0  0]
 [ 0 15  0  0  0  0  0  0  0]
 [ 0  0 13  0  0  0  0  0  0]
 [ 0  0  0 13  0  0  0  0  0]
 [ 0  0  0  0 12  0  0  0  0]
 [ 0  0  0  0  0 10  0  0  0]
 [ 0  0  0  0  0  0  9  0  0]
 [ 0  0  0  0  0  0  0  6  0]
 [ 0  0  0  0  0  0  0  0  6]]
INFO : Training sample: 	 10/ 100 ...
INFO : Training sample: 	 20/ 100 ...
INFO : Training sample: 	 30/ 100 ...
INFO : Training sample: 	 40/ 100 ...
INFO : Training sample: 	 50/ 100 ...
INFO : Training sample: 	 60/ 100 ...
INFO : Training sample: 	 70/ 100 ...
INFO : Training sample: 	 80/ 100 ...
INFO : Training sample: 	 90/ 100 ...
INFO : Training sample: 	 100/ 100 ...
INFO : Loss=0.09 ; accuracy=1.0
INFO : precision=[1.0, 1.0, 1.0, 1.0, 1.0, 1.0, 1.0, 1.0, 1.0]
Recall=[1.0, 1.0, 1.0, 1.0, 1.0, 1.0, 1.0, 1.0, 1.0]
INFO : F1_score=[1.0, 1.0, 1.0, 1.0, 1.0, 1.0, 1.0, 1.0, 1.0]
INFO : confusion_matrix=
[[16  0  0  0  0  0  0  0  0]
 [ 0 15  0  0  0  0  0  0  0]
 [ 0  0 13  0  0  0  0  0  0]
 [ 0  0  0 13  0  0  0  0  0]
 [ 0  0  0  0 12  0  0  0  0]
 [ 0  0  0  0  0 10  0  0  0]
 [ 0  0  0  0  0  0  9  0  0]
 [ 0  0  0  0  0  0  0  6  0]
 [ 0  0  0  0  0  0  0  0  6]]
INFO : Training sample: 	 10/ 100 ...
INFO : Training sample: 	 20/ 100 ...
INFO : Training sample: 	 30/ 100 ...
INFO : Training sample: 	 40/ 100 ...
INFO : Training sample: 	 50/ 100 ...
INFO : Training sample: 	 60/ 100 ...
INFO : Training sample: 	 70/ 100 ...
INFO : Training sample: 	 80/ 100 ...
INFO : Training sample: 	 90/ 100 ...
INFO : Training sample: 	 100/ 100 ...
INFO : Loss=0.09 ; accuracy=1.0
INFO : precision=[1.0, 1.0, 1.0, 1.0, 1.0, 1.0, 1.0, 1.0, 1.0]
Recall=[1.0, 1.0, 1.0, 1.0, 1.0, 1.0, 1.0, 1.0, 1.0]
INFO : F1_score=[1.0, 1.0, 1.0, 1.0, 1.0, 1.0, 1.0, 1.0, 1.0]
INFO : confusion_matrix=
[[16  0  0  0  0  0  0  0  0]
 [ 0 15  0  0  0  0  0  0  0]
 [ 0  0 13  0  0  0  0  0  0]
 [ 0  0  0 13  0  0  0  0  0]
 [ 0  0  0  0 12  0  0  0  0]
 [ 0  0  0  0  0 10  0  0  0]
 [ 0  0  0  0  0  0  9  0  0]
 [ 0  0  0  0  0  0  0  6  0]
 [ 0  0  0  0  0  0  0  0  6]]
INFO : Training sample: 	 10/ 100 ...
INFO : Training sample: 	 20/ 100 ...
INFO : Training sample: 	 30/ 100 ...
INFO : Training sample: 	 40/ 100 ...
INFO : Training sample: 	 50/ 100 ...
INFO : Training sample: 	 60/ 100 ...
INFO : Training sample: 	 70/ 100 ...
INFO : Training sample: 	 80/ 100 ...
INFO : Training sample: 	 90/ 100 ...
INFO : Training sample: 	 100/ 100 ...
INFO : Loss=0.08 ; accuracy=1.0
INFO : precision=[1.0, 1.0, 1.0, 1.0, 1.0, 1.0, 1.0, 1.0, 1.0]
Recall=[1.0, 1.0, 1.0, 1.0, 1.0, 1.0, 1.0, 1.0, 1.0]
INFO : F1_score=[1.0, 1.0, 1.0, 1.0, 1.0, 1.0, 1.0, 1.0, 1.0]
INFO : confusion_matrix=
[[16  0  0  0  0  0  0  0  0]
 [ 0 15  0  0  0  0  0  0  0]
 [ 0  0 13  0  0  0  0  0  0]
 [ 0  0  0 13  0  0  0  0  0]
 [ 0  0  0  0 12  0  0  0  0]
 [ 0  0  0  0  0 10  0  0  0]
 [ 0  0  0  0  0  0  9  0  0]
 [ 0  0  0  0  0  0  0  6  0]
 [ 0  0  0  0  0  0  0  0  6]]
INFO : Training sample: 	 10/ 100 ...
INFO : Training sample: 	 20/ 100 ...
INFO : Training sample: 	 30/ 100 ...
INFO : Training sample: 	 40/ 100 ...
INFO : Training sample: 	 50/ 100 ...
INFO : Training sample: 	 60/ 100 ...
INFO : Training sample: 	 70/ 100 ...
INFO : Training sample: 	 80/ 100 ...
INFO : Training sample: 	 90/ 100 ...
INFO : Training sample: 	 100/ 100 ...
INFO : Loss=0.07 ; accuracy=1.0
INFO : precision=[1.0, 1.0, 1.0, 1.0, 1.0, 1.0, 1.0, 1.0, 1.0]
Recall=[1.0, 1.0, 1.0, 1.0, 1.0, 1.0, 1.0, 1.0, 1.0]
INFO : F1_score=[1.0, 1.0, 1.0, 1.0, 1.0, 1.0, 1.0, 1.0, 1.0]
INFO : confusion_matrix=
[[16  0  0  0  0  0  0  0  0]
 [ 0 15  0  0  0  0  0  0  0]
 [ 0  0 13  0  0  0  0  0  0]
 [ 0  0  0 13  0  0  0  0  0]
 [ 0  0  0  0 12  0  0  0  0]
 [ 0  0  0  0  0 10  0  0  0]
 [ 0  0  0  0  0  0  9  0  0]
 [ 0  0  0  0  0  0  0  6  0]
 [ 0  0  0  0  0  0  0  0  6]]
INFO : Training sample: 	 10/ 100 ...
INFO : Training sample: 	 20/ 100 ...
INFO : Training sample: 	 30/ 100 ...
INFO : Training sample: 	 40/ 100 ...
INFO : Training sample: 	 50/ 100 ...
INFO : Training sample: 	 60/ 100 ...
INFO : Training sample: 	 70/ 100 ...
INFO : Training sample: 	 80/ 100 ...
INFO : Training sample: 	 90/ 100 ...
INFO : Training sample: 	 100/ 100 ...
INFO : Loss=0.07 ; accuracy=1.0
INFO : precision=[1.0, 1.0, 1.0, 1.0, 1.0, 1.0, 1.0, 1.0, 1.0]
Recall=[1.0, 1.0, 1.0, 1.0, 1.0, 1.0, 1.0, 1.0, 1.0]
INFO : F1_score=[1.0, 1.0, 1.0, 1.0, 1.0, 1.0, 1.0, 1.0, 1.0]
INFO : confusion_matrix=
[[16  0  0  0  0  0  0  0  0]
 [ 0 15  0  0  0  0  0  0  0]
 [ 0  0 13  0  0  0  0  0  0]
 [ 0  0  0 13  0  0  0  0  0]
 [ 0  0  0  0 12  0  0  0  0]
 [ 0  0  0  0  0 10  0  0  0]
 [ 0  0  0  0  0  0  9  0  0]
 [ 0  0  0  0  0  0  0  6  0]
 [ 0  0  0  0  0  0  0  0  6]]
INFO : Training sample: 	 10/ 100 ...
INFO : Training sample: 	 20/ 100 ...
INFO : Training sample: 	 30/ 100 ...
INFO : Training sample: 	 40/ 100 ...
INFO : Training sample: 	 50/ 100 ...
INFO : Training sample: 	 60/ 100 ...
INFO : Training sample: 	 70/ 100 ...
INFO : Training sample: 	 80/ 100 ...
INFO : Training sample: 	 90/ 100 ...
INFO : Training sample: 	 100/ 100 ...
INFO : Loss=0.06 ; accuracy=1.0
INFO : precision=[1.0, 1.0, 1.0, 1.0, 1.0, 1.0, 1.0, 1.0, 1.0]
Recall=[1.0, 1.0, 1.0, 1.0, 1.0, 1.0, 1.0, 1.0, 1.0]
INFO : F1_score=[1.0, 1.0, 1.0, 1.0, 1.0, 1.0, 1.0, 1.0, 1.0]
INFO : confusion_matrix=
[[16  0  0  0  0  0  0  0  0]
 [ 0 15  0  0  0  0  0  0  0]
 [ 0  0 13  0  0  0  0  0  0]
 [ 0  0  0 13  0  0  0  0  0]
 [ 0  0  0  0 12  0  0  0  0]
 [ 0  0  0  0  0 10  0  0  0]
 [ 0  0  0  0  0  0  9  0  0]
 [ 0  0  0  0  0  0  0  6  0]
 [ 0  0  0  0  0  0  0  0  6]]
INFO : Training sample: 	 10/ 100 ...
INFO : Training sample: 	 20/ 100 ...
INFO : Training sample: 	 30/ 100 ...
INFO : Training sample: 	 40/ 100 ...
INFO : Training sample: 	 50/ 100 ...
INFO : Training sample: 	 60/ 100 ...
INFO : Training sample: 	 70/ 100 ...
INFO : Training sample: 	 80/ 100 ...
INFO : Training sample: 	 90/ 100 ...
INFO : Training sample: 	 100/ 100 ...
INFO : Loss=0.06 ; accuracy=1.0
INFO : precision=[1.0, 1.0, 1.0, 1.0, 1.0, 1.0, 1.0, 1.0, 1.0]
Recall=[1.0, 1.0, 1.0, 1.0, 1.0, 1.0, 1.0, 1.0, 1.0]
INFO : F1_score=[1.0, 1.0, 1.0, 1.0, 1.0, 1.0, 1.0, 1.0, 1.0]
INFO : confusion_matrix=
[[16  0  0  0  0  0  0  0  0]
 [ 0 15  0  0  0  0  0  0  0]
 [ 0  0 13  0  0  0  0  0  0]
 [ 0  0  0 13  0  0  0  0  0]
 [ 0  0  0  0 12  0  0  0  0]
 [ 0  0  0  0  0 10  0  0  0]
 [ 0  0  0  0  0  0  9  0  0]
 [ 0  0  0  0  0  0  0  6  0]
 [ 0  0  0  0  0  0  0  0  6]]
INFO : Training sample: 	 10/ 100 ...
INFO : Training sample: 	 20/ 100 ...
INFO : Training sample: 	 30/ 100 ...
INFO : Training sample: 	 40/ 100 ...
INFO : Training sample: 	 50/ 100 ...
INFO : Training sample: 	 60/ 100 ...
INFO : Training sample: 	 70/ 100 ...
INFO : Training sample: 	 80/ 100 ...
INFO : Training sample: 	 90/ 100 ...
INFO : Training sample: 	 100/ 100 ...
INFO : Loss=0.06 ; accuracy=1.0
INFO : precision=[1.0, 1.0, 1.0, 1.0, 1.0, 1.0, 1.0, 1.0, 1.0]
Recall=[1.0, 1.0, 1.0, 1.0, 1.0, 1.0, 1.0, 1.0, 1.0]
INFO : F1_score=[1.0, 1.0, 1.0, 1.0, 1.0, 1.0, 1.0, 1.0, 1.0]
INFO : confusion_matrix=
[[16  0  0  0  0  0  0  0  0]
 [ 0 15  0  0  0  0  0  0  0]
 [ 0  0 13  0  0  0  0  0  0]
 [ 0  0  0 13  0  0  0  0  0]
 [ 0  0  0  0 12  0  0  0  0]
 [ 0  0  0  0  0 10  0  0  0]
 [ 0  0  0  0  0  0  9  0  0]
 [ 0  0  0  0  0  0  0  6  0]
 [ 0  0  0  0  0  0  0  0  6]]
INFO : Training sample: 	 10/ 100 ...
INFO : Training sample: 	 20/ 100 ...
INFO : Training sample: 	 30/ 100 ...
INFO : Training sample: 	 40/ 100 ...
INFO : Training sample: 	 50/ 100 ...
INFO : Training sample: 	 60/ 100 ...
INFO : Training sample: 	 70/ 100 ...
INFO : Training sample: 	 80/ 100 ...
INFO : Training sample: 	 90/ 100 ...
INFO : Training sample: 	 100/ 100 ...
INFO : Loss=0.05 ; accuracy=1.0
INFO : precision=[1.0, 1.0, 1.0, 1.0, 1.0, 1.0, 1.0, 1.0, 1.0]
Recall=[1.0, 1.0, 1.0, 1.0, 1.0, 1.0, 1.0, 1.0, 1.0]
INFO : F1_score=[1.0, 1.0, 1.0, 1.0, 1.0, 1.0, 1.0, 1.0, 1.0]
INFO : confusion_matrix=
[[16  0  0  0  0  0  0  0  0]
 [ 0 15  0  0  0  0  0  0  0]
 [ 0  0 13  0  0  0  0  0  0]
 [ 0  0  0 13  0  0  0  0  0]
 [ 0  0  0  0 12  0  0  0  0]
 [ 0  0  0  0  0 10  0  0  0]
 [ 0  0  0  0  0  0  9  0  0]
 [ 0  0  0  0  0  0  0  6  0]
 [ 0  0  0  0  0  0  0  0  6]]
INFO : Training sample: 	 10/ 100 ...
INFO : Training sample: 	 20/ 100 ...
INFO : Training sample: 	 30/ 100 ...
INFO : Training sample: 	 40/ 100 ...
INFO : Training sample: 	 50/ 100 ...
INFO : Training sample: 	 60/ 100 ...
INFO : Training sample: 	 70/ 100 ...
INFO : Training sample: 	 80/ 100 ...
INFO : Training sample: 	 90/ 100 ...
INFO : Training sample: 	 100/ 100 ...
INFO : Loss=0.05 ; accuracy=1.0
INFO : precision=[1.0, 1.0, 1.0, 1.0, 1.0, 1.0, 1.0, 1.0, 1.0]
Recall=[1.0, 1.0, 1.0, 1.0, 1.0, 1.0, 1.0, 1.0, 1.0]
INFO : F1_score=[1.0, 1.0, 1.0, 1.0, 1.0, 1.0, 1.0, 1.0, 1.0]
INFO : confusion_matrix=
[[16  0  0  0  0  0  0  0  0]
 [ 0 15  0  0  0  0  0  0  0]
 [ 0  0 13  0  0  0  0  0  0]
 [ 0  0  0 13  0  0  0  0  0]
 [ 0  0  0  0 12  0  0  0  0]
 [ 0  0  0  0  0 10  0  0  0]
 [ 0  0  0  0  0  0  9  0  0]
 [ 0  0  0  0  0  0  0  6  0]
 [ 0  0  0  0  0  0  0  0  6]]
INFO : Training sample: 	 10/ 100 ...
INFO : Training sample: 	 20/ 100 ...
INFO : Training sample: 	 30/ 100 ...
INFO : Training sample: 	 40/ 100 ...
INFO : Training sample: 	 50/ 100 ...
INFO : Training sample: 	 60/ 100 ...
INFO : Training sample: 	 70/ 100 ...
INFO : Training sample: 	 80/ 100 ...
INFO : Training sample: 	 90/ 100 ...
INFO : Training sample: 	 100/ 100 ...
INFO : Loss=0.04 ; accuracy=1.0
INFO : precision=[1.0, 1.0, 1.0, 1.0, 1.0, 1.0, 1.0, 1.0, 1.0]
Recall=[1.0, 1.0, 1.0, 1.0, 1.0, 1.0, 1.0, 1.0, 1.0]
INFO : F1_score=[1.0, 1.0, 1.0, 1.0, 1.0, 1.0, 1.0, 1.0, 1.0]
INFO : confusion_matrix=
[[16  0  0  0  0  0  0  0  0]
 [ 0 15  0  0  0  0  0  0  0]
 [ 0  0 13  0  0  0  0  0  0]
 [ 0  0  0 13  0  0  0  0  0]
 [ 0  0  0  0 12  0  0  0  0]
 [ 0  0  0  0  0 10  0  0  0]
 [ 0  0  0  0  0  0  9  0  0]
 [ 0  0  0  0  0  0  0  6  0]
 [ 0  0  0  0  0  0  0  0  6]]
INFO : Training sample: 	 10/ 100 ...
INFO : Training sample: 	 20/ 100 ...
INFO : Training sample: 	 30/ 100 ...
INFO : Training sample: 	 40/ 100 ...
INFO : Training sample: 	 50/ 100 ...
INFO : Training sample: 	 60/ 100 ...
INFO : Training sample: 	 70/ 100 ...
INFO : Training sample: 	 80/ 100 ...
INFO : Training sample: 	 90/ 100 ...
INFO : Training sample: 	 100/ 100 ...
INFO : Loss=0.04 ; accuracy=1.0
INFO : precision=[1.0, 1.0, 1.0, 1.0, 1.0, 1.0, 1.0, 1.0, 1.0]
Recall=[1.0, 1.0, 1.0, 1.0, 1.0, 1.0, 1.0, 1.0, 1.0]
INFO : F1_score=[1.0, 1.0, 1.0, 1.0, 1.0, 1.0, 1.0, 1.0, 1.0]
INFO : confusion_matrix=
[[16  0  0  0  0  0  0  0  0]
 [ 0 15  0  0  0  0  0  0  0]
 [ 0  0 13  0  0  0  0  0  0]
 [ 0  0  0 13  0  0  0  0  0]
 [ 0  0  0  0 12  0  0  0  0]
 [ 0  0  0  0  0 10  0  0  0]
 [ 0  0  0  0  0  0  9  0  0]
 [ 0  0  0  0  0  0  0  6  0]
 [ 0  0  0  0  0  0  0  0  6]]
INFO : Training sample: 	 10/ 100 ...
INFO : Training sample: 	 20/ 100 ...
INFO : Training sample: 	 30/ 100 ...
INFO : Training sample: 	 40/ 100 ...
INFO : Training sample: 	 50/ 100 ...
INFO : Training sample: 	 60/ 100 ...
INFO : Training sample: 	 70/ 100 ...
INFO : Training sample: 	 80/ 100 ...
INFO : Training sample: 	 90/ 100 ...
INFO : Training sample: 	 100/ 100 ...
INFO : Loss=0.04 ; accuracy=1.0
INFO : precision=[1.0, 1.0, 1.0, 1.0, 1.0, 1.0, 1.0, 1.0, 1.0]
Recall=[1.0, 1.0, 1.0, 1.0, 1.0, 1.0, 1.0, 1.0, 1.0]
INFO : F1_score=[1.0, 1.0, 1.0, 1.0, 1.0, 1.0, 1.0, 1.0, 1.0]
INFO : confusion_matrix=
[[16  0  0  0  0  0  0  0  0]
 [ 0 15  0  0  0  0  0  0  0]
 [ 0  0 13  0  0  0  0  0  0]
 [ 0  0  0 13  0  0  0  0  0]
 [ 0  0  0  0 12  0  0  0  0]
 [ 0  0  0  0  0 10  0  0  0]
 [ 0  0  0  0  0  0  9  0  0]
 [ 0  0  0  0  0  0  0  6  0]
 [ 0  0  0  0  0  0  0  0  6]]
INFO : Training sample: 	 10/ 100 ...
INFO : Training sample: 	 20/ 100 ...
INFO : Training sample: 	 30/ 100 ...
INFO : Training sample: 	 40/ 100 ...
INFO : Training sample: 	 50/ 100 ...
INFO : Training sample: 	 60/ 100 ...
INFO : Training sample: 	 70/ 100 ...
INFO : Training sample: 	 80/ 100 ...
INFO : Training sample: 	 90/ 100 ...
INFO : Training sample: 	 100/ 100 ...
INFO : Loss=0.04 ; accuracy=1.0
INFO : precision=[1.0, 1.0, 1.0, 1.0, 1.0, 1.0, 1.0, 1.0, 1.0]
Recall=[1.0, 1.0, 1.0, 1.0, 1.0, 1.0, 1.0, 1.0, 1.0]
INFO : F1_score=[1.0, 1.0, 1.0, 1.0, 1.0, 1.0, 1.0, 1.0, 1.0]
INFO : confusion_matrix=
[[16  0  0  0  0  0  0  0  0]
 [ 0 15  0  0  0  0  0  0  0]
 [ 0  0 13  0  0  0  0  0  0]
 [ 0  0  0 13  0  0  0  0  0]
 [ 0  0  0  0 12  0  0  0  0]
 [ 0  0  0  0  0 10  0  0  0]
 [ 0  0  0  0  0  0  9  0  0]
 [ 0  0  0  0  0  0  0  6  0]
 [ 0  0  0  0  0  0  0  0  6]]
INFO : Training sample: 	 10/ 100 ...
INFO : Training sample: 	 20/ 100 ...
INFO : Training sample: 	 30/ 100 ...
INFO : Training sample: 	 40/ 100 ...
INFO : Training sample: 	 50/ 100 ...
INFO : Training sample: 	 60/ 100 ...
INFO : Training sample: 	 70/ 100 ...
INFO : Training sample: 	 80/ 100 ...
INFO : Training sample: 	 90/ 100 ...
INFO : Training sample: 	 100/ 100 ...
INFO : Loss=0.03 ; accuracy=1.0
INFO : precision=[1.0, 1.0, 1.0, 1.0, 1.0, 1.0, 1.0, 1.0, 1.0]
Recall=[1.0, 1.0, 1.0, 1.0, 1.0, 1.0, 1.0, 1.0, 1.0]
INFO : F1_score=[1.0, 1.0, 1.0, 1.0, 1.0, 1.0, 1.0, 1.0, 1.0]
INFO : confusion_matrix=
[[16  0  0  0  0  0  0  0  0]
 [ 0 15  0  0  0  0  0  0  0]
 [ 0  0 13  0  0  0  0  0  0]
 [ 0  0  0 13  0  0  0  0  0]
 [ 0  0  0  0 12  0  0  0  0]
 [ 0  0  0  0  0 10  0  0  0]
 [ 0  0  0  0  0  0  9  0  0]
 [ 0  0  0  0  0  0  0  6  0]
 [ 0  0  0  0  0  0  0  0  6]]
INFO : Training sample: 	 10/ 100 ...
INFO : Training sample: 	 20/ 100 ...
INFO : Training sample: 	 30/ 100 ...
INFO : Training sample: 	 40/ 100 ...
INFO : Training sample: 	 50/ 100 ...
INFO : Training sample: 	 60/ 100 ...
INFO : Training sample: 	 70/ 100 ...
INFO : Training sample: 	 80/ 100 ...
INFO : Training sample: 	 90/ 100 ...
INFO : Training sample: 	 100/ 100 ...
INFO : Loss=0.03 ; accuracy=1.0
INFO : precision=[1.0, 1.0, 1.0, 1.0, 1.0, 1.0, 1.0, 1.0, 1.0]
Recall=[1.0, 1.0, 1.0, 1.0, 1.0, 1.0, 1.0, 1.0, 1.0]
INFO : F1_score=[1.0, 1.0, 1.0, 1.0, 1.0, 1.0, 1.0, 1.0, 1.0]
INFO : confusion_matrix=
[[16  0  0  0  0  0  0  0  0]
 [ 0 15  0  0  0  0  0  0  0]
 [ 0  0 13  0  0  0  0  0  0]
 [ 0  0  0 13  0  0  0  0  0]
 [ 0  0  0  0 12  0  0  0  0]
 [ 0  0  0  0  0 10  0  0  0]
 [ 0  0  0  0  0  0  9  0  0]
 [ 0  0  0  0  0  0  0  6  0]
 [ 0  0  0  0  0  0  0  0  6]]
INFO : Training sample: 	 10/ 100 ...
INFO : Training sample: 	 20/ 100 ...
INFO : Training sample: 	 30/ 100 ...
INFO : Training sample: 	 40/ 100 ...
INFO : Training sample: 	 50/ 100 ...
INFO : Training sample: 	 60/ 100 ...
INFO : Training sample: 	 70/ 100 ...
INFO : Training sample: 	 80/ 100 ...
INFO : Training sample: 	 90/ 100 ...
INFO : Training sample: 	 100/ 100 ...
INFO : Loss=0.03 ; accuracy=1.0
INFO : precision=[1.0, 1.0, 1.0, 1.0, 1.0, 1.0, 1.0, 1.0, 1.0]
Recall=[1.0, 1.0, 1.0, 1.0, 1.0, 1.0, 1.0, 1.0, 1.0]
INFO : F1_score=[1.0, 1.0, 1.0, 1.0, 1.0, 1.0, 1.0, 1.0, 1.0]
INFO : confusion_matrix=
[[16  0  0  0  0  0  0  0  0]
 [ 0 15  0  0  0  0  0  0  0]
 [ 0  0 13  0  0  0  0  0  0]
 [ 0  0  0 13  0  0  0  0  0]
 [ 0  0  0  0 12  0  0  0  0]
 [ 0  0  0  0  0 10  0  0  0]
 [ 0  0  0  0  0  0  9  0  0]
 [ 0  0  0  0  0  0  0  6  0]
 [ 0  0  0  0  0  0  0  0  6]]
INFO : Training sample: 	 10/ 100 ...
INFO : Training sample: 	 20/ 100 ...
INFO : Training sample: 	 30/ 100 ...
INFO : Training sample: 	 40/ 100 ...
INFO : Training sample: 	 50/ 100 ...
INFO : Training sample: 	 60/ 100 ...
INFO : Training sample: 	 70/ 100 ...
INFO : Training sample: 	 80/ 100 ...
INFO : Training sample: 	 90/ 100 ...
INFO : Training sample: 	 100/ 100 ...
INFO : Loss=0.03 ; accuracy=1.0
INFO : precision=[1.0, 1.0, 1.0, 1.0, 1.0, 1.0, 1.0, 1.0, 1.0]
Recall=[1.0, 1.0, 1.0, 1.0, 1.0, 1.0, 1.0, 1.0, 1.0]
INFO : F1_score=[1.0, 1.0, 1.0, 1.0, 1.0, 1.0, 1.0, 1.0, 1.0]
INFO : confusion_matrix=
[[16  0  0  0  0  0  0  0  0]
 [ 0 15  0  0  0  0  0  0  0]
 [ 0  0 13  0  0  0  0  0  0]
 [ 0  0  0 13  0  0  0  0  0]
 [ 0  0  0  0 12  0  0  0  0]
 [ 0  0  0  0  0 10  0  0  0]
 [ 0  0  0  0  0  0  9  0  0]
 [ 0  0  0  0  0  0  0  6  0]
 [ 0  0  0  0  0  0  0  0  6]]
INFO : Training sample: 	 10/ 100 ...
INFO : Training sample: 	 20/ 100 ...
INFO : Training sample: 	 30/ 100 ...
INFO : Training sample: 	 40/ 100 ...
INFO : Training sample: 	 50/ 100 ...
INFO : Training sample: 	 60/ 100 ...
INFO : Training sample: 	 70/ 100 ...
INFO : Training sample: 	 80/ 100 ...
INFO : Training sample: 	 90/ 100 ...
INFO : Training sample: 	 100/ 100 ...
INFO : Loss=0.03 ; accuracy=1.0
INFO : precision=[1.0, 1.0, 1.0, 1.0, 1.0, 1.0, 1.0, 1.0, 1.0]
Recall=[1.0, 1.0, 1.0, 1.0, 1.0, 1.0, 1.0, 1.0, 1.0]
INFO : F1_score=[1.0, 1.0, 1.0, 1.0, 1.0, 1.0, 1.0, 1.0, 1.0]
INFO : confusion_matrix=
[[16  0  0  0  0  0  0  0  0]
 [ 0 15  0  0  0  0  0  0  0]
 [ 0  0 13  0  0  0  0  0  0]
 [ 0  0  0 13  0  0  0  0  0]
 [ 0  0  0  0 12  0  0  0  0]
 [ 0  0  0  0  0 10  0  0  0]
 [ 0  0  0  0  0  0  9  0  0]
 [ 0  0  0  0  0  0  0  6  0]
 [ 0  0  0  0  0  0  0  0  6]]
INFO : Training sample: 	 10/ 100 ...
INFO : Training sample: 	 20/ 100 ...
INFO : Training sample: 	 30/ 100 ...
INFO : Training sample: 	 40/ 100 ...
INFO : Training sample: 	 50/ 100 ...
INFO : Training sample: 	 60/ 100 ...
INFO : Training sample: 	 70/ 100 ...
INFO : Training sample: 	 80/ 100 ...
INFO : Training sample: 	 90/ 100 ...
INFO : Training sample: 	 100/ 100 ...
INFO : Loss=0.02 ; accuracy=1.0
INFO : precision=[1.0, 1.0, 1.0, 1.0, 1.0, 1.0, 1.0, 1.0, 1.0]
Recall=[1.0, 1.0, 1.0, 1.0, 1.0, 1.0, 1.0, 1.0, 1.0]
INFO : F1_score=[1.0, 1.0, 1.0, 1.0, 1.0, 1.0, 1.0, 1.0, 1.0]
INFO : confusion_matrix=
[[16  0  0  0  0  0  0  0  0]
 [ 0 15  0  0  0  0  0  0  0]
 [ 0  0 13  0  0  0  0  0  0]
 [ 0  0  0 13  0  0  0  0  0]
 [ 0  0  0  0 12  0  0  0  0]
 [ 0  0  0  0  0 10  0  0  0]
 [ 0  0  0  0  0  0  9  0  0]
 [ 0  0  0  0  0  0  0  6  0]
 [ 0  0  0  0  0  0  0  0  6]]
INFO : Training sample: 	 10/ 100 ...
INFO : Training sample: 	 20/ 100 ...
INFO : Training sample: 	 30/ 100 ...
INFO : Training sample: 	 40/ 100 ...
INFO : Training sample: 	 50/ 100 ...
INFO : Training sample: 	 60/ 100 ...
INFO : Training sample: 	 70/ 100 ...
INFO : Training sample: 	 80/ 100 ...
INFO : Training sample: 	 90/ 100 ...
INFO : Training sample: 	 100/ 100 ...
INFO : Loss=0.02 ; accuracy=1.0
INFO : precision=[1.0, 1.0, 1.0, 1.0, 1.0, 1.0, 1.0, 1.0, 1.0]
Recall=[1.0, 1.0, 1.0, 1.0, 1.0, 1.0, 1.0, 1.0, 1.0]
INFO : F1_score=[1.0, 1.0, 1.0, 1.0, 1.0, 1.0, 1.0, 1.0, 1.0]
INFO : confusion_matrix=
[[16  0  0  0  0  0  0  0  0]
 [ 0 15  0  0  0  0  0  0  0]
 [ 0  0 13  0  0  0  0  0  0]
 [ 0  0  0 13  0  0  0  0  0]
 [ 0  0  0  0 12  0  0  0  0]
 [ 0  0  0  0  0 10  0  0  0]
 [ 0  0  0  0  0  0  9  0  0]
 [ 0  0  0  0  0  0  0  6  0]
 [ 0  0  0  0  0  0  0  0  6]]
INFO : Training sample: 	 10/ 100 ...
INFO : Training sample: 	 20/ 100 ...
INFO : Training sample: 	 30/ 100 ...
INFO : Training sample: 	 40/ 100 ...
INFO : Training sample: 	 50/ 100 ...
INFO : Training sample: 	 60/ 100 ...
INFO : Training sample: 	 70/ 100 ...
INFO : Training sample: 	 80/ 100 ...
INFO : Training sample: 	 90/ 100 ...
INFO : Training sample: 	 100/ 100 ...
INFO : Loss=0.02 ; accuracy=1.0
INFO : precision=[1.0, 1.0, 1.0, 1.0, 1.0, 1.0, 1.0, 1.0, 1.0]
Recall=[1.0, 1.0, 1.0, 1.0, 1.0, 1.0, 1.0, 1.0, 1.0]
INFO : F1_score=[1.0, 1.0, 1.0, 1.0, 1.0, 1.0, 1.0, 1.0, 1.0]
INFO : confusion_matrix=
[[16  0  0  0  0  0  0  0  0]
 [ 0 15  0  0  0  0  0  0  0]
 [ 0  0 13  0  0  0  0  0  0]
 [ 0  0  0 13  0  0  0  0  0]
 [ 0  0  0  0 12  0  0  0  0]
 [ 0  0  0  0  0 10  0  0  0]
 [ 0  0  0  0  0  0  9  0  0]
 [ 0  0  0  0  0  0  0  6  0]
 [ 0  0  0  0  0  0  0  0  6]]
INFO : Training sample: 	 10/ 100 ...
INFO : Training sample: 	 20/ 100 ...
INFO : Training sample: 	 30/ 100 ...
INFO : Training sample: 	 40/ 100 ...
INFO : Training sample: 	 50/ 100 ...
INFO : Training sample: 	 60/ 100 ...
INFO : Training sample: 	 70/ 100 ...
INFO : Training sample: 	 80/ 100 ...
INFO : Training sample: 	 90/ 100 ...
INFO : Training sample: 	 100/ 100 ...
INFO : Loss=0.02 ; accuracy=1.0
INFO : precision=[1.0, 1.0, 1.0, 1.0, 1.0, 1.0, 1.0, 1.0, 1.0]
Recall=[1.0, 1.0, 1.0, 1.0, 1.0, 1.0, 1.0, 1.0, 1.0]
INFO : F1_score=[1.0, 1.0, 1.0, 1.0, 1.0, 1.0, 1.0, 1.0, 1.0]
INFO : confusion_matrix=
[[16  0  0  0  0  0  0  0  0]
 [ 0 15  0  0  0  0  0  0  0]
 [ 0  0 13  0  0  0  0  0  0]
 [ 0  0  0 13  0  0  0  0  0]
 [ 0  0  0  0 12  0  0  0  0]
 [ 0  0  0  0  0 10  0  0  0]
 [ 0  0  0  0  0  0  9  0  0]
 [ 0  0  0  0  0  0  0  6  0]
 [ 0  0  0  0  0  0  0  0  6]]
INFO : Training sample: 	 10/ 100 ...
INFO : Training sample: 	 20/ 100 ...
INFO : Training sample: 	 30/ 100 ...
INFO : Training sample: 	 40/ 100 ...
INFO : Training sample: 	 50/ 100 ...
INFO : Training sample: 	 60/ 100 ...
INFO : Training sample: 	 70/ 100 ...
INFO : Training sample: 	 80/ 100 ...
INFO : Training sample: 	 90/ 100 ...
INFO : Training sample: 	 100/ 100 ...
INFO : Loss=0.02 ; accuracy=1.0
INFO : precision=[1.0, 1.0, 1.0, 1.0, 1.0, 1.0, 1.0, 1.0, 1.0]
Recall=[1.0, 1.0, 1.0, 1.0, 1.0, 1.0, 1.0, 1.0, 1.0]
INFO : F1_score=[1.0, 1.0, 1.0, 1.0, 1.0, 1.0, 1.0, 1.0, 1.0]
INFO : confusion_matrix=
[[16  0  0  0  0  0  0  0  0]
 [ 0 15  0  0  0  0  0  0  0]
 [ 0  0 13  0  0  0  0  0  0]
 [ 0  0  0 13  0  0  0  0  0]
 [ 0  0  0  0 12  0  0  0  0]
 [ 0  0  0  0  0 10  0  0  0]
 [ 0  0  0  0  0  0  9  0  0]
 [ 0  0  0  0  0  0  0  6  0]
 [ 0  0  0  0  0  0  0  0  6]]
INFO : Training sample: 	 10/ 100 ...
INFO : Training sample: 	 20/ 100 ...
INFO : Training sample: 	 30/ 100 ...
INFO : Training sample: 	 40/ 100 ...
INFO : Training sample: 	 50/ 100 ...
INFO : Training sample: 	 60/ 100 ...
INFO : Training sample: 	 70/ 100 ...
INFO : Training sample: 	 80/ 100 ...
INFO : Training sample: 	 90/ 100 ...
INFO : Training sample: 	 100/ 100 ...
INFO : Loss=0.02 ; accuracy=1.0
INFO : precision=[1.0, 1.0, 1.0, 1.0, 1.0, 1.0, 1.0, 1.0, 1.0]
Recall=[1.0, 1.0, 1.0, 1.0, 1.0, 1.0, 1.0, 1.0, 1.0]
INFO : F1_score=[1.0, 1.0, 1.0, 1.0, 1.0, 1.0, 1.0, 1.0, 1.0]
INFO : confusion_matrix=
[[16  0  0  0  0  0  0  0  0]
 [ 0 15  0  0  0  0  0  0  0]
 [ 0  0 13  0  0  0  0  0  0]
 [ 0  0  0 13  0  0  0  0  0]
 [ 0  0  0  0 12  0  0  0  0]
 [ 0  0  0  0  0 10  0  0  0]
 [ 0  0  0  0  0  0  9  0  0]
 [ 0  0  0  0  0  0  0  6  0]
 [ 0  0  0  0  0  0  0  0  6]]
INFO : Training sample: 	 10/ 100 ...
INFO : Training sample: 	 20/ 100 ...
INFO : Training sample: 	 30/ 100 ...
INFO : Training sample: 	 40/ 100 ...
INFO : Training sample: 	 50/ 100 ...
INFO : Training sample: 	 60/ 100 ...
INFO : Training sample: 	 70/ 100 ...
INFO : Training sample: 	 80/ 100 ...
INFO : Training sample: 	 90/ 100 ...
INFO : Training sample: 	 100/ 100 ...
INFO : Loss=0.02 ; accuracy=1.0
INFO : precision=[1.0, 1.0, 1.0, 1.0, 1.0, 1.0, 1.0, 1.0, 1.0]
Recall=[1.0, 1.0, 1.0, 1.0, 1.0, 1.0, 1.0, 1.0, 1.0]
INFO : F1_score=[1.0, 1.0, 1.0, 1.0, 1.0, 1.0, 1.0, 1.0, 1.0]
INFO : confusion_matrix=
[[16  0  0  0  0  0  0  0  0]
 [ 0 15  0  0  0  0  0  0  0]
 [ 0  0 13  0  0  0  0  0  0]
 [ 0  0  0 13  0  0  0  0  0]
 [ 0  0  0  0 12  0  0  0  0]
 [ 0  0  0  0  0 10  0  0  0]
 [ 0  0  0  0  0  0  9  0  0]
 [ 0  0  0  0  0  0  0  6  0]
 [ 0  0  0  0  0  0  0  0  6]]
INFO : Training sample: 	 10/ 100 ...
INFO : Training sample: 	 20/ 100 ...
INFO : Training sample: 	 30/ 100 ...
INFO : Training sample: 	 40/ 100 ...
INFO : Training sample: 	 50/ 100 ...
INFO : Training sample: 	 60/ 100 ...
INFO : Training sample: 	 70/ 100 ...
INFO : Training sample: 	 80/ 100 ...
INFO : Training sample: 	 90/ 100 ...
INFO : Training sample: 	 100/ 100 ...
INFO : Loss=0.02 ; accuracy=1.0
INFO : precision=[1.0, 1.0, 1.0, 1.0, 1.0, 1.0, 1.0, 1.0, 1.0]
Recall=[1.0, 1.0, 1.0, 1.0, 1.0, 1.0, 1.0, 1.0, 1.0]
INFO : F1_score=[1.0, 1.0, 1.0, 1.0, 1.0, 1.0, 1.0, 1.0, 1.0]
INFO : confusion_matrix=
[[16  0  0  0  0  0  0  0  0]
 [ 0 15  0  0  0  0  0  0  0]
 [ 0  0 13  0  0  0  0  0  0]
 [ 0  0  0 13  0  0  0  0  0]
 [ 0  0  0  0 12  0  0  0  0]
 [ 0  0  0  0  0 10  0  0  0]
 [ 0  0  0  0  0  0  9  0  0]
 [ 0  0  0  0  0  0  0  6  0]
 [ 0  0  0  0  0  0  0  0  6]]
INFO : Training sample: 	 10/ 100 ...
INFO : Training sample: 	 20/ 100 ...
INFO : Training sample: 	 30/ 100 ...
INFO : Training sample: 	 40/ 100 ...
INFO : Training sample: 	 50/ 100 ...
INFO : Training sample: 	 60/ 100 ...
INFO : Training sample: 	 70/ 100 ...
INFO : Training sample: 	 80/ 100 ...
INFO : Training sample: 	 90/ 100 ...
INFO : Training sample: 	 100/ 100 ...
INFO : Loss=0.01 ; accuracy=1.0
INFO : precision=[1.0, 1.0, 1.0, 1.0, 1.0, 1.0, 1.0, 1.0, 1.0]
Recall=[1.0, 1.0, 1.0, 1.0, 1.0, 1.0, 1.0, 1.0, 1.0]
INFO : F1_score=[1.0, 1.0, 1.0, 1.0, 1.0, 1.0, 1.0, 1.0, 1.0]
INFO : confusion_matrix=
[[16  0  0  0  0  0  0  0  0]
 [ 0 15  0  0  0  0  0  0  0]
 [ 0  0 13  0  0  0  0  0  0]
 [ 0  0  0 13  0  0  0  0  0]
 [ 0  0  0  0 12  0  0  0  0]
 [ 0  0  0  0  0 10  0  0  0]
 [ 0  0  0  0  0  0  9  0  0]
 [ 0  0  0  0  0  0  0  6  0]
 [ 0  0  0  0  0  0  0  0  6]]
INFO : Training sample: 	 10/ 100 ...
INFO : Training sample: 	 20/ 100 ...
INFO : Training sample: 	 30/ 100 ...
INFO : Training sample: 	 40/ 100 ...
INFO : Training sample: 	 50/ 100 ...
INFO : Training sample: 	 60/ 100 ...
INFO : Training sample: 	 70/ 100 ...
INFO : Training sample: 	 80/ 100 ...
INFO : Training sample: 	 90/ 100 ...
INFO : Training sample: 	 100/ 100 ...
INFO : Loss=0.01 ; accuracy=1.0
INFO : precision=[1.0, 1.0, 1.0, 1.0, 1.0, 1.0, 1.0, 1.0, 1.0]
Recall=[1.0, 1.0, 1.0, 1.0, 1.0, 1.0, 1.0, 1.0, 1.0]
INFO : F1_score=[1.0, 1.0, 1.0, 1.0, 1.0, 1.0, 1.0, 1.0, 1.0]
INFO : confusion_matrix=
[[16  0  0  0  0  0  0  0  0]
 [ 0 15  0  0  0  0  0  0  0]
 [ 0  0 13  0  0  0  0  0  0]
 [ 0  0  0 13  0  0  0  0  0]
 [ 0  0  0  0 12  0  0  0  0]
 [ 0  0  0  0  0 10  0  0  0]
 [ 0  0  0  0  0  0  9  0  0]
 [ 0  0  0  0  0  0  0  6  0]
 [ 0  0  0  0  0  0  0  0  6]]
INFO : Training sample: 	 10/ 100 ...
INFO : Training sample: 	 20/ 100 ...
INFO : Training sample: 	 30/ 100 ...
INFO : Training sample: 	 40/ 100 ...
INFO : Training sample: 	 50/ 100 ...
INFO : Training sample: 	 60/ 100 ...
INFO : Training sample: 	 70/ 100 ...
INFO : Training sample: 	 80/ 100 ...
INFO : Training sample: 	 90/ 100 ...
INFO : Training sample: 	 100/ 100 ...
INFO : Loss=0.01 ; accuracy=1.0
INFO : precision=[1.0, 1.0, 1.0, 1.0, 1.0, 1.0, 1.0, 1.0, 1.0]
Recall=[1.0, 1.0, 1.0, 1.0, 1.0, 1.0, 1.0, 1.0, 1.0]
INFO : F1_score=[1.0, 1.0, 1.0, 1.0, 1.0, 1.0, 1.0, 1.0, 1.0]
INFO : confusion_matrix=
[[16  0  0  0  0  0  0  0  0]
 [ 0 15  0  0  0  0  0  0  0]
 [ 0  0 13  0  0  0  0  0  0]
 [ 0  0  0 13  0  0  0  0  0]
 [ 0  0  0  0 12  0  0  0  0]
 [ 0  0  0  0  0 10  0  0  0]
 [ 0  0  0  0  0  0  9  0  0]
 [ 0  0  0  0  0  0  0  6  0]
 [ 0  0  0  0  0  0  0  0  6]]
INFO : Training sample: 	 10/ 100 ...
INFO : Training sample: 	 20/ 100 ...
INFO : Training sample: 	 30/ 100 ...
INFO : Training sample: 	 40/ 100 ...
INFO : Training sample: 	 50/ 100 ...
INFO : Training sample: 	 60/ 100 ...
INFO : Training sample: 	 70/ 100 ...
INFO : Training sample: 	 80/ 100 ...
INFO : Training sample: 	 90/ 100 ...
INFO : Training sample: 	 100/ 100 ...
INFO : Loss=0.01 ; accuracy=1.0
INFO : precision=[1.0, 1.0, 1.0, 1.0, 1.0, 1.0, 1.0, 1.0, 1.0]
Recall=[1.0, 1.0, 1.0, 1.0, 1.0, 1.0, 1.0, 1.0, 1.0]
INFO : F1_score=[1.0, 1.0, 1.0, 1.0, 1.0, 1.0, 1.0, 1.0, 1.0]
INFO : confusion_matrix=
[[16  0  0  0  0  0  0  0  0]
 [ 0 15  0  0  0  0  0  0  0]
 [ 0  0 13  0  0  0  0  0  0]
 [ 0  0  0 13  0  0  0  0  0]
 [ 0  0  0  0 12  0  0  0  0]
 [ 0  0  0  0  0 10  0  0  0]
 [ 0  0  0  0  0  0  9  0  0]
 [ 0  0  0  0  0  0  0  6  0]
 [ 0  0  0  0  0  0  0  0  6]]
INFO : Training sample: 	 10/ 100 ...
INFO : Training sample: 	 20/ 100 ...
INFO : Training sample: 	 30/ 100 ...
INFO : Training sample: 	 40/ 100 ...
INFO : Training sample: 	 50/ 100 ...
INFO : Training sample: 	 60/ 100 ...
INFO : Training sample: 	 70/ 100 ...
INFO : Training sample: 	 80/ 100 ...
INFO : Training sample: 	 90/ 100 ...
INFO : Training sample: 	 100/ 100 ...
INFO : Loss=0.01 ; accuracy=1.0
INFO : precision=[1.0, 1.0, 1.0, 1.0, 1.0, 1.0, 1.0, 1.0, 1.0]
Recall=[1.0, 1.0, 1.0, 1.0, 1.0, 1.0, 1.0, 1.0, 1.0]
INFO : F1_score=[1.0, 1.0, 1.0, 1.0, 1.0, 1.0, 1.0, 1.0, 1.0]
INFO : confusion_matrix=
[[16  0  0  0  0  0  0  0  0]
 [ 0 15  0  0  0  0  0  0  0]
 [ 0  0 13  0  0  0  0  0  0]
 [ 0  0  0 13  0  0  0  0  0]
 [ 0  0  0  0 12  0  0  0  0]
 [ 0  0  0  0  0 10  0  0  0]
 [ 0  0  0  0  0  0  9  0  0]
 [ 0  0  0  0  0  0  0  6  0]
 [ 0  0  0  0  0  0  0  0  6]]
INFO : Training sample: 	 10/ 100 ...
INFO : Training sample: 	 20/ 100 ...
INFO : Training sample: 	 30/ 100 ...
INFO : Training sample: 	 40/ 100 ...
INFO : Training sample: 	 50/ 100 ...
INFO : Training sample: 	 60/ 100 ...
INFO : Training sample: 	 70/ 100 ...
INFO : Training sample: 	 80/ 100 ...
INFO : Training sample: 	 90/ 100 ...
INFO : Training sample: 	 100/ 100 ...
INFO : Loss=0.01 ; accuracy=1.0
INFO : precision=[1.0, 1.0, 1.0, 1.0, 1.0, 1.0, 1.0, 1.0, 1.0]
Recall=[1.0, 1.0, 1.0, 1.0, 1.0, 1.0, 1.0, 1.0, 1.0]
INFO : F1_score=[1.0, 1.0, 1.0, 1.0, 1.0, 1.0, 1.0, 1.0, 1.0]
INFO : confusion_matrix=
[[16  0  0  0  0  0  0  0  0]
 [ 0 15  0  0  0  0  0  0  0]
 [ 0  0 13  0  0  0  0  0  0]
 [ 0  0  0 13  0  0  0  0  0]
 [ 0  0  0  0 12  0  0  0  0]
 [ 0  0  0  0  0 10  0  0  0]
 [ 0  0  0  0  0  0  9  0  0]
 [ 0  0  0  0  0  0  0  6  0]
 [ 0  0  0  0  0  0  0  0  6]]
INFO : Training sample: 	 10/ 100 ...
INFO : Training sample: 	 20/ 100 ...
INFO : Training sample: 	 30/ 100 ...
INFO : Training sample: 	 40/ 100 ...
INFO : Training sample: 	 50/ 100 ...
INFO : Training sample: 	 60/ 100 ...
INFO : Training sample: 	 70/ 100 ...
INFO : Training sample: 	 80/ 100 ...
INFO : Training sample: 	 90/ 100 ...
INFO : Training sample: 	 100/ 100 ...
INFO : Loss=0.01 ; accuracy=1.0
INFO : precision=[1.0, 1.0, 1.0, 1.0, 1.0, 1.0, 1.0, 1.0, 1.0]
Recall=[1.0, 1.0, 1.0, 1.0, 1.0, 1.0, 1.0, 1.0, 1.0]
INFO : F1_score=[1.0, 1.0, 1.0, 1.0, 1.0, 1.0, 1.0, 1.0, 1.0]
INFO : confusion_matrix=
[[16  0  0  0  0  0  0  0  0]
 [ 0 15  0  0  0  0  0  0  0]
 [ 0  0 13  0  0  0  0  0  0]
 [ 0  0  0 13  0  0  0  0  0]
 [ 0  0  0  0 12  0  0  0  0]
 [ 0  0  0  0  0 10  0  0  0]
 [ 0  0  0  0  0  0  9  0  0]
 [ 0  0  0  0  0  0  0  6  0]
 [ 0  0  0  0  0  0  0  0  6]]
INFO : Training sample: 	 10/ 100 ...
INFO : Training sample: 	 20/ 100 ...
INFO : Training sample: 	 30/ 100 ...
INFO : Training sample: 	 40/ 100 ...
INFO : Training sample: 	 50/ 100 ...
INFO : Training sample: 	 60/ 100 ...
INFO : Training sample: 	 70/ 100 ...
INFO : Training sample: 	 80/ 100 ...
INFO : Training sample: 	 90/ 100 ...
INFO : Training sample: 	 100/ 100 ...
INFO : Loss=0.01 ; accuracy=1.0
INFO : precision=[1.0, 1.0, 1.0, 1.0, 1.0, 1.0, 1.0, 1.0, 1.0]
Recall=[1.0, 1.0, 1.0, 1.0, 1.0, 1.0, 1.0, 1.0, 1.0]
INFO : F1_score=[1.0, 1.0, 1.0, 1.0, 1.0, 1.0, 1.0, 1.0, 1.0]
INFO : confusion_matrix=
[[16  0  0  0  0  0  0  0  0]
 [ 0 15  0  0  0  0  0  0  0]
 [ 0  0 13  0  0  0  0  0  0]
 [ 0  0  0 13  0  0  0  0  0]
 [ 0  0  0  0 12  0  0  0  0]
 [ 0  0  0  0  0 10  0  0  0]
 [ 0  0  0  0  0  0  9  0  0]
 [ 0  0  0  0  0  0  0  6  0]
 [ 0  0  0  0  0  0  0  0  6]]
INFO : Training sample: 	 10/ 100 ...
INFO : Training sample: 	 20/ 100 ...
INFO : Training sample: 	 30/ 100 ...
INFO : Training sample: 	 40/ 100 ...
INFO : Training sample: 	 50/ 100 ...
INFO : Training sample: 	 60/ 100 ...
INFO : Training sample: 	 70/ 100 ...
INFO : Training sample: 	 80/ 100 ...
INFO : Training sample: 	 90/ 100 ...
INFO : Training sample: 	 100/ 100 ...
INFO : Loss=0.01 ; accuracy=1.0
INFO : precision=[1.0, 1.0, 1.0, 1.0, 1.0, 1.0, 1.0, 1.0, 1.0]
Recall=[1.0, 1.0, 1.0, 1.0, 1.0, 1.0, 1.0, 1.0, 1.0]
INFO : F1_score=[1.0, 1.0, 1.0, 1.0, 1.0, 1.0, 1.0, 1.0, 1.0]
INFO : confusion_matrix=
[[16  0  0  0  0  0  0  0  0]
 [ 0 15  0  0  0  0  0  0  0]
 [ 0  0 13  0  0  0  0  0  0]
 [ 0  0  0 13  0  0  0  0  0]
 [ 0  0  0  0 12  0  0  0  0]
 [ 0  0  0  0  0 10  0  0  0]
 [ 0  0  0  0  0  0  9  0  0]
 [ 0  0  0  0  0  0  0  6  0]
 [ 0  0  0  0  0  0  0  0  6]]
INFO : Training sample: 	 10/ 100 ...
INFO : Training sample: 	 20/ 100 ...
INFO : Training sample: 	 30/ 100 ...
INFO : Training sample: 	 40/ 100 ...
INFO : Training sample: 	 50/ 100 ...
INFO : Training sample: 	 60/ 100 ...
INFO : Training sample: 	 70/ 100 ...
INFO : Training sample: 	 80/ 100 ...
INFO : Training sample: 	 90/ 100 ...
INFO : Training sample: 	 100/ 100 ...
INFO : Loss=0.01 ; accuracy=1.0
INFO : precision=[1.0, 1.0, 1.0, 1.0, 1.0, 1.0, 1.0, 1.0, 1.0]
Recall=[1.0, 1.0, 1.0, 1.0, 1.0, 1.0, 1.0, 1.0, 1.0]
INFO : F1_score=[1.0, 1.0, 1.0, 1.0, 1.0, 1.0, 1.0, 1.0, 1.0]
INFO : confusion_matrix=
[[16  0  0  0  0  0  0  0  0]
 [ 0 15  0  0  0  0  0  0  0]
 [ 0  0 13  0  0  0  0  0  0]
 [ 0  0  0 13  0  0  0  0  0]
 [ 0  0  0  0 12  0  0  0  0]
 [ 0  0  0  0  0 10  0  0  0]
 [ 0  0  0  0  0  0  9  0  0]
 [ 0  0  0  0  0  0  0  6  0]
 [ 0  0  0  0  0  0  0  0  6]]
INFO : Training sample: 	 10/ 100 ...
INFO : Training sample: 	 20/ 100 ...
INFO : Training sample: 	 30/ 100 ...
INFO : Training sample: 	 40/ 100 ...
INFO : Training sample: 	 50/ 100 ...
INFO : Training sample: 	 60/ 100 ...
INFO : Training sample: 	 70/ 100 ...
INFO : Training sample: 	 80/ 100 ...
INFO : Training sample: 	 90/ 100 ...
INFO : Training sample: 	 100/ 100 ...
INFO : Loss=0.01 ; accuracy=1.0
INFO : precision=[1.0, 1.0, 1.0, 1.0, 1.0, 1.0, 1.0, 1.0, 1.0]
Recall=[1.0, 1.0, 1.0, 1.0, 1.0, 1.0, 1.0, 1.0, 1.0]
INFO : F1_score=[1.0, 1.0, 1.0, 1.0, 1.0, 1.0, 1.0, 1.0, 1.0]
INFO : confusion_matrix=
[[16  0  0  0  0  0  0  0  0]
 [ 0 15  0  0  0  0  0  0  0]
 [ 0  0 13  0  0  0  0  0  0]
 [ 0  0  0 13  0  0  0  0  0]
 [ 0  0  0  0 12  0  0  0  0]
 [ 0  0  0  0  0 10  0  0  0]
 [ 0  0  0  0  0  0  9  0  0]
 [ 0  0  0  0  0  0  0  6  0]
 [ 0  0  0  0  0  0  0  0  6]]
INFO : Training sample: 	 10/ 100 ...
INFO : Training sample: 	 20/ 100 ...
INFO : Training sample: 	 30/ 100 ...
INFO : Training sample: 	 40/ 100 ...
INFO : Training sample: 	 50/ 100 ...
INFO : Training sample: 	 60/ 100 ...
INFO : Training sample: 	 70/ 100 ...
INFO : Training sample: 	 80/ 100 ...
INFO : Training sample: 	 90/ 100 ...
INFO : Training sample: 	 100/ 100 ...
INFO : Loss=0.01 ; accuracy=1.0
INFO : precision=[1.0, 1.0, 1.0, 1.0, 1.0, 1.0, 1.0, 1.0, 1.0]
Recall=[1.0, 1.0, 1.0, 1.0, 1.0, 1.0, 1.0, 1.0, 1.0]
INFO : F1_score=[1.0, 1.0, 1.0, 1.0, 1.0, 1.0, 1.0, 1.0, 1.0]
INFO : confusion_matrix=
[[16  0  0  0  0  0  0  0  0]
 [ 0 15  0  0  0  0  0  0  0]
 [ 0  0 13  0  0  0  0  0  0]
 [ 0  0  0 13  0  0  0  0  0]
 [ 0  0  0  0 12  0  0  0  0]
 [ 0  0  0  0  0 10  0  0  0]
 [ 0  0  0  0  0  0  9  0  0]
 [ 0  0  0  0  0  0  0  6  0]
 [ 0  0  0  0  0  0  0  0  6]]
INFO : Training sample: 	 10/ 100 ...
INFO : Training sample: 	 20/ 100 ...
INFO : Training sample: 	 30/ 100 ...
INFO : Training sample: 	 40/ 100 ...
INFO : Training sample: 	 50/ 100 ...
INFO : Training sample: 	 60/ 100 ...
INFO : Training sample: 	 70/ 100 ...
INFO : Training sample: 	 80/ 100 ...
INFO : Training sample: 	 90/ 100 ...
INFO : Training sample: 	 100/ 100 ...
INFO : Loss=0.01 ; accuracy=1.0
INFO : precision=[1.0, 1.0, 1.0, 1.0, 1.0, 1.0, 1.0, 1.0, 1.0]
Recall=[1.0, 1.0, 1.0, 1.0, 1.0, 1.0, 1.0, 1.0, 1.0]
INFO : F1_score=[1.0, 1.0, 1.0, 1.0, 1.0, 1.0, 1.0, 1.0, 1.0]
INFO : confusion_matrix=
[[16  0  0  0  0  0  0  0  0]
 [ 0 15  0  0  0  0  0  0  0]
 [ 0  0 13  0  0  0  0  0  0]
 [ 0  0  0 13  0  0  0  0  0]
 [ 0  0  0  0 12  0  0  0  0]
 [ 0  0  0  0  0 10  0  0  0]
 [ 0  0  0  0  0  0  9  0  0]
 [ 0  0  0  0  0  0  0  6  0]
 [ 0  0  0  0  0  0  0  0  6]]
