INFO : Current epoch: 1
INFO : Training sample: 	 20/ 100 ...
INFO : Training sample: 	 40/ 100 ...
INFO : Training sample: 	 60/ 100 ...
INFO : Training sample: 	 80/ 100 ...
INFO : Training sample: 	 100/ 100 ...
INFO : Loss=2.2 ; accuracy=0.11
INFO : precision=[0.0, 0.11, 0.12, 0.0, 0.0, 0.0, 0.0, 0.0, 0.0]
Recall=[0.0, 0.6, 0.15, 0.0, 0.0, 0.0, 0.0, 0.0, 0.0]
INFO : F1_score=[0.0, 0.19, 0.13, 0.0, 0.0, 0.0, 0.0, 0.0, 0.0]
INFO : confusion_matrix=
[[ 0 13  2  0  0  1  0  0  0]
 [ 0  9  5  0  0  1  0  0  0]
 [ 0 10  2  0  0  1  0  0  0]
 [ 0 12  1  0  0  0  0  0  0]
 [ 0 10  2  0  0  0  0  0  0]
 [ 0  8  2  0  0  0  0  0  0]
 [ 0  8  1  0  0  0  0  0  0]
 [ 0  4  1  0  0  1  0  0  0]
 [ 0  5  1  0  0  0  0  0  0]]
INFO : Current epoch: 2
INFO : Training sample: 	 20/ 100 ...
INFO : Training sample: 	 40/ 100 ...
INFO : Training sample: 	 60/ 100 ...
INFO : Training sample: 	 80/ 100 ...
INFO : Training sample: 	 100/ 100 ...
INFO : Loss=2.05 ; accuracy=0.31
INFO : precision=[0.46, 0.22, 1.0, 0.0, 0.0, 0.0, 1.0, 0.0, 0.0]
Recall=[0.81, 1.0, 0.15, 0.0, 0.0, 0.0, 0.11, 0.0, 0.0]
INFO : F1_score=[0.59, 0.36, 0.27, 0.0, 0.0, 0.0, 0.2, 0.0, 0.0]
INFO : confusion_matrix=
[[13  3  0  0  0  0  0  0  0]
 [ 0 15  0  0  0  0  0  0  0]
 [ 3  8  2  0  0  0  0  0  0]
 [ 4  9  0  0  0  0  0  0  0]
 [ 2 10  0  0  0  0  0  0  0]
 [ 1  9  0  0  0  0  0  0  0]
 [ 1  7  0  0  0  0  1  0  0]
 [ 2  4  0  0  0  0  0  0  0]
 [ 2  4  0  0  0  0  0  0  0]]
INFO : Current epoch: 3
INFO : Training sample: 	 20/ 100 ...
INFO : Training sample: 	 40/ 100 ...
INFO : Training sample: 	 60/ 100 ...
INFO : Training sample: 	 80/ 100 ...
INFO : Training sample: 	 100/ 100 ...
INFO : Loss=1.59 ; accuracy=0.64
INFO : precision=[0.48, 0.48, 1.0, 0.88, 1.0, 1.0, 0.75, 0.0, 0.0]
Recall=[1.0, 1.0, 0.77, 0.54, 0.58, 0.3, 0.67, 0.0, 0.0]
INFO : F1_score=[0.65, 0.65, 0.87, 0.67, 0.74, 0.46, 0.71, 0.0, 0.0]
INFO : confusion_matrix=
[[16  0  0  0  0  0  0  0  0]
 [ 0 15  0  0  0  0  0  0  0]
 [ 1  2 10  0  0  0  0  0  0]
 [ 6  0  0  7  0  0  0  0  0]
 [ 3  2  0  0  7  0  0  0  0]
 [ 2  3  0  1  0  3  1  0  0]
 [ 1  2  0  0  0  0  6  0  0]
 [ 1  5  0  0  0  0  0  0  0]
 [ 3  2  0  0  0  0  1  0  0]]
INFO : Current epoch: 4
INFO : Training sample: 	 20/ 100 ...
INFO : Training sample: 	 40/ 100 ...
INFO : Training sample: 	 60/ 100 ...
INFO : Training sample: 	 80/ 100 ...
INFO : Training sample: 	 100/ 100 ...
INFO : Loss=0.78 ; accuracy=0.98
INFO : precision=[1.0, 0.94, 0.93, 1.0, 1.0, 1.0, 1.0, 1.0, 1.0]
Recall=[1.0, 1.0, 1.0, 1.0, 1.0, 1.0, 1.0, 0.67, 1.0]
INFO : F1_score=[1.0, 0.97, 0.96, 1.0, 1.0, 1.0, 1.0, 0.8, 1.0]
INFO : confusion_matrix=
[[16  0  0  0  0  0  0  0  0]
 [ 0 15  0  0  0  0  0  0  0]
 [ 0  0 13  0  0  0  0  0  0]
 [ 0  0  0 13  0  0  0  0  0]
 [ 0  0  0  0 12  0  0  0  0]
 [ 0  0  0  0  0 10  0  0  0]
 [ 0  0  0  0  0  0  9  0  0]
 [ 0  1  1  0  0  0  0  4  0]
 [ 0  0  0  0  0  0  0  0  6]]
INFO : Current epoch: 5
INFO : Training sample: 	 20/ 100 ...
INFO : Training sample: 	 40/ 100 ...
INFO : Training sample: 	 60/ 100 ...
INFO : Training sample: 	 80/ 100 ...
INFO : Training sample: 	 100/ 100 ...
INFO : Loss=0.22 ; accuracy=1.0
INFO : precision=[1.0, 1.0, 1.0, 1.0, 1.0, 1.0, 1.0, 1.0, 1.0]
Recall=[1.0, 1.0, 1.0, 1.0, 1.0, 1.0, 1.0, 1.0, 1.0]
INFO : F1_score=[1.0, 1.0, 1.0, 1.0, 1.0, 1.0, 1.0, 1.0, 1.0]
INFO : confusion_matrix=
[[16  0  0  0  0  0  0  0  0]
 [ 0 15  0  0  0  0  0  0  0]
 [ 0  0 13  0  0  0  0  0  0]
 [ 0  0  0 13  0  0  0  0  0]
 [ 0  0  0  0 12  0  0  0  0]
 [ 0  0  0  0  0 10  0  0  0]
 [ 0  0  0  0  0  0  9  0  0]
 [ 0  0  0  0  0  0  0  6  0]
 [ 0  0  0  0  0  0  0  0  6]]
INFO : Current epoch: 6
INFO : Training sample: 	 20/ 100 ...
INFO : Training sample: 	 40/ 100 ...
INFO : Training sample: 	 60/ 100 ...
INFO : Training sample: 	 80/ 100 ...
INFO : Training sample: 	 100/ 100 ...
INFO : Loss=0.08 ; accuracy=1.0
INFO : precision=[1.0, 1.0, 1.0, 1.0, 1.0, 1.0, 1.0, 1.0, 1.0]
Recall=[1.0, 1.0, 1.0, 1.0, 1.0, 1.0, 1.0, 1.0, 1.0]
INFO : F1_score=[1.0, 1.0, 1.0, 1.0, 1.0, 1.0, 1.0, 1.0, 1.0]
INFO : confusion_matrix=
[[16  0  0  0  0  0  0  0  0]
 [ 0 15  0  0  0  0  0  0  0]
 [ 0  0 13  0  0  0  0  0  0]
 [ 0  0  0 13  0  0  0  0  0]
 [ 0  0  0  0 12  0  0  0  0]
 [ 0  0  0  0  0 10  0  0  0]
 [ 0  0  0  0  0  0  9  0  0]
 [ 0  0  0  0  0  0  0  6  0]
 [ 0  0  0  0  0  0  0  0  6]]
INFO : Current epoch: 7
INFO : Training sample: 	 20/ 100 ...
INFO : Training sample: 	 40/ 100 ...
INFO : Training sample: 	 60/ 100 ...
INFO : Training sample: 	 80/ 100 ...
INFO : Training sample: 	 100/ 100 ...
INFO : Loss=0.04 ; accuracy=1.0
INFO : precision=[1.0, 1.0, 1.0, 1.0, 1.0, 1.0, 1.0, 1.0, 1.0]
Recall=[1.0, 1.0, 1.0, 1.0, 1.0, 1.0, 1.0, 1.0, 1.0]
INFO : F1_score=[1.0, 1.0, 1.0, 1.0, 1.0, 1.0, 1.0, 1.0, 1.0]
INFO : confusion_matrix=
[[16  0  0  0  0  0  0  0  0]
 [ 0 15  0  0  0  0  0  0  0]
 [ 0  0 13  0  0  0  0  0  0]
 [ 0  0  0 13  0  0  0  0  0]
 [ 0  0  0  0 12  0  0  0  0]
 [ 0  0  0  0  0 10  0  0  0]
 [ 0  0  0  0  0  0  9  0  0]
 [ 0  0  0  0  0  0  0  6  0]
 [ 0  0  0  0  0  0  0  0  6]]
INFO : Current epoch: 8
INFO : Training sample: 	 20/ 100 ...
INFO : Training sample: 	 40/ 100 ...
INFO : Training sample: 	 60/ 100 ...
INFO : Training sample: 	 80/ 100 ...
INFO : Training sample: 	 100/ 100 ...
INFO : Loss=0.02 ; accuracy=1.0
INFO : precision=[1.0, 1.0, 1.0, 1.0, 1.0, 1.0, 1.0, 1.0, 1.0]
Recall=[1.0, 1.0, 1.0, 1.0, 1.0, 1.0, 1.0, 1.0, 1.0]
INFO : F1_score=[1.0, 1.0, 1.0, 1.0, 1.0, 1.0, 1.0, 1.0, 1.0]
INFO : confusion_matrix=
[[16  0  0  0  0  0  0  0  0]
 [ 0 15  0  0  0  0  0  0  0]
 [ 0  0 13  0  0  0  0  0  0]
 [ 0  0  0 13  0  0  0  0  0]
 [ 0  0  0  0 12  0  0  0  0]
 [ 0  0  0  0  0 10  0  0  0]
 [ 0  0  0  0  0  0  9  0  0]
 [ 0  0  0  0  0  0  0  6  0]
 [ 0  0  0  0  0  0  0  0  6]]
INFO : Current epoch: 9
INFO : Training sample: 	 20/ 100 ...
INFO : Training sample: 	 40/ 100 ...
INFO : Training sample: 	 60/ 100 ...
INFO : Training sample: 	 80/ 100 ...
INFO : Training sample: 	 100/ 100 ...
INFO : Loss=0.02 ; accuracy=1.0
INFO : precision=[1.0, 1.0, 1.0, 1.0, 1.0, 1.0, 1.0, 1.0, 1.0]
Recall=[1.0, 1.0, 1.0, 1.0, 1.0, 1.0, 1.0, 1.0, 1.0]
INFO : F1_score=[1.0, 1.0, 1.0, 1.0, 1.0, 1.0, 1.0, 1.0, 1.0]
INFO : confusion_matrix=
[[16  0  0  0  0  0  0  0  0]
 [ 0 15  0  0  0  0  0  0  0]
 [ 0  0 13  0  0  0  0  0  0]
 [ 0  0  0 13  0  0  0  0  0]
 [ 0  0  0  0 12  0  0  0  0]
 [ 0  0  0  0  0 10  0  0  0]
 [ 0  0  0  0  0  0  9  0  0]
 [ 0  0  0  0  0  0  0  6  0]
 [ 0  0  0  0  0  0  0  0  6]]
INFO : Current epoch: 10
INFO : Training sample: 	 20/ 100 ...
INFO : Training sample: 	 40/ 100 ...
INFO : Training sample: 	 60/ 100 ...
INFO : Training sample: 	 80/ 100 ...
INFO : Training sample: 	 100/ 100 ...
INFO : Loss=0.01 ; accuracy=1.0
INFO : precision=[1.0, 1.0, 1.0, 1.0, 1.0, 1.0, 1.0, 1.0, 1.0]
Recall=[1.0, 1.0, 1.0, 1.0, 1.0, 1.0, 1.0, 1.0, 1.0]
INFO : F1_score=[1.0, 1.0, 1.0, 1.0, 1.0, 1.0, 1.0, 1.0, 1.0]
INFO : confusion_matrix=
[[16  0  0  0  0  0  0  0  0]
 [ 0 15  0  0  0  0  0  0  0]
 [ 0  0 13  0  0  0  0  0  0]
 [ 0  0  0 13  0  0  0  0  0]
 [ 0  0  0  0 12  0  0  0  0]
 [ 0  0  0  0  0 10  0  0  0]
 [ 0  0  0  0  0  0  9  0  0]
 [ 0  0  0  0  0  0  0  6  0]
 [ 0  0  0  0  0  0  0  0  6]]
INFO : Current epoch: 11
INFO : Training sample: 	 20/ 100 ...
INFO : Training sample: 	 40/ 100 ...
INFO : Training sample: 	 60/ 100 ...
INFO : Training sample: 	 80/ 100 ...
INFO : Training sample: 	 100/ 100 ...
INFO : Loss=0.01 ; accuracy=1.0
INFO : precision=[1.0, 1.0, 1.0, 1.0, 1.0, 1.0, 1.0, 1.0, 1.0]
Recall=[1.0, 1.0, 1.0, 1.0, 1.0, 1.0, 1.0, 1.0, 1.0]
INFO : F1_score=[1.0, 1.0, 1.0, 1.0, 1.0, 1.0, 1.0, 1.0, 1.0]
INFO : confusion_matrix=
[[16  0  0  0  0  0  0  0  0]
 [ 0 15  0  0  0  0  0  0  0]
 [ 0  0 13  0  0  0  0  0  0]
 [ 0  0  0 13  0  0  0  0  0]
 [ 0  0  0  0 12  0  0  0  0]
 [ 0  0  0  0  0 10  0  0  0]
 [ 0  0  0  0  0  0  9  0  0]
 [ 0  0  0  0  0  0  0  6  0]
 [ 0  0  0  0  0  0  0  0  6]]
INFO : Current epoch: 12
INFO : Training sample: 	 20/ 100 ...
INFO : Training sample: 	 40/ 100 ...
INFO : Training sample: 	 60/ 100 ...
INFO : Training sample: 	 80/ 100 ...
INFO : Training sample: 	 100/ 100 ...
INFO : Loss=0.01 ; accuracy=1.0
INFO : precision=[1.0, 1.0, 1.0, 1.0, 1.0, 1.0, 1.0, 1.0, 1.0]
Recall=[1.0, 1.0, 1.0, 1.0, 1.0, 1.0, 1.0, 1.0, 1.0]
INFO : F1_score=[1.0, 1.0, 1.0, 1.0, 1.0, 1.0, 1.0, 1.0, 1.0]
INFO : confusion_matrix=
[[16  0  0  0  0  0  0  0  0]
 [ 0 15  0  0  0  0  0  0  0]
 [ 0  0 13  0  0  0  0  0  0]
 [ 0  0  0 13  0  0  0  0  0]
 [ 0  0  0  0 12  0  0  0  0]
 [ 0  0  0  0  0 10  0  0  0]
 [ 0  0  0  0  0  0  9  0  0]
 [ 0  0  0  0  0  0  0  6  0]
 [ 0  0  0  0  0  0  0  0  6]]
INFO : Current epoch: 13
INFO : Training sample: 	 20/ 100 ...
INFO : Training sample: 	 40/ 100 ...
INFO : Training sample: 	 60/ 100 ...
INFO : Training sample: 	 80/ 100 ...
INFO : Training sample: 	 100/ 100 ...
INFO : Loss=0.01 ; accuracy=1.0
INFO : precision=[1.0, 1.0, 1.0, 1.0, 1.0, 1.0, 1.0, 1.0, 1.0]
Recall=[1.0, 1.0, 1.0, 1.0, 1.0, 1.0, 1.0, 1.0, 1.0]
INFO : F1_score=[1.0, 1.0, 1.0, 1.0, 1.0, 1.0, 1.0, 1.0, 1.0]
INFO : confusion_matrix=
[[16  0  0  0  0  0  0  0  0]
 [ 0 15  0  0  0  0  0  0  0]
 [ 0  0 13  0  0  0  0  0  0]
 [ 0  0  0 13  0  0  0  0  0]
 [ 0  0  0  0 12  0  0  0  0]
 [ 0  0  0  0  0 10  0  0  0]
 [ 0  0  0  0  0  0  9  0  0]
 [ 0  0  0  0  0  0  0  6  0]
 [ 0  0  0  0  0  0  0  0  6]]
INFO : Current epoch: 14
INFO : Training sample: 	 20/ 100 ...
INFO : Training sample: 	 40/ 100 ...
INFO : Training sample: 	 60/ 100 ...
INFO : Training sample: 	 80/ 100 ...
INFO : Training sample: 	 100/ 100 ...
INFO : Loss=0.01 ; accuracy=1.0
INFO : precision=[1.0, 1.0, 1.0, 1.0, 1.0, 1.0, 1.0, 1.0, 1.0]
Recall=[1.0, 1.0, 1.0, 1.0, 1.0, 1.0, 1.0, 1.0, 1.0]
INFO : F1_score=[1.0, 1.0, 1.0, 1.0, 1.0, 1.0, 1.0, 1.0, 1.0]
INFO : confusion_matrix=
[[16  0  0  0  0  0  0  0  0]
 [ 0 15  0  0  0  0  0  0  0]
 [ 0  0 13  0  0  0  0  0  0]
 [ 0  0  0 13  0  0  0  0  0]
 [ 0  0  0  0 12  0  0  0  0]
 [ 0  0  0  0  0 10  0  0  0]
 [ 0  0  0  0  0  0  9  0  0]
 [ 0  0  0  0  0  0  0  6  0]
 [ 0  0  0  0  0  0  0  0  6]]
INFO : Current epoch: 15
INFO : Training sample: 	 20/ 100 ...
INFO : Training sample: 	 40/ 100 ...
INFO : Training sample: 	 60/ 100 ...
INFO : Training sample: 	 80/ 100 ...
INFO : Training sample: 	 100/ 100 ...
INFO : Loss=0.0 ; accuracy=1.0
INFO : precision=[1.0, 1.0, 1.0, 1.0, 1.0, 1.0, 1.0, 1.0, 1.0]
Recall=[1.0, 1.0, 1.0, 1.0, 1.0, 1.0, 1.0, 1.0, 1.0]
INFO : F1_score=[1.0, 1.0, 1.0, 1.0, 1.0, 1.0, 1.0, 1.0, 1.0]
INFO : confusion_matrix=
[[16  0  0  0  0  0  0  0  0]
 [ 0 15  0  0  0  0  0  0  0]
 [ 0  0 13  0  0  0  0  0  0]
 [ 0  0  0 13  0  0  0  0  0]
 [ 0  0  0  0 12  0  0  0  0]
 [ 0  0  0  0  0 10  0  0  0]
 [ 0  0  0  0  0  0  9  0  0]
 [ 0  0  0  0  0  0  0  6  0]
 [ 0  0  0  0  0  0  0  0  6]]
INFO : Current epoch: 16
INFO : Training sample: 	 20/ 100 ...
INFO : Training sample: 	 40/ 100 ...
INFO : Training sample: 	 60/ 100 ...
INFO : Training sample: 	 80/ 100 ...
INFO : Training sample: 	 100/ 100 ...
INFO : Loss=0.0 ; accuracy=1.0
INFO : precision=[1.0, 1.0, 1.0, 1.0, 1.0, 1.0, 1.0, 1.0, 1.0]
Recall=[1.0, 1.0, 1.0, 1.0, 1.0, 1.0, 1.0, 1.0, 1.0]
INFO : F1_score=[1.0, 1.0, 1.0, 1.0, 1.0, 1.0, 1.0, 1.0, 1.0]
INFO : confusion_matrix=
[[16  0  0  0  0  0  0  0  0]
 [ 0 15  0  0  0  0  0  0  0]
 [ 0  0 13  0  0  0  0  0  0]
 [ 0  0  0 13  0  0  0  0  0]
 [ 0  0  0  0 12  0  0  0  0]
 [ 0  0  0  0  0 10  0  0  0]
 [ 0  0  0  0  0  0  9  0  0]
 [ 0  0  0  0  0  0  0  6  0]
 [ 0  0  0  0  0  0  0  0  6]]
INFO : Current epoch: 17
INFO : Training sample: 	 20/ 100 ...
INFO : Training sample: 	 40/ 100 ...
INFO : Training sample: 	 60/ 100 ...
INFO : Training sample: 	 80/ 100 ...
INFO : Training sample: 	 100/ 100 ...
INFO : Loss=0.0 ; accuracy=1.0
INFO : precision=[1.0, 1.0, 1.0, 1.0, 1.0, 1.0, 1.0, 1.0, 1.0]
Recall=[1.0, 1.0, 1.0, 1.0, 1.0, 1.0, 1.0, 1.0, 1.0]
INFO : F1_score=[1.0, 1.0, 1.0, 1.0, 1.0, 1.0, 1.0, 1.0, 1.0]
INFO : confusion_matrix=
[[16  0  0  0  0  0  0  0  0]
 [ 0 15  0  0  0  0  0  0  0]
 [ 0  0 13  0  0  0  0  0  0]
 [ 0  0  0 13  0  0  0  0  0]
 [ 0  0  0  0 12  0  0  0  0]
 [ 0  0  0  0  0 10  0  0  0]
 [ 0  0  0  0  0  0  9  0  0]
 [ 0  0  0  0  0  0  0  6  0]
 [ 0  0  0  0  0  0  0  0  6]]
INFO : Current epoch: 18
INFO : Training sample: 	 20/ 100 ...
INFO : Training sample: 	 40/ 100 ...
INFO : Training sample: 	 60/ 100 ...
INFO : Training sample: 	 80/ 100 ...
INFO : Training sample: 	 100/ 100 ...
INFO : Loss=0.0 ; accuracy=1.0
INFO : precision=[1.0, 1.0, 1.0, 1.0, 1.0, 1.0, 1.0, 1.0, 1.0]
Recall=[1.0, 1.0, 1.0, 1.0, 1.0, 1.0, 1.0, 1.0, 1.0]
INFO : F1_score=[1.0, 1.0, 1.0, 1.0, 1.0, 1.0, 1.0, 1.0, 1.0]
INFO : confusion_matrix=
[[16  0  0  0  0  0  0  0  0]
 [ 0 15  0  0  0  0  0  0  0]
 [ 0  0 13  0  0  0  0  0  0]
 [ 0  0  0 13  0  0  0  0  0]
 [ 0  0  0  0 12  0  0  0  0]
 [ 0  0  0  0  0 10  0  0  0]
 [ 0  0  0  0  0  0  9  0  0]
 [ 0  0  0  0  0  0  0  6  0]
 [ 0  0  0  0  0  0  0  0  6]]
INFO : Current epoch: 19
INFO : Training sample: 	 20/ 100 ...
INFO : Training sample: 	 40/ 100 ...
INFO : Training sample: 	 60/ 100 ...
INFO : Training sample: 	 80/ 100 ...
INFO : Training sample: 	 100/ 100 ...
INFO : Loss=0.0 ; accuracy=1.0
INFO : precision=[1.0, 1.0, 1.0, 1.0, 1.0, 1.0, 1.0, 1.0, 1.0]
Recall=[1.0, 1.0, 1.0, 1.0, 1.0, 1.0, 1.0, 1.0, 1.0]
INFO : F1_score=[1.0, 1.0, 1.0, 1.0, 1.0, 1.0, 1.0, 1.0, 1.0]
INFO : confusion_matrix=
[[16  0  0  0  0  0  0  0  0]
 [ 0 15  0  0  0  0  0  0  0]
 [ 0  0 13  0  0  0  0  0  0]
 [ 0  0  0 13  0  0  0  0  0]
 [ 0  0  0  0 12  0  0  0  0]
 [ 0  0  0  0  0 10  0  0  0]
 [ 0  0  0  0  0  0  9  0  0]
 [ 0  0  0  0  0  0  0  6  0]
 [ 0  0  0  0  0  0  0  0  6]]
INFO : Current epoch: 20
INFO : Training sample: 	 20/ 100 ...
INFO : Training sample: 	 40/ 100 ...
INFO : Training sample: 	 60/ 100 ...
INFO : Training sample: 	 80/ 100 ...
INFO : Training sample: 	 100/ 100 ...
INFO : Loss=0.0 ; accuracy=1.0
INFO : precision=[1.0, 1.0, 1.0, 1.0, 1.0, 1.0, 1.0, 1.0, 1.0]
Recall=[1.0, 1.0, 1.0, 1.0, 1.0, 1.0, 1.0, 1.0, 1.0]
INFO : F1_score=[1.0, 1.0, 1.0, 1.0, 1.0, 1.0, 1.0, 1.0, 1.0]
INFO : confusion_matrix=
[[16  0  0  0  0  0  0  0  0]
 [ 0 15  0  0  0  0  0  0  0]
 [ 0  0 13  0  0  0  0  0  0]
 [ 0  0  0 13  0  0  0  0  0]
 [ 0  0  0  0 12  0  0  0  0]
 [ 0  0  0  0  0 10  0  0  0]
 [ 0  0  0  0  0  0  9  0  0]
 [ 0  0  0  0  0  0  0  6  0]
 [ 0  0  0  0  0  0  0  0  6]]
INFO : Current epoch: 21
INFO : Training sample: 	 20/ 100 ...
INFO : Training sample: 	 40/ 100 ...
INFO : Training sample: 	 60/ 100 ...
INFO : Training sample: 	 80/ 100 ...
INFO : Training sample: 	 100/ 100 ...
INFO : Loss=0.0 ; accuracy=1.0
INFO : precision=[1.0, 1.0, 1.0, 1.0, 1.0, 1.0, 1.0, 1.0, 1.0]
Recall=[1.0, 1.0, 1.0, 1.0, 1.0, 1.0, 1.0, 1.0, 1.0]
INFO : F1_score=[1.0, 1.0, 1.0, 1.0, 1.0, 1.0, 1.0, 1.0, 1.0]
INFO : confusion_matrix=
[[16  0  0  0  0  0  0  0  0]
 [ 0 15  0  0  0  0  0  0  0]
 [ 0  0 13  0  0  0  0  0  0]
 [ 0  0  0 13  0  0  0  0  0]
 [ 0  0  0  0 12  0  0  0  0]
 [ 0  0  0  0  0 10  0  0  0]
 [ 0  0  0  0  0  0  9  0  0]
 [ 0  0  0  0  0  0  0  6  0]
 [ 0  0  0  0  0  0  0  0  6]]
INFO : Current epoch: 22
INFO : Training sample: 	 20/ 100 ...
INFO : Training sample: 	 40/ 100 ...
INFO : Training sample: 	 60/ 100 ...
INFO : Training sample: 	 80/ 100 ...
INFO : Training sample: 	 100/ 100 ...
INFO : Loss=0.0 ; accuracy=1.0
INFO : precision=[1.0, 1.0, 1.0, 1.0, 1.0, 1.0, 1.0, 1.0, 1.0]
Recall=[1.0, 1.0, 1.0, 1.0, 1.0, 1.0, 1.0, 1.0, 1.0]
INFO : F1_score=[1.0, 1.0, 1.0, 1.0, 1.0, 1.0, 1.0, 1.0, 1.0]
INFO : confusion_matrix=
[[16  0  0  0  0  0  0  0  0]
 [ 0 15  0  0  0  0  0  0  0]
 [ 0  0 13  0  0  0  0  0  0]
 [ 0  0  0 13  0  0  0  0  0]
 [ 0  0  0  0 12  0  0  0  0]
 [ 0  0  0  0  0 10  0  0  0]
 [ 0  0  0  0  0  0  9  0  0]
 [ 0  0  0  0  0  0  0  6  0]
 [ 0  0  0  0  0  0  0  0  6]]
INFO : Current epoch: 23
INFO : Training sample: 	 20/ 100 ...
INFO : Training sample: 	 40/ 100 ...
INFO : Training sample: 	 60/ 100 ...
INFO : Training sample: 	 80/ 100 ...
INFO : Training sample: 	 100/ 100 ...
INFO : Loss=0.0 ; accuracy=1.0
INFO : precision=[1.0, 1.0, 1.0, 1.0, 1.0, 1.0, 1.0, 1.0, 1.0]
Recall=[1.0, 1.0, 1.0, 1.0, 1.0, 1.0, 1.0, 1.0, 1.0]
INFO : F1_score=[1.0, 1.0, 1.0, 1.0, 1.0, 1.0, 1.0, 1.0, 1.0]
INFO : confusion_matrix=
[[16  0  0  0  0  0  0  0  0]
 [ 0 15  0  0  0  0  0  0  0]
 [ 0  0 13  0  0  0  0  0  0]
 [ 0  0  0 13  0  0  0  0  0]
 [ 0  0  0  0 12  0  0  0  0]
 [ 0  0  0  0  0 10  0  0  0]
 [ 0  0  0  0  0  0  9  0  0]
 [ 0  0  0  0  0  0  0  6  0]
 [ 0  0  0  0  0  0  0  0  6]]
INFO : Current epoch: 24
INFO : Training sample: 	 20/ 100 ...
INFO : Training sample: 	 40/ 100 ...
INFO : Training sample: 	 60/ 100 ...
INFO : Training sample: 	 80/ 100 ...
INFO : Training sample: 	 100/ 100 ...
INFO : Loss=0.0 ; accuracy=1.0
INFO : precision=[1.0, 1.0, 1.0, 1.0, 1.0, 1.0, 1.0, 1.0, 1.0]
Recall=[1.0, 1.0, 1.0, 1.0, 1.0, 1.0, 1.0, 1.0, 1.0]
INFO : F1_score=[1.0, 1.0, 1.0, 1.0, 1.0, 1.0, 1.0, 1.0, 1.0]
INFO : confusion_matrix=
[[16  0  0  0  0  0  0  0  0]
 [ 0 15  0  0  0  0  0  0  0]
 [ 0  0 13  0  0  0  0  0  0]
 [ 0  0  0 13  0  0  0  0  0]
 [ 0  0  0  0 12  0  0  0  0]
 [ 0  0  0  0  0 10  0  0  0]
 [ 0  0  0  0  0  0  9  0  0]
 [ 0  0  0  0  0  0  0  6  0]
 [ 0  0  0  0  0  0  0  0  6]]
INFO : Current epoch: 25
INFO : Training sample: 	 20/ 100 ...
INFO : Training sample: 	 40/ 100 ...
INFO : Training sample: 	 60/ 100 ...
INFO : Training sample: 	 80/ 100 ...
INFO : Training sample: 	 100/ 100 ...
INFO : Loss=0.0 ; accuracy=1.0
INFO : precision=[1.0, 1.0, 1.0, 1.0, 1.0, 1.0, 1.0, 1.0, 1.0]
Recall=[1.0, 1.0, 1.0, 1.0, 1.0, 1.0, 1.0, 1.0, 1.0]
INFO : F1_score=[1.0, 1.0, 1.0, 1.0, 1.0, 1.0, 1.0, 1.0, 1.0]
INFO : confusion_matrix=
[[16  0  0  0  0  0  0  0  0]
 [ 0 15  0  0  0  0  0  0  0]
 [ 0  0 13  0  0  0  0  0  0]
 [ 0  0  0 13  0  0  0  0  0]
 [ 0  0  0  0 12  0  0  0  0]
 [ 0  0  0  0  0 10  0  0  0]
 [ 0  0  0  0  0  0  9  0  0]
 [ 0  0  0  0  0  0  0  6  0]
 [ 0  0  0  0  0  0  0  0  6]]
INFO : Current epoch: 26
INFO : Training sample: 	 20/ 100 ...
INFO : Training sample: 	 40/ 100 ...
INFO : Training sample: 	 60/ 100 ...
INFO : Training sample: 	 80/ 100 ...
INFO : Training sample: 	 100/ 100 ...
INFO : Loss=0.0 ; accuracy=1.0
INFO : precision=[1.0, 1.0, 1.0, 1.0, 1.0, 1.0, 1.0, 1.0, 1.0]
Recall=[1.0, 1.0, 1.0, 1.0, 1.0, 1.0, 1.0, 1.0, 1.0]
INFO : F1_score=[1.0, 1.0, 1.0, 1.0, 1.0, 1.0, 1.0, 1.0, 1.0]
INFO : confusion_matrix=
[[16  0  0  0  0  0  0  0  0]
 [ 0 15  0  0  0  0  0  0  0]
 [ 0  0 13  0  0  0  0  0  0]
 [ 0  0  0 13  0  0  0  0  0]
 [ 0  0  0  0 12  0  0  0  0]
 [ 0  0  0  0  0 10  0  0  0]
 [ 0  0  0  0  0  0  9  0  0]
 [ 0  0  0  0  0  0  0  6  0]
 [ 0  0  0  0  0  0  0  0  6]]
INFO : Current epoch: 27
INFO : Training sample: 	 20/ 100 ...
INFO : Training sample: 	 40/ 100 ...
INFO : Training sample: 	 60/ 100 ...
INFO : Training sample: 	 80/ 100 ...
INFO : Training sample: 	 100/ 100 ...
INFO : Loss=0.0 ; accuracy=1.0
INFO : precision=[1.0, 1.0, 1.0, 1.0, 1.0, 1.0, 1.0, 1.0, 1.0]
Recall=[1.0, 1.0, 1.0, 1.0, 1.0, 1.0, 1.0, 1.0, 1.0]
INFO : F1_score=[1.0, 1.0, 1.0, 1.0, 1.0, 1.0, 1.0, 1.0, 1.0]
INFO : confusion_matrix=
[[16  0  0  0  0  0  0  0  0]
 [ 0 15  0  0  0  0  0  0  0]
 [ 0  0 13  0  0  0  0  0  0]
 [ 0  0  0 13  0  0  0  0  0]
 [ 0  0  0  0 12  0  0  0  0]
 [ 0  0  0  0  0 10  0  0  0]
 [ 0  0  0  0  0  0  9  0  0]
 [ 0  0  0  0  0  0  0  6  0]
 [ 0  0  0  0  0  0  0  0  6]]
INFO : Current epoch: 28
INFO : Training sample: 	 20/ 100 ...
INFO : Training sample: 	 40/ 100 ...
INFO : Training sample: 	 60/ 100 ...
INFO : Training sample: 	 80/ 100 ...
INFO : Training sample: 	 100/ 100 ...
INFO : Loss=0.0 ; accuracy=1.0
INFO : precision=[1.0, 1.0, 1.0, 1.0, 1.0, 1.0, 1.0, 1.0, 1.0]
Recall=[1.0, 1.0, 1.0, 1.0, 1.0, 1.0, 1.0, 1.0, 1.0]
INFO : F1_score=[1.0, 1.0, 1.0, 1.0, 1.0, 1.0, 1.0, 1.0, 1.0]
INFO : confusion_matrix=
[[16  0  0  0  0  0  0  0  0]
 [ 0 15  0  0  0  0  0  0  0]
 [ 0  0 13  0  0  0  0  0  0]
 [ 0  0  0 13  0  0  0  0  0]
 [ 0  0  0  0 12  0  0  0  0]
 [ 0  0  0  0  0 10  0  0  0]
 [ 0  0  0  0  0  0  9  0  0]
 [ 0  0  0  0  0  0  0  6  0]
 [ 0  0  0  0  0  0  0  0  6]]
INFO : Current epoch: 29
INFO : Training sample: 	 20/ 100 ...
INFO : Training sample: 	 40/ 100 ...
INFO : Training sample: 	 60/ 100 ...
INFO : Training sample: 	 80/ 100 ...
INFO : Training sample: 	 100/ 100 ...
INFO : Loss=0.0 ; accuracy=1.0
INFO : precision=[1.0, 1.0, 1.0, 1.0, 1.0, 1.0, 1.0, 1.0, 1.0]
Recall=[1.0, 1.0, 1.0, 1.0, 1.0, 1.0, 1.0, 1.0, 1.0]
INFO : F1_score=[1.0, 1.0, 1.0, 1.0, 1.0, 1.0, 1.0, 1.0, 1.0]
INFO : confusion_matrix=
[[16  0  0  0  0  0  0  0  0]
 [ 0 15  0  0  0  0  0  0  0]
 [ 0  0 13  0  0  0  0  0  0]
 [ 0  0  0 13  0  0  0  0  0]
 [ 0  0  0  0 12  0  0  0  0]
 [ 0  0  0  0  0 10  0  0  0]
 [ 0  0  0  0  0  0  9  0  0]
 [ 0  0  0  0  0  0  0  6  0]
 [ 0  0  0  0  0  0  0  0  6]]
