INFO :  ****** Current epoch: 1 ****** 
INFO : Training sample: 	 1656/ 8280 ...
INFO : Training sample: 	 3312/ 8280 ...
INFO : Training sample: 	 4968/ 8280 ...
INFO : Training sample: 	 6624/ 8280 ...
INFO : Training sample: 	 8280/ 8280 ...
INFO : Loss=1.71 ; accuracy=0.426
INFO : precision=[0.55, 0.3, 0.49, 0.49, 0.46, 0.33, 0.66, 0.0, 1.0]
Recall=[0.68, 0.61, 0.5, 0.39, 0.54, 0.24, 0.04, 0.0, 0.0]
INFO : F1_score=[0.61, 0.4, 0.49, 0.43, 0.5, 0.28, 0.07, 0.0, 0.01]
INFO : confusion_matrix=
[[925 190  69  68  89  11   2   0   0]
 [ 81 804 174  88  92  82   0   0   0]
 [100 337 607  72  89  15   0   0   0]
 [200 260  92 441  79  68   1   0   0]
 [ 57 278  80  19 528  17   2   0   0]
 [ 46 379  37  98  63 200   4   0   0]
 [106 162  46  47  68  86  19   0   0]
 [102 115  92  53  56  51   1   0   0]
 [ 60 143  52  18  82  75   0   0   2]]
INFO : Sample: 	 193/ 965 ...
INFO : Sample: 	 386/ 965 ...
INFO : Sample: 	 579/ 965 ...
INFO : Sample: 	 772/ 965 ...
INFO : Sample: 	 965/ 965 ...
INFO : Loss=2.47 ; accuracy=0.332
INFO : precision=[0.02, 0.03, 0.63, 0.61, 0.72, 0.3, 0.64, 0.0, 0.0]
Recall=[0.02, 0.03, 0.66, 0.58, 0.86, 0.56, 0.13, 0.0, 0.0]
INFO : F1_score=[0.02, 0.03, 0.65, 0.6, 0.79, 0.39, 0.22, 0.0, 0.0]
INFO : confusion_matrix=
[[  4 120  22  11   7  25   0   0   0]
 [138   5   2   7   0   1   2   0   0]
 [ 10  19  93  10   4   4   0   0   0]
 [ 15   6   8  75   1  24   0   0   0]
 [  3   4   5   1  86   1   0   0   0]
 [  3  26   2   7   0  48   0   0   0]
 [ 14   7   7   6   8  16   9   0   0]
 [  4   7   3   0  11  27   1   0   0]
 [ 16   1   5   6   2  14   2   0   0]]
INFO : validation_loss=2.472 ; best_validation_loss=inf
INFO :  ****** Current epoch: 2 ****** 
INFO : Training sample: 	 1656/ 8280 ...
INFO : Training sample: 	 3312/ 8280 ...
INFO : Training sample: 	 4968/ 8280 ...
INFO : Training sample: 	 6624/ 8280 ...
INFO : Training sample: 	 8280/ 8280 ...
INFO : Loss=0.98 ; accuracy=0.692
INFO : precision=[0.82, 0.64, 0.68, 0.62, 0.82, 0.58, 0.66, 0.9, 0.5]
Recall=[0.86, 0.63, 0.77, 0.74, 0.92, 0.61, 0.33, 0.39, 0.43]
INFO : F1_score=[0.84, 0.63, 0.72, 0.67, 0.87, 0.6, 0.44, 0.54, 0.46]
INFO : confusion_matrix=
[[1166   25   50   77    7    7   12    2    8]
 [  16  833  186   96   29  127    4    3   27]
 [  15  119  939  110   15   15    2    0    5]
 [  63   63   63  846   10   61   10    4   21]
 [   5   27   14    9  902    2    8    1   13]
 [  13  153   15   83   11  504   18    6   24]
 [  77   39   38   53   35   58  175    4   55]
 [  52   17   42   64   15   39   26  183   32]
 [  20   27   28   31   74   54   12    1  185]]
INFO : Sample: 	 193/ 965 ...
INFO : Sample: 	 386/ 965 ...
INFO : Sample: 	 579/ 965 ...
INFO : Sample: 	 772/ 965 ...
INFO : Sample: 	 965/ 965 ...
INFO : Loss=2.79 ; accuracy=0.385
INFO : precision=[0.01, 0.02, 0.74, 0.71, 0.88, 0.51, 0.7, 0.03, 0.08]
Recall=[0.01, 0.02, 0.73, 0.67, 0.89, 0.67, 0.39, 0.02, 0.11]
INFO : F1_score=[0.01, 0.02, 0.73, 0.69, 0.89, 0.58, 0.5, 0.02, 0.09]
INFO : confusion_matrix=
[[  2 123  21   9   4  23   0   1   6]
 [135   3   3   8   1   2   1   2   0]
 [  6  13 102   6   1   5   1   1   5]
 [ 13   7   3  86   1  15   2   0   2]
 [  1   4   3   1  89   0   1   0   1]
 [  2  18   0   5   0  58   1   0   2]
 [ 12   6   3   2   1   7  26   0  10]
 [  2   8   1   1   4   3   3   1  30]
 [  3   2   2   3   0   0   2  29   5]]
INFO : validation_loss=2.791 ; best_validation_loss=2.472
INFO : Early stopping
