INFO : Current epoch: 1
INFO : Training sample: 	 20/ 100 ...
INFO : Training sample: 	 40/ 100 ...
INFO : Training sample: 	 60/ 100 ...
INFO : Training sample: 	 80/ 100 ...
INFO : Training sample: 	 100/ 100 ...
INFO : Loss=2.21 ; accuracy=0.12
INFO : precision=[0.11, 0.13, 0.13, 0.0, 0.0, 0.0, 0.0, 0.0, 0.0]
Recall=[0.31, 0.13, 0.38, 0.0, 0.0, 0.0, 0.0, 0.0, 0.0]
INFO : F1_score=[0.16, 0.13, 0.2, 0.0, 0.0, 0.0, 0.0, 0.0, 0.0]
INFO : confusion_matrix=
[[5 3 8 0 0 0 0 0 0]
 [6 2 7 0 0 0 0 0 0]
 [4 3 5 0 1 0 0 0 0]
 [9 1 3 0 0 0 0 0 0]
 [6 3 3 0 0 0 0 0 0]
 [4 2 4 0 0 0 0 0 0]
 [5 0 4 0 0 0 0 0 0]
 [3 0 3 0 0 0 0 0 0]
 [4 1 1 0 0 0 0 0 0]]
INFO : Sample: 	 20/ 100 ...
INFO : Sample: 	 40/ 100 ...
INFO : Sample: 	 60/ 100 ...
INFO : Sample: 	 80/ 100 ...
INFO : Sample: 	 100/ 100 ...
INFO : Loss=2.13 ; accuracy=0.29
INFO : precision=[0.28, 0.33, 0.0, 0.0, 0.0, 0.0, 0.0, 0.0, 0.0]
Recall=[0.95, 0.44, 0.0, 0.0, 0.0, 0.0, 0.0, 0.0, 0.0]
INFO : F1_score=[0.43, 0.38, 0.0, 0.0, 0.0, 0.0, 0.0, 0.0, 0.0]
INFO : confusion_matrix=
[[21  1  0  0  0  0  0  0  0]
 [10  8  0  0  0  0  0  0  0]
 [ 7  6  0  0  0  0  0  0  0]
 [11  1  0  0  0  0  0  0  0]
 [ 8  3  0  0  0  0  0  0  0]
 [ 9  0  0  0  0  0  0  0  0]
 [ 4  2  0  0  0  0  0  0  0]
 [ 3  2  0  0  0  0  0  0  0]
 [ 3  1  0  0  0  0  0  0  0]]
INFO : validation_loss=2.133 ; best_validation_loss=inf
INFO : Current epoch: 2
INFO : Training sample: 	 20/ 100 ...
INFO : Training sample: 	 40/ 100 ...
INFO : Training sample: 	 60/ 100 ...
INFO : Training sample: 	 80/ 100 ...
INFO : Training sample: 	 100/ 100 ...
INFO : Loss=2.0 ; accuracy=0.38
INFO : precision=[0.29, 0.39, 1.0, 1.0, 1.0, 0.0, 1.0, 0.0, 0.0]
Recall=[1.0, 0.93, 0.15, 0.31, 0.08, 0.0, 0.11, 0.0, 0.0]
INFO : F1_score=[0.44, 0.55, 0.27, 0.47, 0.15, 0.0, 0.2, 0.0, 0.0]
INFO : confusion_matrix=
[[16  0  0  0  0  0  0  0  0]
 [ 1 14  0  0  0  0  0  0  0]
 [ 8  3  2  0  0  0  0  0  0]
 [ 9  0  0  4  0  0  0  0  0]
 [ 6  5  0  0  1  0  0  0  0]
 [ 1  9  0  0  0  0  0  0  0]
 [ 7  1  0  0  0  0  1  0  0]
 [ 4  2  0  0  0  0  0  0  0]
 [ 4  2  0  0  0  0  0  0  0]]
INFO : Sample: 	 20/ 100 ...
INFO : Sample: 	 40/ 100 ...
INFO : Sample: 	 60/ 100 ...
INFO : Sample: 	 80/ 100 ...
INFO : Sample: 	 100/ 100 ...
INFO : Loss=2.09 ; accuracy=0.29
INFO : precision=[0.39, 0.21, 0.0, 0.0, 0.0, 0.0, 0.0, 0.0, 0.0]
Recall=[0.77, 0.67, 0.0, 0.0, 0.0, 0.0, 0.0, 0.0, 0.0]
INFO : F1_score=[0.52, 0.32, 0.0, 0.0, 0.0, 0.0, 0.0, 0.0, 0.0]
INFO : confusion_matrix=
[[17  5  0  0  0  0  0  0  0]
 [ 6 12  0  0  0  0  0  0  0]
 [ 2 11  0  0  0  0  0  0  0]
 [ 7  5  0  0  0  0  0  0  0]
 [ 3  8  0  0  0  0  0  0  0]
 [ 5  4  0  0  0  0  0  0  0]
 [ 3  3  0  0  0  0  0  0  0]
 [ 1  4  0  0  0  0  0  0  0]
 [ 0  4  0  0  0  0  0  0  0]]
INFO : validation_loss=2.086 ; best_validation_loss=2.133
INFO : Current epoch: 3
INFO : Training sample: 	 20/ 100 ...
INFO : Training sample: 	 40/ 100 ...
INFO : Training sample: 	 60/ 100 ...
INFO : Training sample: 	 80/ 100 ...
INFO : Training sample: 	 100/ 100 ...
INFO : Loss=1.33 ; accuracy=0.78
INFO : precision=[0.73, 0.58, 0.92, 0.86, 0.92, 1.0, 0.89, 1.0, 0.0]
Recall=[1.0, 1.0, 0.92, 0.92, 0.92, 0.3, 0.89, 0.17, 0.0]
INFO : F1_score=[0.84, 0.73, 0.92, 0.89, 0.92, 0.46, 0.89, 0.29, 0.0]
INFO : confusion_matrix=
[[16  0  0  0  0  0  0  0  0]
 [ 0 15  0  0  0  0  0  0  0]
 [ 0  0 12  1  0  0  0  0  0]
 [ 1  0  0 12  0  0  0  0  0]
 [ 1  0  0  0 11  0  0  0  0]
 [ 0  5  0  0  1  3  1  0  0]
 [ 0  1  0  0  0  0  8  0  0]
 [ 1  3  1  0  0  0  0  1  0]
 [ 3  2  0  1  0  0  0  0  0]]
INFO : Sample: 	 20/ 100 ...
INFO : Sample: 	 40/ 100 ...
INFO : Sample: 	 60/ 100 ...
INFO : Sample: 	 80/ 100 ...
INFO : Sample: 	 100/ 100 ...
INFO : Loss=2.09 ; accuracy=0.23
INFO : precision=[0.52, 0.25, 0.08, 0.0, 0.15, 0.0, 0.0, 0.0, 0.0]
Recall=[0.59, 0.22, 0.08, 0.0, 0.45, 0.0, 0.0, 0.0, 0.0]
INFO : F1_score=[0.55, 0.24, 0.08, 0.0, 0.22, 0.0, 0.0, 0.0, 0.0]
INFO : confusion_matrix=
[[13  3  1  1  4  0  0  0  0]
 [ 3  4  0  2  6  3  0  0  0]
 [ 1  6  1  0  5  0  0  0  0]
 [ 1  0 10  0  1  0  0  0  0]
 [ 2  0  0  0  5  2  2  0  0]
 [ 2  2  1  2  2  0  0  0  0]
 [ 2  1  0  0  3  0  0  0  0]
 [ 1  0  0  0  4  0  0  0  0]
 [ 0  0  0  0  4  0  0  0  0]]
INFO : validation_loss=2.087 ; best_validation_loss=2.086
INFO : Early stopping
