INFO :  ****** Current epoch: 1 ****** 
INFO : Training sample: 	 1656/ 8280 ...
INFO : Training sample: 	 3312/ 8280 ...
INFO : Training sample: 	 4968/ 8280 ...
INFO : Training sample: 	 6624/ 8280 ...
INFO : Training sample: 	 8280/ 8280 ...
INFO : Loss=2.02 ; accuracy=0.309
INFO : precision=[0.4, 0.23, 0.45, 0.19, 0.95, 0.39, 0.0, 0.0, 0.0]
Recall=[0.64, 0.47, 0.38, 0.3, 0.13, 0.16, 0.0, 0.0, 0.0]
INFO : F1_score=[0.49, 0.31, 0.41, 0.23, 0.24, 0.22, 0.0, 0.0, 0.0]
INFO : confusion_matrix=
[[864 154  54 272   1   9   0   0   0]
 [186 621 182 275   3  54   0   0   0]
 [188 330 465 234   0   3   0   0   0]
 [329 349  87 347   0  29   0   0   0]
 [152 358 119 191 132  29   0   0   0]
 [ 95 372  42 189   0 129   0   0   0]
 [125 192  46 128   3  40   0   0   0]
 [132 172  27 124   0  15   0   0   0]
 [109 185  22  93   0  23   0   0   0]]
INFO : Sample: 	 193/ 965 ...
INFO : Sample: 	 386/ 965 ...
INFO : Sample: 	 579/ 965 ...
INFO : Sample: 	 772/ 965 ...
INFO : Sample: 	 965/ 965 ...
INFO : Loss=2.06 ; accuracy=0.265
INFO : precision=[0.07, 0.02, 0.55, 0.66, 0.88, 0.27, 0.0, 0.0, 0.0]
Recall=[0.11, 0.02, 0.74, 0.16, 0.58, 0.57, 0.0, 0.0, 0.0]
INFO : F1_score=[0.09, 0.02, 0.63, 0.26, 0.7, 0.36, 0.0, 0.0, 0.0]
INFO : confusion_matrix=
[[ 21  90  37   4   1  36   0   0   0]
 [141   3   6   0   1   4   0   0   0]
 [ 16  14 104   1   1   4   0   0   0]
 [ 49  17  14  21   1  27   0   0   0]
 [ 10  12   9   0  58  11   0   0   0]
 [  7  19   8   3   0  49   0   0   0]
 [ 18  14   5   3   3  24   0   0   0]
 [ 10  22   3   0   0  18   0   0   0]
 [ 21   9   4   0   1  11   0   0   0]]
INFO : validation_loss=2.064 ; best_validation_loss=inf
INFO :  ****** Current epoch: 2 ****** 
INFO : Training sample: 	 1656/ 8280 ...
INFO : Training sample: 	 3312/ 8280 ...
INFO : Training sample: 	 4968/ 8280 ...
INFO : Training sample: 	 6624/ 8280 ...
INFO : Training sample: 	 8280/ 8280 ...
INFO : Loss=1.35 ; accuracy=0.601
INFO : precision=[0.71, 0.43, 0.63, 0.55, 0.71, 0.52, 0.82, 0.91, 0.64]
Recall=[0.86, 0.55, 0.78, 0.52, 0.84, 0.57, 0.18, 0.27, 0.04]
INFO : F1_score=[0.78, 0.48, 0.7, 0.54, 0.77, 0.54, 0.3, 0.41, 0.07]
INFO : confusion_matrix=
[[1167   38   57   49   26   12    2    3    0]
 [  42  730  227  112   44  159    1    5    1]
 [  45  124  956   65   17   12    1    0    0]
 [ 176  145  128  596   14   77    4    1    0]
 [  14   71   28   23  821   19    4    0    1]
 [  16  204   27   85   20  468    4    3    0]
 [  69  108   47   65   68   72   97    1    7]
 [  69  102   36   60   42   36    0  125    0]
 [  43  181   22   19  100   46    5    0   16]]
INFO : Sample: 	 193/ 965 ...
INFO : Sample: 	 386/ 965 ...
INFO : Sample: 	 579/ 965 ...
INFO : Sample: 	 772/ 965 ...
INFO : Sample: 	 965/ 965 ...
INFO : Loss=2.28 ; accuracy=0.373
INFO : precision=[0.03, 0.03, 0.68, 0.67, 0.71, 0.53, 0.77, 0.03, 0.07]
Recall=[0.03, 0.05, 0.71, 0.65, 0.9, 0.6, 0.3, 0.02, 0.02]
INFO : F1_score=[0.03, 0.04, 0.7, 0.66, 0.8, 0.56, 0.43, 0.02, 0.03]
INFO : confusion_matrix=
[[  5 120  21   9   8  23   1   1   1]
 [132   7   7   5   0   0   1   3   0]
 [  4  19 100   7   7   2   1   0   0]
 [ 16  11   6  84   2  10   0   0   0]
 [  1   3   3   2  90   0   1   0   0]
 [  1  23   2   8   0  52   0   0   0]
 [  8  13   3   6   7   7  20   0   3]
 [  2  23   1   1  11   4   1   1   9]
 [  2   9   4   3   1   1   1  24   1]]
INFO : validation_loss=2.279 ; best_validation_loss=2.064
INFO : Early stopping
