INFO : Current epoch: 1
INFO : Training sample: 	 20/ 100 ...
INFO : Training sample: 	 40/ 100 ...
INFO : Training sample: 	 60/ 100 ...
INFO : Training sample: 	 80/ 100 ...
INFO : Training sample: 	 100/ 100 ...
INFO : Loss=2.21 ; accuracy=0.07
INFO : precision=[0.0, 0.07, 0.13, 0.0, 0.0, 0.0, 0.0, 0.0, 0.0]
Recall=[0.0, 0.33, 0.15, 0.0, 0.0, 0.0, 0.0, 0.0, 0.0]
INFO : F1_score=[0.0, 0.11, 0.14, 0.0, 0.0, 0.0, 0.0, 0.0, 0.0]
INFO : confusion_matrix=
[[ 0 14  1  0  0  0  0  1  0]
 [ 3  5  5  0  0  0  0  2  0]
 [ 0 10  2  0  0  0  0  1  0]
 [ 0 11  1  0  0  0  0  1  0]
 [ 1  8  2  0  0  0  0  1  0]
 [ 0  9  1  0  0  0  0  0  0]
 [ 0  7  1  0  0  0  0  1  0]
 [ 2  3  1  0  0  0  0  0  0]
 [ 0  5  1  0  0  0  0  0  0]]
INFO : Sample: 	 20/ 100 ...
INFO : Sample: 	 40/ 100 ...
INFO : Sample: 	 60/ 100 ...
INFO : Sample: 	 80/ 100 ...
INFO : Sample: 	 100/ 100 ...
INFO : Loss=2.13 ; accuracy=0.18
INFO : precision=[0.0, 0.18, 0.0, 0.0, 0.0, 0.0, 0.0, 0.0, 0.0]
Recall=[0.0, 1.0, 0.0, 0.0, 0.0, 0.0, 0.0, 0.0, 0.0]
INFO : F1_score=[0.0, 0.31, 0.0, 0.0, 0.0, 0.0, 0.0, 0.0, 0.0]
INFO : confusion_matrix=
[[ 0 22  0  0  0  0  0  0  0]
 [ 0 18  0  0  0  0  0  0  0]
 [ 0 13  0  0  0  0  0  0  0]
 [ 0 12  0  0  0  0  0  0  0]
 [ 0 11  0  0  0  0  0  0  0]
 [ 0  9  0  0  0  0  0  0  0]
 [ 0  6  0  0  0  0  0  0  0]
 [ 0  5  0  0  0  0  0  0  0]
 [ 0  4  0  0  0  0  0  0  0]]
INFO : validation_loss=2.129 ; best_validation_loss=inf
INFO : Current epoch: 2
INFO : Training sample: 	 20/ 100 ...
INFO : Training sample: 	 40/ 100 ...
INFO : Training sample: 	 60/ 100 ...
INFO : Training sample: 	 80/ 100 ...
INFO : Training sample: 	 100/ 100 ...
INFO : Loss=2.0 ; accuracy=0.37
INFO : precision=[0.38, 0.26, 0.67, 1.0, 1.0, 0.0, 1.0, 0.0, 0.0]
Recall=[0.75, 1.0, 0.15, 0.31, 0.25, 0.0, 0.11, 0.0, 0.0]
INFO : F1_score=[0.5, 0.42, 0.25, 0.47, 0.4, 0.0, 0.2, 0.0, 0.0]
INFO : confusion_matrix=
[[12  4  0  0  0  0  0  0  0]
 [ 0 15  0  0  0  0  0  0  0]
 [ 2  9  2  0  0  0  0  0  0]
 [ 5  4  0  4  0  0  0  0  0]
 [ 4  4  1  0  3  0  0  0  0]
 [ 1  9  0  0  0  0  0  0  0]
 [ 3  5  0  0  0  0  1  0  0]
 [ 3  3  0  0  0  0  0  0  0]
 [ 2  4  0  0  0  0  0  0  0]]
INFO : Sample: 	 20/ 100 ...
INFO : Sample: 	 40/ 100 ...
INFO : Sample: 	 60/ 100 ...
INFO : Sample: 	 80/ 100 ...
INFO : Sample: 	 100/ 100 ...
INFO : Loss=2.09 ; accuracy=0.25
INFO : precision=[0.47, 0.22, 0.0, 0.0, 0.0, 0.0, 0.0, 0.0, 0.0]
Recall=[0.36, 0.94, 0.0, 0.0, 0.0, 0.0, 0.0, 0.0, 0.0]
INFO : F1_score=[0.41, 0.35, 0.0, 0.0, 0.0, 0.0, 0.0, 0.0, 0.0]
INFO : confusion_matrix=
[[ 8 14  0  0  0  0  0  0  0]
 [ 1 17  0  0  0  0  0  0  0]
 [ 2 11  0  0  0  0  0  0  0]
 [ 2  8  0  0  2  0  0  0  0]
 [ 1 10  0  0  0  0  0  0  0]
 [ 2  7  0  0  0  0  0  0  0]
 [ 0  4  0  0  2  0  0  0  0]
 [ 1  4  0  0  0  0  0  0  0]
 [ 0  3  0  0  1  0  0  0  0]]
INFO : validation_loss=2.092 ; best_validation_loss=2.129
INFO : Current epoch: 3
INFO : Training sample: 	 20/ 100 ...
INFO : Training sample: 	 40/ 100 ...
INFO : Training sample: 	 60/ 100 ...
INFO : Training sample: 	 80/ 100 ...
INFO : Training sample: 	 100/ 100 ...
INFO : Loss=1.33 ; accuracy=0.77
INFO : precision=[0.7, 0.6, 0.93, 1.0, 0.75, 1.0, 0.89, 1.0, 0.0]
Recall=[1.0, 1.0, 1.0, 0.62, 1.0, 0.3, 0.89, 0.33, 0.0]
INFO : F1_score=[0.82, 0.75, 0.96, 0.76, 0.86, 0.46, 0.89, 0.5, 0.0]
INFO : confusion_matrix=
[[16  0  0  0  0  0  0  0  0]
 [ 0 15  0  0  0  0  0  0  0]
 [ 0  0 13  0  0  0  0  0  0]
 [ 4  1  0  8  0  0  0  0  0]
 [ 0  0  0  0 12  0  0  0  0]
 [ 0  4  0  0  2  3  1  0  0]
 [ 0  1  0  0  0  0  8  0  0]
 [ 1  1  1  0  1  0  0  2  0]
 [ 2  3  0  0  1  0  0  0  0]]
INFO : Sample: 	 20/ 100 ...
INFO : Sample: 	 40/ 100 ...
INFO : Sample: 	 60/ 100 ...
INFO : Sample: 	 80/ 100 ...
INFO : Sample: 	 100/ 100 ...
INFO : Loss=2.12 ; accuracy=0.26
INFO : precision=[0.73, 0.26, 0.13, 0.0, 0.11, 0.0, 0.0, 0.0, 0.0]
Recall=[0.5, 0.61, 0.15, 0.0, 0.18, 0.0, 0.0, 0.0, 0.0]
INFO : F1_score=[0.59, 0.37, 0.14, 0.0, 0.13, 0.0, 0.0, 0.0, 0.0]
INFO : confusion_matrix=
[[11  9  0  0  2  0  0  0  0]
 [ 0 11  2  1  3  1  0  0  0]
 [ 1  7  2  1  2  0  0  0  0]
 [ 0  2  7  0  3  0  0  0  0]
 [ 0  6  0  1  2  1  1  0  0]
 [ 1  3  1  3  1  0  0  0  0]
 [ 1  1  1  0  3  0  0  0  0]
 [ 0  1  2  0  2  0  0  0  0]
 [ 1  2  0  0  1  0  0  0  0]]
INFO : validation_loss=2.124 ; best_validation_loss=2.092
INFO : Early stopping
