INFO : Training sample: 	 10/ 100 ...
INFO : Training sample: 	 20/ 100 ...
INFO : Training sample: 	 30/ 100 ...
INFO : Training sample: 	 40/ 100 ...
INFO : Training sample: 	 50/ 100 ...
INFO : Training sample: 	 60/ 100 ...
INFO : Training sample: 	 70/ 100 ...
INFO : Training sample: 	 80/ 100 ...
INFO : Training sample: 	 90/ 100 ...
INFO : Training sample: 	 100/ 100 ...
INFO : 219.60514974594116
INFO : 219.60514974594116
INFO : 219.60514974594116
INFO : Loss=2.2 ; accuracy=0.11
INFO : precision=[0.         0.         0.         0.09090909 0.         0.13333333
 0.         0.         0.        ]
Recall=[0.         0.         0.         0.38461538 0.         0.6
 0.         0.         0.        ]
INFO : F1_score=[0.         0.         0.         0.14705882 0.         0.21818182
 0.         0.         0.        ]
INFO : confusion_matrix=
[[ 0  0  0  8  0  8  0  0  0]
 [ 0  0  0 11  0  4  0  0  0]
 [ 0  0  0  6  0  7  0  0  0]
 [ 0  0  0  5  0  8  0  0  0]
 [ 0  0  0  6  0  6  0  0  0]
 [ 0  0  0  4  0  6  0  0  0]
 [ 0  0  0  9  0  0  0  0  0]
 [ 0  0  0  3  0  3  0  0  0]
 [ 0  0  0  3  0  3  0  0  0]]
