INFO : Current epoch: 1
INFO : Training sample: 	 20/ 100 ...
INFO : Training sample: 	 40/ 100 ...
INFO : Training sample: 	 60/ 100 ...
INFO : Training sample: 	 80/ 100 ...
INFO : Training sample: 	 100/ 100 ...
INFO : Loss=2.2 ; accuracy=0.14
INFO : precision=[0.14, 0.0, 0.15, 0.0, 0.0, 0.0, 0.0, 0.0, 0.0]
Recall=[0.56, 0.0, 0.38, 0.0, 0.0, 0.0, 0.0, 0.0, 0.0]
INFO : F1_score=[0.22, 0.0, 0.22, 0.0, 0.0, 0.0, 0.0, 0.0, 0.0]
INFO : confusion_matrix=
[[ 9  0  7  0  0  0  0  0  0]
 [ 8  0  7  0  0  0  0  0  0]
 [ 7  0  5  1  0  0  0  0  0]
 [11  0  2  0  0  0  0  0  0]
 [ 9  0  3  0  0  0  0  0  0]
 [ 6  0  4  0  0  0  0  0  0]
 [ 7  0  2  0  0  0  0  0  0]
 [ 3  0  2  1  0  0  0  0  0]
 [ 5  0  1  0  0  0  0  0  0]]
INFO : Current epoch: 2
INFO : Training sample: 	 20/ 100 ...
INFO : Training sample: 	 40/ 100 ...
INFO : Training sample: 	 60/ 100 ...
INFO : Training sample: 	 80/ 100 ...
INFO : Training sample: 	 100/ 100 ...
INFO : Loss=2.06 ; accuracy=0.25
INFO : precision=[0.2, 0.5, 0.0, 0.0, 0.0, 0.0, 0.0, 0.0, 0.0]
Recall=[1.0, 0.6, 0.0, 0.0, 0.0, 0.0, 0.0, 0.0, 0.0]
INFO : F1_score=[0.33, 0.55, 0.0, 0.0, 0.0, 0.0, 0.0, 0.0, 0.0]
INFO : confusion_matrix=
[[16  0  0  0  0  0  0  0  0]
 [ 6  9  0  0  0  0  0  0  0]
 [12  1  0  0  0  0  0  0  0]
 [13  0  0  0  0  0  0  0  0]
 [ 9  3  0  0  0  0  0  0  0]
 [ 7  3  0  0  0  0  0  0  0]
 [ 9  0  0  0  0  0  0  0  0]
 [ 5  1  0  0  0  0  0  0  0]
 [ 5  1  0  0  0  0  0  0  0]]
INFO : Current epoch: 3
INFO : Training sample: 	 20/ 100 ...
INFO : Training sample: 	 40/ 100 ...
INFO : Training sample: 	 60/ 100 ...
INFO : Training sample: 	 80/ 100 ...
INFO : Training sample: 	 100/ 100 ...
INFO : Loss=1.67 ; accuracy=0.64
INFO : precision=[0.39, 0.62, 1.0, 1.0, 1.0, 1.0, 0.71, 0.0, 0.0]
Recall=[1.0, 1.0, 0.92, 0.38, 0.67, 0.3, 0.56, 0.0, 0.0]
INFO : F1_score=[0.56, 0.77, 0.96, 0.56, 0.8, 0.46, 0.63, 0.0, 0.0]
INFO : confusion_matrix=
[[16  0  0  0  0  0  0  0  0]
 [ 0 15  0  0  0  0  0  0  0]
 [ 1  0 12  0  0  0  0  0  0]
 [ 7  1  0  5  0  0  0  0  0]
 [ 4  0  0  0  8  0  0  0  0]
 [ 1  5  0  0  0  3  1  0  0]
 [ 2  2  0  0  0  0  5  0  0]
 [ 5  1  0  0  0  0  0  0  0]
 [ 5  0  0  0  0  0  1  0  0]]
INFO : Current epoch: 4
INFO : Training sample: 	 20/ 100 ...
INFO : Training sample: 	 40/ 100 ...
INFO : Training sample: 	 60/ 100 ...
INFO : Training sample: 	 80/ 100 ...
INFO : Training sample: 	 100/ 100 ...
INFO : Loss=0.87 ; accuracy=0.93
INFO : precision=[0.94, 0.88, 0.87, 1.0, 0.86, 1.0, 1.0, 1.0, 1.0]
Recall=[1.0, 1.0, 1.0, 1.0, 1.0, 1.0, 1.0, 0.67, 0.17]
INFO : F1_score=[0.97, 0.94, 0.93, 1.0, 0.92, 1.0, 1.0, 0.8, 0.29]
INFO : confusion_matrix=
[[16  0  0  0  0  0  0  0  0]
 [ 0 15  0  0  0  0  0  0  0]
 [ 0  0 13  0  0  0  0  0  0]
 [ 0  0  0 13  0  0  0  0  0]
 [ 0  0  0  0 12  0  0  0  0]
 [ 0  0  0  0  0 10  0  0  0]
 [ 0  0  0  0  0  0  9  0  0]
 [ 0  0  2  0  0  0  0  4  0]
 [ 1  2  0  0  2  0  0  0  1]]
INFO : Current epoch: 5
INFO : Training sample: 	 20/ 100 ...
INFO : Training sample: 	 40/ 100 ...
INFO : Training sample: 	 60/ 100 ...
INFO : Training sample: 	 80/ 100 ...
INFO : Training sample: 	 100/ 100 ...
INFO : Loss=0.28 ; accuracy=1.0
INFO : precision=[1.0, 1.0, 1.0, 1.0, 1.0, 1.0, 1.0, 1.0, 1.0]
Recall=[1.0, 1.0, 1.0, 1.0, 1.0, 1.0, 1.0, 1.0, 1.0]
INFO : F1_score=[1.0, 1.0, 1.0, 1.0, 1.0, 1.0, 1.0, 1.0, 1.0]
INFO : confusion_matrix=
[[16  0  0  0  0  0  0  0  0]
 [ 0 15  0  0  0  0  0  0  0]
 [ 0  0 13  0  0  0  0  0  0]
 [ 0  0  0 13  0  0  0  0  0]
 [ 0  0  0  0 12  0  0  0  0]
 [ 0  0  0  0  0 10  0  0  0]
 [ 0  0  0  0  0  0  9  0  0]
 [ 0  0  0  0  0  0  0  6  0]
 [ 0  0  0  0  0  0  0  0  6]]
INFO : Current epoch: 6
INFO : Training sample: 	 20/ 100 ...
INFO : Training sample: 	 40/ 100 ...
INFO : Training sample: 	 60/ 100 ...
INFO : Training sample: 	 80/ 100 ...
INFO : Training sample: 	 100/ 100 ...
INFO : Loss=0.1 ; accuracy=1.0
INFO : precision=[1.0, 1.0, 1.0, 1.0, 1.0, 1.0, 1.0, 1.0, 1.0]
Recall=[1.0, 1.0, 1.0, 1.0, 1.0, 1.0, 1.0, 1.0, 1.0]
INFO : F1_score=[1.0, 1.0, 1.0, 1.0, 1.0, 1.0, 1.0, 1.0, 1.0]
INFO : confusion_matrix=
[[16  0  0  0  0  0  0  0  0]
 [ 0 15  0  0  0  0  0  0  0]
 [ 0  0 13  0  0  0  0  0  0]
 [ 0  0  0 13  0  0  0  0  0]
 [ 0  0  0  0 12  0  0  0  0]
 [ 0  0  0  0  0 10  0  0  0]
 [ 0  0  0  0  0  0  9  0  0]
 [ 0  0  0  0  0  0  0  6  0]
 [ 0  0  0  0  0  0  0  0  6]]
INFO : Current epoch: 7
INFO : Training sample: 	 20/ 100 ...
INFO : Training sample: 	 40/ 100 ...
INFO : Training sample: 	 60/ 100 ...
INFO : Training sample: 	 80/ 100 ...
INFO : Training sample: 	 100/ 100 ...
INFO : Loss=0.05 ; accuracy=1.0
INFO : precision=[1.0, 1.0, 1.0, 1.0, 1.0, 1.0, 1.0, 1.0, 1.0]
Recall=[1.0, 1.0, 1.0, 1.0, 1.0, 1.0, 1.0, 1.0, 1.0]
INFO : F1_score=[1.0, 1.0, 1.0, 1.0, 1.0, 1.0, 1.0, 1.0, 1.0]
INFO : confusion_matrix=
[[16  0  0  0  0  0  0  0  0]
 [ 0 15  0  0  0  0  0  0  0]
 [ 0  0 13  0  0  0  0  0  0]
 [ 0  0  0 13  0  0  0  0  0]
 [ 0  0  0  0 12  0  0  0  0]
 [ 0  0  0  0  0 10  0  0  0]
 [ 0  0  0  0  0  0  9  0  0]
 [ 0  0  0  0  0  0  0  6  0]
 [ 0  0  0  0  0  0  0  0  6]]
INFO : Current epoch: 8
INFO : Training sample: 	 20/ 100 ...
INFO : Training sample: 	 40/ 100 ...
INFO : Training sample: 	 60/ 100 ...
INFO : Training sample: 	 80/ 100 ...
