INFO :  ****** Current epoch: 1 ****** 
INFO : Training sample: 	 1656/ 8280 ...
INFO : Training sample: 	 3312/ 8280 ...
INFO : Training sample: 	 4968/ 8280 ...
INFO : Training sample: 	 6624/ 8280 ...
INFO : Training sample: 	 8280/ 8280 ...
INFO : Loss=2.17 ; accuracy=0.151
INFO : precision=[0.65, 0.25, 0.15, 0.0, 0.0, 0.0, 0.0, 0.0, 0.0]
Recall=[0.02, 0.0, 1.0, 0.0, 0.0, 0.0, 0.0, 0.0, 0.0]
INFO : F1_score=[0.04, 0.0, 0.26, 0.0, 0.0, 0.0, 0.0, 0.0, 0.0]
INFO : confusion_matrix=
[[  30    0 1324    0    0    0    0    0    0]
 [   4    1 1316    0    0    0    0    0    0]
 [   2    0 1218    0    0    0    0    0    0]
 [   4    1 1136    0    0    0    0    0    0]
 [   0    0  981    0    0    0    0    0    0]
 [   2    1  824    0    0    0    0    0    0]
 [   1    1  532    0    0    0    0    0    0]
 [   1    0  469    0    0    0    0    0    0]
 [   2    0  430    0    0    0    0    0    0]]
INFO : Sample: 	 193/ 965 ...
INFO : Sample: 	 386/ 965 ...
INFO : Sample: 	 579/ 965 ...
INFO : Sample: 	 772/ 965 ...
INFO : Sample: 	 965/ 965 ...
INFO : Loss=2.14 ; accuracy=0.154
INFO : precision=[0.09, 0.0, 0.18, 0.0, 0.0, 0.0, 0.0, 0.0, 0.0]
Recall=[0.08, 0.0, 0.96, 0.0, 0.0, 0.0, 0.0, 0.0, 0.0]
INFO : F1_score=[0.08, 0.0, 0.3, 0.0, 0.0, 0.0, 0.0, 0.0, 0.0]
INFO : confusion_matrix=
[[ 15  25 149   0   0   0   0   0   0]
 [ 82   0  73   0   0   0   0   0   0]
 [  2   4 134   0   0   0   0   0   0]
 [ 22   4 103   0   0   0   0   0   0]
 [  8   1  91   0   0   0   0   0   0]
 [  7  15  64   0   0   0   0   0   0]
 [  8   1  58   0   0   0   0   0   0]
 [ 11   3  39   0   0   0   0   0   0]
 [  9   3  34   0   0   0   0   0   0]]
INFO : validation_loss=2.14 ; best_validation_loss=inf
INFO :  ****** Current epoch: 2 ****** 
INFO : Training sample: 	 1656/ 8280 ...
INFO : Training sample: 	 3312/ 8280 ...
INFO : Training sample: 	 4968/ 8280 ...
INFO : Training sample: 	 6624/ 8280 ...
INFO : Training sample: 	 8280/ 8280 ...
INFO : Loss=2.12 ; accuracy=0.278
INFO : precision=[0.58, 0.2, 0.31, 0.0, 0.0, 0.0, 0.0, 0.0, 0.0]
Recall=[0.67, 0.88, 0.19, 0.0, 0.0, 0.0, 0.0, 0.0, 0.0]
INFO : F1_score=[0.62, 0.32, 0.24, 0.0, 0.0, 0.0, 0.0, 0.0, 0.0]
INFO : confusion_matrix=
[[ 903  411   40    0    0    0    0    0    0]
 [  53 1160  108    0    0    0    0    0    0]
 [  77  907  236    0    0    0    0    0    0]
 [ 190  843  108    0    0    0    0    0    0]
 [  47  821  113    0    0    0    0    0    0]
 [  48  735   44    0    0    0    0    0    0]
 [  90  389   55    0    0    0    0    0    0]
 [  83  344   43    0    0    0    0    0    0]
 [  79  328   25    0    0    0    0    0    0]]
INFO : Sample: 	 193/ 965 ...
INFO : Sample: 	 386/ 965 ...
INFO : Sample: 	 579/ 965 ...
INFO : Sample: 	 772/ 965 ...
INFO : Sample: 	 965/ 965 ...
INFO : Loss=2.1 ; accuracy=0.051
INFO : precision=[0.03, 0.06, 0.0, 0.0, 0.0, 0.0, 0.0, 0.0, 0.0]
Recall=[0.03, 0.28, 0.0, 0.0, 0.0, 0.0, 0.0, 0.0, 0.0]
INFO : F1_score=[0.03, 0.09, 0.0, 0.0, 0.0, 0.0, 0.0, 0.0, 0.0]
INFO : confusion_matrix=
[[  6 183   0   0   0   0   0   0   0]
 [112  43   0   0   0   0   0   0   0]
 [ 12 128   0   0   0   0   0   0   0]
 [ 25 104   0   0   0   0   0   0   0]
 [  8  92   0   0   0   0   0   0   0]
 [  5  81   0   0   0   0   0   0   0]
 [ 12  55   0   0   0   0   0   0   0]
 [  9  44   0   0   0   0   0   0   0]
 [  6  40   0   0   0   0   0   0   0]]
INFO : validation_loss=2.103 ; best_validation_loss=2.14
INFO :  ****** Current epoch: 3 ****** 
INFO : Training sample: 	 1656/ 8280 ...
INFO : Training sample: 	 3312/ 8280 ...
INFO : Training sample: 	 4968/ 8280 ...
INFO : Training sample: 	 6624/ 8280 ...
INFO : Training sample: 	 8280/ 8280 ...
INFO : Loss=2.07 ; accuracy=0.293
INFO : precision=[0.56, 0.2, 0.94, 0.89, 0.0, 0.0, 0.0, 0.0, 0.0]
Recall=[0.79, 0.96, 0.07, 0.01, 0.0, 0.0, 0.0, 0.0, 0.0]
INFO : F1_score=[0.65, 0.33, 0.13, 0.03, 0.0, 0.0, 0.0, 0.0, 0.0]
INFO : confusion_matrix=
[[1063  288    2    1    0    0    0    0    0]
 [  56 1263    2    0    0    0    0    0    0]
 [ 139  994   87    0    0    0    0    0    0]
 [ 283  841    1   16    0    0    0    0    0]
 [  56  925    0    0    0    0    0    0    0]
 [  36  791    0    0    0    0    0    0    0]
 [  92  441    1    0    0    0    0    0    0]
 [  94  375    0    1    0    0    0    0    0]
 [  89  343    0    0    0    0    0    0    0]]
INFO : Sample: 	 193/ 965 ...
INFO : Sample: 	 386/ 965 ...
INFO : Sample: 	 579/ 965 ...
INFO : Sample: 	 772/ 965 ...
INFO : Sample: 	 965/ 965 ...
INFO : Loss=2.08 ; accuracy=0.069
INFO : precision=[0.06, 0.03, 0.93, 0.8, 0.0, 0.0, 0.0, 0.0, 0.0]
Recall=[0.1, 0.12, 0.19, 0.03, 0.0, 0.0, 0.0, 0.0, 0.0]
INFO : F1_score=[0.07, 0.05, 0.32, 0.06, 0.0, 0.0, 0.0, 0.0, 0.0]
INFO : confusion_matrix=
[[ 18 169   2   0   0   0   0   0   0]
 [137  18   0   0   0   0   0   0   0]
 [ 28  85  27   0   0   0   0   0   0]
 [ 48  77   0   4   0   0   0   0   0]
 [ 23  77   0   0   0   0   0   0   0]
 [  6  79   0   1   0   0   0   0   0]
 [ 17  50   0   0   0   0   0   0   0]
 [ 14  39   0   0   0   0   0   0   0]
 [ 17  29   0   0   0   0   0   0   0]]
INFO : validation_loss=2.082 ; best_validation_loss=2.103
INFO :  ****** Current epoch: 4 ****** 
INFO : Training sample: 	 1656/ 8280 ...
INFO : Training sample: 	 3312/ 8280 ...
INFO : Training sample: 	 4968/ 8280 ...
INFO : Training sample: 	 6624/ 8280 ...
INFO : Training sample: 	 8280/ 8280 ...
INFO : Loss=1.98 ; accuracy=0.38
INFO : precision=[0.42, 0.26, 0.7, 0.55, 1.0, 0.69, 0.0, 0.0, 0.0]
Recall=[0.9, 0.82, 0.43, 0.21, 0.04, 0.07, 0.0, 0.0, 0.0]
INFO : F1_score=[0.57, 0.4, 0.53, 0.3, 0.07, 0.12, 0.0, 0.0, 0.0]
INFO : confusion_matrix=
[[1218  101   15   18    0    2    0    0    0]
 [ 135 1079   74   23    0   10    0    0    0]
 [ 255  438  524    3    0    0    0    0    0]
 [ 445  425   31  235    0    5    0    0    0]
 [ 234  640   60   11   36    0    0    0    0]
 [  60  654    0   59    0   54    0    0    0]
 [ 158  308   18   43    0    7    0    0    0]
 [ 238  199   11   22    0    0    0    0    0]
 [ 161  245   16   10    0    0    0    0    0]]
INFO : Sample: 	 193/ 965 ...
INFO : Sample: 	 386/ 965 ...
INFO : Sample: 	 579/ 965 ...
INFO : Sample: 	 772/ 965 ...
INFO : Sample: 	 965/ 965 ...
INFO : Loss=2.06 ; accuracy=0.178
INFO : precision=[0.07, 0.03, 0.61, 0.53, 1.0, 0.56, 0.0, 0.0, 0.0]
Recall=[0.15, 0.06, 0.54, 0.22, 0.09, 0.27, 0.0, 0.0, 0.0]
INFO : F1_score=[0.1, 0.04, 0.57, 0.31, 0.17, 0.36, 0.0, 0.0, 0.0]
INFO : confusion_matrix=
[[ 28 128  19   7   0   7   0   0   0]
 [143   9   1   1   0   1   0   0   0]
 [ 35  28  75   1   0   1   0   0   0]
 [ 60  29   7  28   0   5   0   0   0]
 [ 41  35  14   1   9   0   0   0   0]
 [  8  51   0   4   0  23   0   0   0]
 [ 22  31   3   8   0   3   0   0   0]
 [ 16  35   1   0   0   1   0   0   0]
 [ 27  13   3   3   0   0   0   0   0]]
INFO : validation_loss=2.063 ; best_validation_loss=2.082
INFO :  ****** Current epoch: 5 ****** 
INFO : Training sample: 	 1656/ 8280 ...
INFO : Training sample: 	 3312/ 8280 ...
INFO : Training sample: 	 4968/ 8280 ...
INFO : Training sample: 	 6624/ 8280 ...
INFO : Training sample: 	 8280/ 8280 ...
INFO : Loss=1.85 ; accuracy=0.474
INFO : precision=[0.43, 0.36, 0.53, 0.49, 0.97, 0.58, 0.0, 0.0, 0.0]
Recall=[0.89, 0.6, 0.67, 0.32, 0.43, 0.4, 0.0, 0.0, 0.0]
INFO : F1_score=[0.58, 0.45, 0.59, 0.38, 0.6, 0.47, 0.0, 0.0, 0.0]
INFO : confusion_matrix=
[[1206   75   36   27    0   10    0    0    0]
 [ 148  792  213   56    0  112    0    0    0]
 [ 179  197  818   18    0    8    0    0    0]
 [ 442  174  106  360    0   59    0    0    0]
 [ 170  158  193   35  421    4    0    0    0]
 [  59  349   12   78    2  327    0    0    0]
 [ 167  178   67   88    2   32    0    0    0]
 [ 260   84   58   57    2    9    0    0    0]
 [ 167  179   51   23    7    5    0    0    0]]
INFO : Sample: 	 193/ 965 ...
INFO : Sample: 	 386/ 965 ...
INFO : Sample: 	 579/ 965 ...
INFO : Sample: 	 772/ 965 ...
INFO : Sample: 	 965/ 965 ...
INFO : Loss=2.06 ; accuracy=0.252
INFO : precision=[0.05, 0.04, 0.49, 0.45, 0.95, 0.41, 0.0, 0.0, 0.0]
Recall=[0.08, 0.06, 0.64, 0.29, 0.53, 0.45, 0.0, 0.0, 0.0]
INFO : F1_score=[0.06, 0.04, 0.56, 0.35, 0.68, 0.43, 0.0, 0.0, 0.0]
INFO : confusion_matrix=
[[ 15 111  32   9   0  22   0   0   0]
 [138   9   5   1   0   2   0   0   0]
 [ 20  21  90   5   0   4   0   0   0]
 [ 53  20   8  37   1  10   0   0   0]
 [ 14   4  25   3  53   1   0   0   0]
 [  6  34   0   7   0  39   0   0   0]
 [ 13  18  11  14   0  11   0   0   0]
 [ 11  32   6   1   1   2   0   0   0]
 [ 23   6   7   6   1   3   0   0   0]]
INFO : validation_loss=2.063 ; best_validation_loss=2.063
INFO : Early stopping
