INFO : Current epoch: 1
INFO : Training sample: 	 20/ 100 ...
INFO : Training sample: 	 40/ 100 ...
INFO : Training sample: 	 60/ 100 ...
INFO : Training sample: 	 80/ 100 ...
INFO : Training sample: 	 100/ 100 ...
INFO : Loss=2.2 ; accuracy=0.15
INFO : precision=[0.0, 0.15, 0.0, 0.0, 0.0, 0.0, 0.0, 0.0, 0.0]
Recall=[0.0, 1.0, 0.0, 0.0, 0.0, 0.0, 0.0, 0.0, 0.0]
INFO : F1_score=[0.0, 0.26, 0.0, 0.0, 0.0, 0.0, 0.0, 0.0, 0.0]
INFO : confusion_matrix=
[[ 0 16  0  0  0  0  0  0  0]
 [ 0 15  0  0  0  0  0  0  0]
 [ 0 13  0  0  0  0  0  0  0]
 [ 0 13  0  0  0  0  0  0  0]
 [ 0 12  0  0  0  0  0  0  0]
 [ 0 10  0  0  0  0  0  0  0]
 [ 0  9  0  0  0  0  0  0  0]
 [ 0  6  0  0  0  0  0  0  0]
 [ 0  6  0  0  0  0  0  0  0]]
INFO : Sample: 	 20/ 100 ...
INFO : Sample: 	 40/ 100 ...
INFO : Sample: 	 60/ 100 ...
INFO : Sample: 	 80/ 100 ...
INFO : Sample: 	 100/ 100 ...
INFO : Loss=2.19 ; accuracy=0.18
INFO : precision=[0.0, 0.18, 0.0, 0.0, 0.0, 0.0, 0.0, 0.0, 0.0]
Recall=[0.0, 1.0, 0.0, 0.0, 0.0, 0.0, 0.0, 0.0, 0.0]
INFO : F1_score=[0.0, 0.31, 0.0, 0.0, 0.0, 0.0, 0.0, 0.0, 0.0]
INFO : confusion_matrix=
[[ 0 22  0  0  0  0  0  0  0]
 [ 0 18  0  0  0  0  0  0  0]
 [ 0 13  0  0  0  0  0  0  0]
 [ 0 12  0  0  0  0  0  0  0]
 [ 0 11  0  0  0  0  0  0  0]
 [ 0  9  0  0  0  0  0  0  0]
 [ 0  6  0  0  0  0  0  0  0]
 [ 0  5  0  0  0  0  0  0  0]
 [ 0  4  0  0  0  0  0  0  0]]
INFO : validation_loss=2.191 ; best_validation_loss=inf
INFO : Current epoch: 2
INFO : Training sample: 	 20/ 100 ...
INFO : Training sample: 	 40/ 100 ...
INFO : Training sample: 	 60/ 100 ...
INFO : Training sample: 	 80/ 100 ...
INFO : Training sample: 	 100/ 100 ...
INFO : Loss=2.19 ; accuracy=0.15
INFO : precision=[0.0, 0.15, 0.0, 0.0, 0.0, 0.0, 0.0, 0.0, 0.0]
Recall=[0.0, 1.0, 0.0, 0.0, 0.0, 0.0, 0.0, 0.0, 0.0]
INFO : F1_score=[0.0, 0.26, 0.0, 0.0, 0.0, 0.0, 0.0, 0.0, 0.0]
INFO : confusion_matrix=
[[ 0 16  0  0  0  0  0  0  0]
 [ 0 15  0  0  0  0  0  0  0]
 [ 0 13  0  0  0  0  0  0  0]
 [ 0 13  0  0  0  0  0  0  0]
 [ 0 12  0  0  0  0  0  0  0]
 [ 0 10  0  0  0  0  0  0  0]
 [ 0  9  0  0  0  0  0  0  0]
 [ 0  6  0  0  0  0  0  0  0]
 [ 0  6  0  0  0  0  0  0  0]]
INFO : Sample: 	 20/ 100 ...
INFO : Sample: 	 40/ 100 ...
INFO : Sample: 	 60/ 100 ...
INFO : Sample: 	 80/ 100 ...
INFO : Sample: 	 100/ 100 ...
INFO : Loss=2.19 ; accuracy=0.18
INFO : precision=[0.0, 0.18, 0.0, 0.0, 0.0, 0.0, 0.0, 0.0, 0.0]
Recall=[0.0, 1.0, 0.0, 0.0, 0.0, 0.0, 0.0, 0.0, 0.0]
INFO : F1_score=[0.0, 0.31, 0.0, 0.0, 0.0, 0.0, 0.0, 0.0, 0.0]
INFO : confusion_matrix=
[[ 0 22  0  0  0  0  0  0  0]
 [ 0 18  0  0  0  0  0  0  0]
 [ 0 13  0  0  0  0  0  0  0]
 [ 0 12  0  0  0  0  0  0  0]
 [ 0 11  0  0  0  0  0  0  0]
 [ 0  9  0  0  0  0  0  0  0]
 [ 0  6  0  0  0  0  0  0  0]
 [ 0  5  0  0  0  0  0  0  0]
 [ 0  4  0  0  0  0  0  0  0]]
INFO : validation_loss=2.189 ; best_validation_loss=2.191
INFO : Current epoch: 3
INFO : Training sample: 	 20/ 100 ...
INFO : Training sample: 	 40/ 100 ...
INFO : Training sample: 	 60/ 100 ...
INFO : Training sample: 	 80/ 100 ...
INFO : Training sample: 	 100/ 100 ...
INFO : Loss=2.18 ; accuracy=0.15
INFO : precision=[0.0, 0.15, 0.0, 0.0, 0.0, 0.0, 0.0, 0.0, 0.0]
Recall=[0.0, 1.0, 0.0, 0.0, 0.0, 0.0, 0.0, 0.0, 0.0]
INFO : F1_score=[0.0, 0.26, 0.0, 0.0, 0.0, 0.0, 0.0, 0.0, 0.0]
INFO : confusion_matrix=
[[ 0 16  0  0  0  0  0  0  0]
 [ 0 15  0  0  0  0  0  0  0]
 [ 0 13  0  0  0  0  0  0  0]
 [ 0 13  0  0  0  0  0  0  0]
 [ 0 12  0  0  0  0  0  0  0]
 [ 0 10  0  0  0  0  0  0  0]
 [ 0  9  0  0  0  0  0  0  0]
 [ 0  6  0  0  0  0  0  0  0]
 [ 0  6  0  0  0  0  0  0  0]]
INFO : Sample: 	 20/ 100 ...
INFO : Sample: 	 40/ 100 ...
INFO : Sample: 	 60/ 100 ...
INFO : Sample: 	 80/ 100 ...
INFO : Sample: 	 100/ 100 ...
INFO : Loss=2.19 ; accuracy=0.18
INFO : precision=[0.0, 0.18, 0.0, 0.0, 0.0, 0.0, 0.0, 0.0, 0.0]
Recall=[0.0, 1.0, 0.0, 0.0, 0.0, 0.0, 0.0, 0.0, 0.0]
INFO : F1_score=[0.0, 0.31, 0.0, 0.0, 0.0, 0.0, 0.0, 0.0, 0.0]
INFO : confusion_matrix=
[[ 0 22  0  0  0  0  0  0  0]
 [ 0 18  0  0  0  0  0  0  0]
 [ 0 13  0  0  0  0  0  0  0]
 [ 0 12  0  0  0  0  0  0  0]
 [ 0 11  0  0  0  0  0  0  0]
 [ 0  9  0  0  0  0  0  0  0]
 [ 0  6  0  0  0  0  0  0  0]
 [ 0  5  0  0  0  0  0  0  0]
 [ 0  4  0  0  0  0  0  0  0]]
INFO : validation_loss=2.187 ; best_validation_loss=2.189
INFO : Current epoch: 4
INFO : Training sample: 	 20/ 100 ...
INFO : Training sample: 	 40/ 100 ...
INFO : Training sample: 	 60/ 100 ...
INFO : Training sample: 	 80/ 100 ...
INFO : Training sample: 	 100/ 100 ...
INFO : Loss=2.17 ; accuracy=0.15
INFO : precision=[0.0, 0.15, 0.0, 0.0, 0.0, 0.0, 0.0, 0.0, 0.0]
Recall=[0.0, 1.0, 0.0, 0.0, 0.0, 0.0, 0.0, 0.0, 0.0]
INFO : F1_score=[0.0, 0.26, 0.0, 0.0, 0.0, 0.0, 0.0, 0.0, 0.0]
INFO : confusion_matrix=
[[ 0 16  0  0  0  0  0  0  0]
 [ 0 15  0  0  0  0  0  0  0]
 [ 0 13  0  0  0  0  0  0  0]
 [ 0 13  0  0  0  0  0  0  0]
 [ 0 12  0  0  0  0  0  0  0]
 [ 0 10  0  0  0  0  0  0  0]
 [ 0  9  0  0  0  0  0  0  0]
 [ 0  6  0  0  0  0  0  0  0]
 [ 0  6  0  0  0  0  0  0  0]]
INFO : Sample: 	 20/ 100 ...
INFO : Sample: 	 40/ 100 ...
INFO : Sample: 	 60/ 100 ...
INFO : Sample: 	 80/ 100 ...
INFO : Sample: 	 100/ 100 ...
INFO : Loss=2.18 ; accuracy=0.18
INFO : precision=[0.0, 0.18, 0.0, 0.0, 0.0, 0.0, 0.0, 0.0, 0.0]
Recall=[0.0, 1.0, 0.0, 0.0, 0.0, 0.0, 0.0, 0.0, 0.0]
INFO : F1_score=[0.0, 0.31, 0.0, 0.0, 0.0, 0.0, 0.0, 0.0, 0.0]
INFO : confusion_matrix=
[[ 0 22  0  0  0  0  0  0  0]
 [ 0 18  0  0  0  0  0  0  0]
 [ 0 13  0  0  0  0  0  0  0]
 [ 0 12  0  0  0  0  0  0  0]
 [ 0 11  0  0  0  0  0  0  0]
 [ 0  9  0  0  0  0  0  0  0]
 [ 0  6  0  0  0  0  0  0  0]
 [ 0  5  0  0  0  0  0  0  0]
 [ 0  4  0  0  0  0  0  0  0]]
INFO : validation_loss=2.184 ; best_validation_loss=2.187
INFO : Current epoch: 5
INFO : Training sample: 	 20/ 100 ...
INFO : Training sample: 	 40/ 100 ...
INFO : Training sample: 	 60/ 100 ...
INFO : Training sample: 	 80/ 100 ...
INFO : Training sample: 	 100/ 100 ...
INFO : Loss=2.16 ; accuracy=0.23
INFO : precision=[1.0, 0.16, 0.0, 0.0, 0.0, 0.0, 0.0, 0.0, 0.0]
Recall=[0.5, 1.0, 0.0, 0.0, 0.0, 0.0, 0.0, 0.0, 0.0]
INFO : F1_score=[0.67, 0.28, 0.0, 0.0, 0.0, 0.0, 0.0, 0.0, 0.0]
INFO : confusion_matrix=
[[ 8  8  0  0  0  0  0  0  0]
 [ 0 15  0  0  0  0  0  0  0]
 [ 0 13  0  0  0  0  0  0  0]
 [ 0 13  0  0  0  0  0  0  0]
 [ 0 12  0  0  0  0  0  0  0]
 [ 0 10  0  0  0  0  0  0  0]
 [ 0  9  0  0  0  0  0  0  0]
 [ 0  6  0  0  0  0  0  0  0]
 [ 0  6  0  0  0  0  0  0  0]]
INFO : Sample: 	 20/ 100 ...
INFO : Sample: 	 40/ 100 ...
INFO : Sample: 	 60/ 100 ...
INFO : Sample: 	 80/ 100 ...
INFO : Sample: 	 100/ 100 ...
INFO : Loss=2.18 ; accuracy=0.18
INFO : precision=[0.0, 0.18, 0.0, 0.0, 0.0, 0.0, 0.0, 0.0, 0.0]
Recall=[0.0, 1.0, 0.0, 0.0, 0.0, 0.0, 0.0, 0.0, 0.0]
INFO : F1_score=[0.0, 0.31, 0.0, 0.0, 0.0, 0.0, 0.0, 0.0, 0.0]
INFO : confusion_matrix=
[[ 0 22  0  0  0  0  0  0  0]
 [ 0 18  0  0  0  0  0  0  0]
 [ 0 13  0  0  0  0  0  0  0]
 [ 0 12  0  0  0  0  0  0  0]
 [ 0 11  0  0  0  0  0  0  0]
 [ 0  9  0  0  0  0  0  0  0]
 [ 0  6  0  0  0  0  0  0  0]
 [ 0  5  0  0  0  0  0  0  0]
 [ 0  4  0  0  0  0  0  0  0]]
INFO : validation_loss=2.182 ; best_validation_loss=2.184
INFO : Current epoch: 6
INFO : Training sample: 	 20/ 100 ...
INFO : Training sample: 	 40/ 100 ...
INFO : Training sample: 	 60/ 100 ...
INFO : Training sample: 	 80/ 100 ...
INFO : Training sample: 	 100/ 100 ...
INFO : Loss=2.15 ; accuracy=0.33
INFO : precision=[1.0, 0.18, 1.0, 0.0, 0.0, 0.0, 0.0, 0.0, 0.0]
Recall=[1.0, 1.0, 0.15, 0.0, 0.0, 0.0, 0.0, 0.0, 0.0]
INFO : F1_score=[1.0, 0.31, 0.27, 0.0, 0.0, 0.0, 0.0, 0.0, 0.0]
INFO : confusion_matrix=
[[16  0  0  0  0  0  0  0  0]
 [ 0 15  0  0  0  0  0  0  0]
 [ 0 11  2  0  0  0  0  0  0]
 [ 0 13  0  0  0  0  0  0  0]
 [ 0 12  0  0  0  0  0  0  0]
 [ 0 10  0  0  0  0  0  0  0]
 [ 0  9  0  0  0  0  0  0  0]
 [ 0  6  0  0  0  0  0  0  0]
 [ 0  6  0  0  0  0  0  0  0]]
INFO : Sample: 	 20/ 100 ...
INFO : Sample: 	 40/ 100 ...
INFO : Sample: 	 60/ 100 ...
INFO : Sample: 	 80/ 100 ...
INFO : Sample: 	 100/ 100 ...
INFO : Loss=2.18 ; accuracy=0.18
INFO : precision=[0.0, 0.18, 0.0, 0.0, 0.0, 0.0, 0.0, 0.0, 0.0]
Recall=[0.0, 1.0, 0.0, 0.0, 0.0, 0.0, 0.0, 0.0, 0.0]
INFO : F1_score=[0.0, 0.31, 0.0, 0.0, 0.0, 0.0, 0.0, 0.0, 0.0]
INFO : confusion_matrix=
[[ 0 22  0  0  0  0  0  0  0]
 [ 0 18  0  0  0  0  0  0  0]
 [ 0 13  0  0  0  0  0  0  0]
 [ 0 12  0  0  0  0  0  0  0]
 [ 0 11  0  0  0  0  0  0  0]
 [ 0  9  0  0  0  0  0  0  0]
 [ 0  6  0  0  0  0  0  0  0]
 [ 0  5  0  0  0  0  0  0  0]
 [ 0  4  0  0  0  0  0  0  0]]
INFO : validation_loss=2.179 ; best_validation_loss=2.182
INFO : Current epoch: 7
INFO : Training sample: 	 20/ 100 ...
INFO : Training sample: 	 40/ 100 ...
INFO : Training sample: 	 60/ 100 ...
INFO : Training sample: 	 80/ 100 ...
INFO : Training sample: 	 100/ 100 ...
INFO : Loss=2.14 ; accuracy=0.36
INFO : precision=[1.0, 0.19, 1.0, 0.0, 0.0, 0.0, 0.0, 0.0, 0.0]
Recall=[1.0, 1.0, 0.38, 0.0, 0.0, 0.0, 0.0, 0.0, 0.0]
INFO : F1_score=[1.0, 0.32, 0.56, 0.0, 0.0, 0.0, 0.0, 0.0, 0.0]
INFO : confusion_matrix=
[[16  0  0  0  0  0  0  0  0]
 [ 0 15  0  0  0  0  0  0  0]
 [ 0  8  5  0  0  0  0  0  0]
 [ 0 13  0  0  0  0  0  0  0]
 [ 0 12  0  0  0  0  0  0  0]
 [ 0 10  0  0  0  0  0  0  0]
 [ 0  9  0  0  0  0  0  0  0]
 [ 0  6  0  0  0  0  0  0  0]
 [ 0  6  0  0  0  0  0  0  0]]
INFO : Sample: 	 20/ 100 ...
INFO : Sample: 	 40/ 100 ...
INFO : Sample: 	 60/ 100 ...
INFO : Sample: 	 80/ 100 ...
INFO : Sample: 	 100/ 100 ...
INFO : Loss=2.18 ; accuracy=0.18
INFO : precision=[0.0, 0.18, 0.0, 0.0, 0.0, 0.0, 0.0, 0.0, 0.0]
Recall=[0.0, 1.0, 0.0, 0.0, 0.0, 0.0, 0.0, 0.0, 0.0]
INFO : F1_score=[0.0, 0.31, 0.0, 0.0, 0.0, 0.0, 0.0, 0.0, 0.0]
INFO : confusion_matrix=
[[ 0 22  0  0  0  0  0  0  0]
 [ 0 18  0  0  0  0  0  0  0]
 [ 0 13  0  0  0  0  0  0  0]
 [ 0 12  0  0  0  0  0  0  0]
 [ 0 11  0  0  0  0  0  0  0]
 [ 0  9  0  0  0  0  0  0  0]
 [ 0  6  0  0  0  0  0  0  0]
 [ 0  5  0  0  0  0  0  0  0]
 [ 0  4  0  0  0  0  0  0  0]]
INFO : validation_loss=2.177 ; best_validation_loss=2.179
INFO : Current epoch: 8
INFO : Training sample: 	 20/ 100 ...
INFO : Training sample: 	 40/ 100 ...
INFO : Training sample: 	 60/ 100 ...
INFO : Training sample: 	 80/ 100 ...
INFO : Training sample: 	 100/ 100 ...
INFO : Loss=2.12 ; accuracy=0.41
INFO : precision=[1.0, 0.2, 1.0, 0.0, 0.0, 0.0, 0.0, 0.0, 0.0]
Recall=[1.0, 1.0, 0.77, 0.0, 0.0, 0.0, 0.0, 0.0, 0.0]
INFO : F1_score=[1.0, 0.34, 0.87, 0.0, 0.0, 0.0, 0.0, 0.0, 0.0]
INFO : confusion_matrix=
[[16  0  0  0  0  0  0  0  0]
 [ 0 15  0  0  0  0  0  0  0]
 [ 0  3 10  0  0  0  0  0  0]
 [ 0 13  0  0  0  0  0  0  0]
 [ 0 12  0  0  0  0  0  0  0]
 [ 0 10  0  0  0  0  0  0  0]
 [ 0  9  0  0  0  0  0  0  0]
 [ 0  6  0  0  0  0  0  0  0]
 [ 0  6  0  0  0  0  0  0  0]]
INFO : Sample: 	 20/ 100 ...
INFO : Sample: 	 40/ 100 ...
INFO : Sample: 	 60/ 100 ...
INFO : Sample: 	 80/ 100 ...
INFO : Sample: 	 100/ 100 ...
INFO : Loss=2.17 ; accuracy=0.18
INFO : precision=[0.0, 0.18, 0.0, 0.0, 0.0, 0.0, 0.0, 0.0, 0.0]
Recall=[0.0, 1.0, 0.0, 0.0, 0.0, 0.0, 0.0, 0.0, 0.0]
INFO : F1_score=[0.0, 0.31, 0.0, 0.0, 0.0, 0.0, 0.0, 0.0, 0.0]
INFO : confusion_matrix=
[[ 0 22  0  0  0  0  0  0  0]
 [ 0 18  0  0  0  0  0  0  0]
 [ 0 13  0  0  0  0  0  0  0]
 [ 0 12  0  0  0  0  0  0  0]
 [ 0 11  0  0  0  0  0  0  0]
 [ 0  9  0  0  0  0  0  0  0]
 [ 0  6  0  0  0  0  0  0  0]
 [ 0  5  0  0  0  0  0  0  0]
 [ 0  4  0  0  0  0  0  0  0]]
INFO : validation_loss=2.174 ; best_validation_loss=2.177
INFO : Current epoch: 9
INFO : Training sample: 	 20/ 100 ...
INFO : Training sample: 	 40/ 100 ...
INFO : Training sample: 	 60/ 100 ...
INFO : Training sample: 	 80/ 100 ...
INFO : Training sample: 	 100/ 100 ...
INFO : Loss=2.11 ; accuracy=0.46
INFO : precision=[1.0, 0.22, 1.0, 0.0, 1.0, 0.0, 0.0, 0.0, 0.0]
Recall=[1.0, 1.0, 1.0, 0.0, 0.17, 0.0, 0.0, 0.0, 0.0]
INFO : F1_score=[1.0, 0.36, 1.0, 0.0, 0.29, 0.0, 0.0, 0.0, 0.0]
INFO : confusion_matrix=
[[16  0  0  0  0  0  0  0  0]
 [ 0 15  0  0  0  0  0  0  0]
 [ 0  0 13  0  0  0  0  0  0]
 [ 0 13  0  0  0  0  0  0  0]
 [ 0 10  0  0  2  0  0  0  0]
 [ 0 10  0  0  0  0  0  0  0]
 [ 0  9  0  0  0  0  0  0  0]
 [ 0  6  0  0  0  0  0  0  0]
 [ 0  6  0  0  0  0  0  0  0]]
INFO : Sample: 	 20/ 100 ...
INFO : Sample: 	 40/ 100 ...
INFO : Sample: 	 60/ 100 ...
INFO : Sample: 	 80/ 100 ...
INFO : Sample: 	 100/ 100 ...
INFO : Loss=2.17 ; accuracy=0.18
INFO : precision=[0.0, 0.18, 0.0, 0.0, 0.0, 0.0, 0.0, 0.0, 0.0]
Recall=[0.0, 1.0, 0.0, 0.0, 0.0, 0.0, 0.0, 0.0, 0.0]
INFO : F1_score=[0.0, 0.31, 0.0, 0.0, 0.0, 0.0, 0.0, 0.0, 0.0]
INFO : confusion_matrix=
[[ 0 22  0  0  0  0  0  0  0]
 [ 0 18  0  0  0  0  0  0  0]
 [ 0 13  0  0  0  0  0  0  0]
 [ 0 12  0  0  0  0  0  0  0]
 [ 0 11  0  0  0  0  0  0  0]
 [ 0  9  0  0  0  0  0  0  0]
 [ 0  6  0  0  0  0  0  0  0]
 [ 0  5  0  0  0  0  0  0  0]
 [ 0  4  0  0  0  0  0  0  0]]
INFO : validation_loss=2.172 ; best_validation_loss=2.174
INFO : Current epoch: 10
INFO : Training sample: 	 20/ 100 ...
INFO : Training sample: 	 40/ 100 ...
INFO : Training sample: 	 60/ 100 ...
INFO : Training sample: 	 80/ 100 ...
INFO : Training sample: 	 100/ 100 ...
INFO : Loss=2.1 ; accuracy=0.48
INFO : precision=[1.0, 0.22, 1.0, 0.0, 1.0, 0.0, 0.0, 0.0, 0.0]
Recall=[1.0, 1.0, 1.0, 0.0, 0.33, 0.0, 0.0, 0.0, 0.0]
INFO : F1_score=[1.0, 0.37, 1.0, 0.0, 0.5, 0.0, 0.0, 0.0, 0.0]
INFO : confusion_matrix=
[[16  0  0  0  0  0  0  0  0]
 [ 0 15  0  0  0  0  0  0  0]
 [ 0  0 13  0  0  0  0  0  0]
 [ 0 13  0  0  0  0  0  0  0]
 [ 0  8  0  0  4  0  0  0  0]
 [ 0 10  0  0  0  0  0  0  0]
 [ 0  9  0  0  0  0  0  0  0]
 [ 0  6  0  0  0  0  0  0  0]
 [ 0  6  0  0  0  0  0  0  0]]
INFO : Sample: 	 20/ 100 ...
INFO : Sample: 	 40/ 100 ...
INFO : Sample: 	 60/ 100 ...
INFO : Sample: 	 80/ 100 ...
INFO : Sample: 	 100/ 100 ...
INFO : Loss=2.17 ; accuracy=0.18
INFO : precision=[0.0, 0.18, 0.0, 0.0, 0.0, 0.0, 0.0, 0.0, 0.0]
Recall=[0.0, 1.0, 0.0, 0.0, 0.0, 0.0, 0.0, 0.0, 0.0]
INFO : F1_score=[0.0, 0.31, 0.0, 0.0, 0.0, 0.0, 0.0, 0.0, 0.0]
INFO : confusion_matrix=
[[ 0 22  0  0  0  0  0  0  0]
 [ 0 18  0  0  0  0  0  0  0]
 [ 0 13  0  0  0  0  0  0  0]
 [ 0 12  0  0  0  0  0  0  0]
 [ 0 11  0  0  0  0  0  0  0]
 [ 0  9  0  0  0  0  0  0  0]
 [ 0  6  0  0  0  0  0  0  0]
 [ 0  5  0  0  0  0  0  0  0]
 [ 0  4  0  0  0  0  0  0  0]]
INFO : validation_loss=2.169 ; best_validation_loss=2.172
INFO : Current epoch: 11
INFO : Training sample: 	 20/ 100 ...
