INFO : Training sample: 	 10/ 100 ...
INFO : Training sample: 	 20/ 100 ...
INFO : Training sample: 	 30/ 100 ...
INFO : Training sample: 	 40/ 100 ...
INFO : Training sample: 	 50/ 100 ...
INFO : Training sample: 	 60/ 100 ...
INFO : Training sample: 	 70/ 100 ...
INFO : Training sample: 	 80/ 100 ...
INFO : Training sample: 	 90/ 100 ...
INFO : Training sample: 	 100/ 100 ...
INFO : 219.76977849006653
INFO : 219.76977849006653
INFO : 219.76977849006653
INFO : Loss=2.2 ; accuracy=0.11
INFO : precision=[0.         0.         0.         0.11702128 0.         0.
 0.         0.         0.        ]
Recall=[0.         0.         0.         0.84615385 0.         0.
 0.         0.         0.        ]
INFO : F1_score=[0.         0.         0.         0.20560748 0.         0.
 0.         0.         0.        ]
INFO : confusion_matrix=
[[ 0  0  0 15  0  1  0  0  0]
 [ 0  0  0 14  0  1  0  0  0]
 [ 0  0  0 13  0  0  0  0  0]
 [ 0  0  0 11  0  2  0  0  0]
 [ 0  0  0 11  0  1  0  0  0]
 [ 0  0  0 10  0  0  0  0  0]
 [ 0  0  0  9  0  0  0  0  0]
 [ 0  0  0  5  0  1  0  0  0]
 [ 0  0  0  6  0  0  0  0  0]]
INFO : Training sample: 	 110/ 100 ...
INFO : Training sample: 	 120/ 100 ...
INFO : Training sample: 	 130/ 100 ...
INFO : Training sample: 	 140/ 100 ...
INFO : Training sample: 	 150/ 100 ...
INFO : Training sample: 	 160/ 100 ...
INFO : Training sample: 	 170/ 100 ...
INFO : Training sample: 	 180/ 100 ...
INFO : Training sample: 	 190/ 100 ...
INFO : Training sample: 	 200/ 100 ...
INFO : 219.36008524894714
INFO : 219.36008524894714
INFO : 219.36008524894714
INFO : Loss=2.19 ; accuracy=0.18
INFO : precision=[0.         0.         0.         0.13829787 0.         0.83333333
 0.         0.         0.        ]
Recall=[0.  0.  0.  1.  0.  0.5 0.  0.  0. ]
INFO : F1_score=[0.         0.         0.         0.24299065 0.         0.625
 0.         0.         0.        ]
INFO : confusion_matrix=
[[ 0  0  0 16  0  0  0  0  0]
 [ 0  0  0 15  0  0  0  0  0]
 [ 0  0  0 13  0  0  0  0  0]
 [ 0  0  0 13  0  0  0  0  0]
 [ 0  0  0 12  0  0  0  0  0]
 [ 0  0  0  5  0  5  0  0  0]
 [ 0  0  0  9  0  0  0  0  0]
 [ 0  0  0  5  0  1  0  0  0]
 [ 0  0  0  6  0  0  0  0  0]]
INFO : Training sample: 	 210/ 100 ...
INFO : Training sample: 	 220/ 100 ...
INFO : Training sample: 	 230/ 100 ...
INFO : Training sample: 	 240/ 100 ...
INFO : Training sample: 	 250/ 100 ...
INFO : Training sample: 	 260/ 100 ...
INFO : Training sample: 	 270/ 100 ...
INFO : Training sample: 	 280/ 100 ...
INFO : Training sample: 	 290/ 100 ...
INFO : Training sample: 	 300/ 100 ...
INFO : 218.98085045814514
INFO : 218.98085045814514
INFO : 218.98085045814514
INFO : Loss=2.19 ; accuracy=0.25
INFO : precision=[0.         1.         0.         0.14942529 0.         0.90909091
 0.         0.         0.        ]
Recall=[0.         0.13333333 0.         1.         0.         1.
 0.         0.         0.        ]
INFO : F1_score=[0.         0.23529412 0.         0.26       0.         0.95238095
 0.         0.         0.        ]
INFO : confusion_matrix=
[[ 0  0  0 16  0  0  0  0  0]
 [ 0  2  0 13  0  0  0  0  0]
 [ 0  0  0 13  0  0  0  0  0]
 [ 0  0  0 13  0  0  0  0  0]
 [ 0  0  0 12  0  0  0  0  0]
 [ 0  0  0  0  0 10  0  0  0]
 [ 0  0  0  9  0  0  0  0  0]
 [ 0  0  0  5  0  1  0  0  0]
 [ 0  0  0  6  0  0  0  0  0]]
INFO : Training sample: 	 310/ 100 ...
INFO : Training sample: 	 320/ 100 ...
INFO : Training sample: 	 330/ 100 ...
INFO : Training sample: 	 340/ 100 ...
INFO : Training sample: 	 350/ 100 ...
INFO : Training sample: 	 360/ 100 ...
INFO : Training sample: 	 370/ 100 ...
INFO : Training sample: 	 380/ 100 ...
INFO : Training sample: 	 390/ 100 ...
INFO : Training sample: 	 400/ 100 ...
INFO : 218.61601519584656
INFO : 218.61601519584656
INFO : 218.61601519584656
INFO : Loss=2.19 ; accuracy=0.33
INFO : precision=[0.     1.     0.     0.1625 0.     1.     0.     0.     0.    ]
Recall=[0.         0.66666667 0.         1.         0.         1.
 0.         0.         0.        ]
INFO : F1_score=[0.         0.8        0.         0.27956989 0.         1.
 0.         0.         0.        ]
INFO : confusion_matrix=
[[ 0  0  0 16  0  0  0  0  0]
 [ 0 10  0  5  0  0  0  0  0]
 [ 0  0  0 13  0  0  0  0  0]
 [ 0  0  0 13  0  0  0  0  0]
 [ 0  0  0 12  0  0  0  0  0]
 [ 0  0  0  0  0 10  0  0  0]
 [ 0  0  0  9  0  0  0  0  0]
 [ 0  0  0  6  0  0  0  0  0]
 [ 0  0  0  6  0  0  0  0  0]]
INFO : Training sample: 	 410/ 100 ...
INFO : Training sample: 	 420/ 100 ...
INFO : Training sample: 	 430/ 100 ...
INFO : Training sample: 	 440/ 100 ...
INFO : Training sample: 	 450/ 100 ...
INFO : Training sample: 	 460/ 100 ...
INFO : Training sample: 	 470/ 100 ...
INFO : Training sample: 	 480/ 100 ...
INFO : Training sample: 	 490/ 100 ...
INFO : Training sample: 	 500/ 100 ...
INFO : 218.2663688659668
INFO : 218.2663688659668
INFO : 218.2663688659668
INFO : Loss=2.18 ; accuracy=0.37
INFO : precision=[0.         1.         0.         0.17105263 0.         1.
 0.         0.         0.        ]
Recall=[0.         0.93333333 0.         1.         0.         1.
 0.         0.         0.        ]
INFO : F1_score=[0.         0.96551724 0.         0.29213483 0.         1.
 0.         0.         0.        ]
INFO : confusion_matrix=
[[ 0  0  0 16  0  0  0  0  0]
 [ 0 14  0  1  0  0  0  0  0]
 [ 0  0  0 13  0  0  0  0  0]
 [ 0  0  0 13  0  0  0  0  0]
 [ 0  0  0 12  0  0  0  0  0]
 [ 0  0  0  0  0 10  0  0  0]
 [ 0  0  0  9  0  0  0  0  0]
 [ 0  0  0  6  0  0  0  0  0]
 [ 0  0  0  6  0  0  0  0  0]]
INFO : Training sample: 	 510/ 100 ...
INFO : Training sample: 	 520/ 100 ...
INFO : Training sample: 	 530/ 100 ...
INFO : Training sample: 	 540/ 100 ...
INFO : Training sample: 	 550/ 100 ...
INFO : Training sample: 	 560/ 100 ...
INFO : Training sample: 	 570/ 100 ...
INFO : Training sample: 	 580/ 100 ...
INFO : Training sample: 	 590/ 100 ...
INFO : Training sample: 	 600/ 100 ...
INFO : 217.92717242240906
INFO : 217.92717242240906
INFO : 217.92717242240906
INFO : Loss=2.18 ; accuracy=0.37
INFO : precision=[0.         1.         0.         0.17105263 0.         1.
 0.         0.         0.        ]
Recall=[0.         0.93333333 0.         1.         0.         1.
 0.         0.         0.        ]
INFO : F1_score=[0.         0.96551724 0.         0.29213483 0.         1.
 0.         0.         0.        ]
INFO : confusion_matrix=
[[ 0  0  0 16  0  0  0  0  0]
 [ 0 14  0  1  0  0  0  0  0]
 [ 0  0  0 13  0  0  0  0  0]
 [ 0  0  0 13  0  0  0  0  0]
 [ 0  0  0 12  0  0  0  0  0]
 [ 0  0  0  0  0 10  0  0  0]
 [ 0  0  0  9  0  0  0  0  0]
 [ 0  0  0  6  0  0  0  0  0]
 [ 0  0  0  6  0  0  0  0  0]]
INFO : Training sample: 	 610/ 100 ...
INFO : Training sample: 	 620/ 100 ...
INFO : Training sample: 	 630/ 100 ...
INFO : Training sample: 	 640/ 100 ...
INFO : Training sample: 	 650/ 100 ...
INFO : Training sample: 	 660/ 100 ...
INFO : Training sample: 	 670/ 100 ...
INFO : Training sample: 	 680/ 100 ...
INFO : Training sample: 	 690/ 100 ...
INFO : Training sample: 	 700/ 100 ...
INFO : 217.5980191230774
INFO : 217.5980191230774
INFO : 217.5980191230774
INFO : Loss=2.18 ; accuracy=0.38
INFO : precision=[0.         1.         0.         0.17333333 0.         1.
 0.         0.         0.        ]
Recall=[0. 1. 0. 1. 0. 1. 0. 0. 0.]
INFO : F1_score=[0.         1.         0.         0.29545455 0.         1.
 0.         0.         0.        ]
INFO : confusion_matrix=
[[ 0  0  0 16  0  0  0  0  0]
 [ 0 15  0  0  0  0  0  0  0]
 [ 0  0  0 13  0  0  0  0  0]
 [ 0  0  0 13  0  0  0  0  0]
 [ 0  0  0 12  0  0  0  0  0]
 [ 0  0  0  0  0 10  0  0  0]
 [ 0  0  0  9  0  0  0  0  0]
 [ 0  0  0  6  0  0  0  0  0]
 [ 0  0  0  6  0  0  0  0  0]]
INFO : Training sample: 	 710/ 100 ...
INFO : Training sample: 	 720/ 100 ...
INFO : Training sample: 	 730/ 100 ...
INFO : Training sample: 	 740/ 100 ...
INFO : Training sample: 	 750/ 100 ...
INFO : Training sample: 	 760/ 100 ...
INFO : Training sample: 	 770/ 100 ...
INFO : Training sample: 	 780/ 100 ...
INFO : Training sample: 	 790/ 100 ...
INFO : Training sample: 	 800/ 100 ...
INFO : 217.27586603164673
INFO : 217.27586603164673
INFO : 217.27586603164673
INFO : Loss=2.17 ; accuracy=0.38
INFO : precision=[0.         1.         0.         0.17333333 0.         1.
 0.         0.         0.        ]
Recall=[0. 1. 0. 1. 0. 1. 0. 0. 0.]
INFO : F1_score=[0.         1.         0.         0.29545455 0.         1.
 0.         0.         0.        ]
INFO : confusion_matrix=
[[ 0  0  0 16  0  0  0  0  0]
 [ 0 15  0  0  0  0  0  0  0]
 [ 0  0  0 13  0  0  0  0  0]
 [ 0  0  0 13  0  0  0  0  0]
 [ 0  0  0 12  0  0  0  0  0]
 [ 0  0  0  0  0 10  0  0  0]
 [ 0  0  0  9  0  0  0  0  0]
 [ 0  0  0  6  0  0  0  0  0]
 [ 0  0  0  6  0  0  0  0  0]]
INFO : Training sample: 	 810/ 100 ...
INFO : Training sample: 	 820/ 100 ...
INFO : Training sample: 	 830/ 100 ...
INFO : Training sample: 	 840/ 100 ...
INFO : Training sample: 	 850/ 100 ...
INFO : Training sample: 	 860/ 100 ...
INFO : Training sample: 	 870/ 100 ...
INFO : Training sample: 	 880/ 100 ...
INFO : Training sample: 	 890/ 100 ...
INFO : Training sample: 	 900/ 100 ...
INFO : 216.9599051475525
INFO : 216.9599051475525
INFO : 216.9599051475525
INFO : Loss=2.17 ; accuracy=0.38
INFO : precision=[0.         0.9375     0.         0.17567568 0.         1.
 0.         0.         0.        ]
Recall=[0. 1. 0. 1. 0. 1. 0. 0. 0.]
INFO : F1_score=[0.         0.96774194 0.         0.29885057 0.         1.
 0.         0.         0.        ]
INFO : confusion_matrix=
[[ 0  0  0 16  0  0  0  0  0]
 [ 0 15  0  0  0  0  0  0  0]
 [ 0  0  0 13  0  0  0  0  0]
 [ 0  0  0 13  0  0  0  0  0]
 [ 0  0  0 12  0  0  0  0  0]
 [ 0  0  0  0  0 10  0  0  0]
 [ 0  0  0  9  0  0  0  0  0]
 [ 0  1  0  5  0  0  0  0  0]
 [ 0  0  0  6  0  0  0  0  0]]
INFO : Training sample: 	 910/ 100 ...
INFO : Training sample: 	 920/ 100 ...
INFO : Training sample: 	 930/ 100 ...
INFO : Training sample: 	 940/ 100 ...
INFO : Training sample: 	 950/ 100 ...
INFO : Training sample: 	 960/ 100 ...
INFO : Training sample: 	 970/ 100 ...
INFO : Training sample: 	 980/ 100 ...
INFO : Training sample: 	 990/ 100 ...
INFO : Training sample: 	 1000/ 100 ...
INFO : 216.64749717712402
INFO : 216.64749717712402
INFO : 216.64749717712402
INFO : Loss=2.17 ; accuracy=0.38
INFO : precision=[0.         0.88235294 0.         0.17808219 0.         1.
 0.         0.         0.        ]
Recall=[0. 1. 0. 1. 0. 1. 0. 0. 0.]
INFO : F1_score=[0.         0.9375     0.         0.30232558 0.         1.
 0.         0.         0.        ]
INFO : confusion_matrix=
[[ 0  0  0 16  0  0  0  0  0]
 [ 0 15  0  0  0  0  0  0  0]
 [ 0  1  0 12  0  0  0  0  0]
 [ 0  0  0 13  0  0  0  0  0]
 [ 0  0  0 12  0  0  0  0  0]
 [ 0  0  0  0  0 10  0  0  0]
 [ 0  0  0  9  0  0  0  0  0]
 [ 0  1  0  5  0  0  0  0  0]
 [ 0  0  0  6  0  0  0  0  0]]
INFO : Training sample: 	 1010/ 100 ...
INFO : Training sample: 	 1020/ 100 ...
INFO : Training sample: 	 1030/ 100 ...
INFO : Training sample: 	 1040/ 100 ...
INFO : Training sample: 	 1050/ 100 ...
INFO : Training sample: 	 1060/ 100 ...
INFO : Training sample: 	 1070/ 100 ...
INFO : Training sample: 	 1080/ 100 ...
INFO : Training sample: 	 1090/ 100 ...
INFO : Training sample: 	 1100/ 100 ...
INFO : 216.3373818397522
INFO : 216.3373818397522
INFO : 216.3373818397522
INFO : Loss=2.16 ; accuracy=0.38
INFO : precision=[0.         0.78947368 0.         0.18309859 0.         1.
 0.         0.         0.        ]
Recall=[0. 1. 0. 1. 0. 1. 0. 0. 0.]
INFO : F1_score=[0.         0.88235294 0.         0.30952381 0.         1.
 0.         0.         0.        ]
INFO : confusion_matrix=
[[ 0  0  0 16  0  0  0  0  0]
 [ 0 15  0  0  0  0  0  0  0]
 [ 0  1  0 12  0  0  0  0  0]
 [ 0  0  0 13  0  0  0  0  0]
 [ 0  0  0 12  0  0  0  0  0]
 [ 0  0  0  0  0 10  0  0  0]
 [ 0  0  0  9  0  0  0  0  0]
 [ 0  1  0  5  0  0  0  0  0]
 [ 0  2  0  4  0  0  0  0  0]]
INFO : Training sample: 	 1110/ 100 ...
INFO : Training sample: 	 1120/ 100 ...
INFO : Training sample: 	 1130/ 100 ...
INFO : Training sample: 	 1140/ 100 ...
INFO : Training sample: 	 1150/ 100 ...
INFO : Training sample: 	 1160/ 100 ...
INFO : Training sample: 	 1170/ 100 ...
INFO : Training sample: 	 1180/ 100 ...
INFO : Training sample: 	 1190/ 100 ...
INFO : Training sample: 	 1200/ 100 ...
INFO : 216.02953934669495
INFO : 216.02953934669495
INFO : 216.02953934669495
INFO : Loss=2.16 ; accuracy=0.38
INFO : precision=[0.         0.57692308 0.         0.203125   0.         1.
 0.         0.         0.        ]
Recall=[0. 1. 0. 1. 0. 1. 0. 0. 0.]
INFO : F1_score=[0.         0.73170732 0.         0.33766234 0.         1.
 0.         0.         0.        ]
INFO : confusion_matrix=
[[ 0  2  0 14  0  0  0  0  0]
 [ 0 15  0  0  0  0  0  0  0]
 [ 0  3  0 10  0  0  0  0  0]
 [ 0  0  0 13  0  0  0  0  0]
 [ 0  0  0 12  0  0  0  0  0]
 [ 0  0  0  0  0 10  0  0  0]
 [ 0  1  0  8  0  0  0  0  0]
 [ 0  3  0  3  0  0  0  0  0]
 [ 0  2  0  4  0  0  0  0  0]]
INFO : Training sample: 	 1210/ 100 ...
INFO : Training sample: 	 1220/ 100 ...
INFO : Training sample: 	 1230/ 100 ...
INFO : Training sample: 	 1240/ 100 ...
INFO : Training sample: 	 1250/ 100 ...
INFO : Training sample: 	 1260/ 100 ...
INFO : Training sample: 	 1270/ 100 ...
INFO : Training sample: 	 1280/ 100 ...
INFO : Training sample: 	 1290/ 100 ...
INFO : Training sample: 	 1300/ 100 ...
INFO : 215.72240090370178
INFO : 215.72240090370178
INFO : 215.72240090370178
INFO : Loss=2.16 ; accuracy=0.38
INFO : precision=[0.         0.53571429 0.         0.20967742 0.         1.
 0.         0.         0.        ]
Recall=[0. 1. 0. 1. 0. 1. 0. 0. 0.]
INFO : F1_score=[0.         0.69767442 0.         0.34666667 0.         1.
 0.         0.         0.        ]
INFO : confusion_matrix=
[[ 0  2  0 14  0  0  0  0  0]
 [ 0 15  0  0  0  0  0  0  0]
 [ 0  4  0  9  0  0  0  0  0]
 [ 0  0  0 13  0  0  0  0  0]
 [ 0  0  0 12  0  0  0  0  0]
 [ 0  0  0  0  0 10  0  0  0]
 [ 0  1  0  8  0  0  0  0  0]
 [ 0  4  0  2  0  0  0  0  0]
 [ 0  2  0  4  0  0  0  0  0]]
INFO : Training sample: 	 1310/ 100 ...
INFO : Training sample: 	 1320/ 100 ...
INFO : Training sample: 	 1330/ 100 ...
INFO : Training sample: 	 1340/ 100 ...
INFO : Training sample: 	 1350/ 100 ...
INFO : Training sample: 	 1360/ 100 ...
INFO : Training sample: 	 1370/ 100 ...
INFO : Training sample: 	 1380/ 100 ...
INFO : Training sample: 	 1390/ 100 ...
INFO : Training sample: 	 1400/ 100 ...
INFO : 215.41493320465088
INFO : 215.41493320465088
INFO : 215.41493320465088
INFO : Loss=2.15 ; accuracy=0.38
INFO : precision=[0.         0.39473684 0.         0.25       0.         1.
 0.         0.         0.        ]
Recall=[0. 1. 0. 1. 0. 1. 0. 0. 0.]
INFO : F1_score=[0.         0.56603774 0.         0.4        0.         1.
 0.         0.         0.        ]
INFO : confusion_matrix=
[[ 0  7  0  9  0  0  0  0  0]
 [ 0 15  0  0  0  0  0  0  0]
 [ 0  8  0  5  0  0  0  0  0]
 [ 0  0  0 13  0  0  0  0  0]
 [ 0  0  0 12  0  0  0  0  0]
 [ 0  0  0  0  0 10  0  0  0]
 [ 0  1  0  8  0  0  0  0  0]
 [ 0  5  0  1  0  0  0  0  0]
 [ 0  2  0  4  0  0  0  0  0]]
INFO : Training sample: 	 1410/ 100 ...
INFO : Training sample: 	 1420/ 100 ...
INFO : Training sample: 	 1430/ 100 ...
INFO : Training sample: 	 1440/ 100 ...
INFO : Training sample: 	 1450/ 100 ...
INFO : Training sample: 	 1460/ 100 ...
INFO : Training sample: 	 1470/ 100 ...
INFO : Training sample: 	 1480/ 100 ...
INFO : Training sample: 	 1490/ 100 ...
INFO : Training sample: 	 1500/ 100 ...
INFO : 215.10728812217712
INFO : 215.10728812217712
INFO : 215.10728812217712
INFO : Loss=2.15 ; accuracy=0.4
INFO : precision=[0.         0.32608696 1.         0.30952381 0.         1.
 0.         0.         0.        ]
Recall=[0.         1.         0.15384615 1.         0.         1.
 0.         0.         0.        ]
INFO : F1_score=[0.         0.49180328 0.26666667 0.47272727 0.         1.
 0.         0.         0.        ]
INFO : confusion_matrix=
[[ 0 12  0  4  0  0  0  0  0]
 [ 0 15  0  0  0  0  0  0  0]
 [ 0  7  2  4  0  0  0  0  0]
 [ 0  0  0 13  0  0  0  0  0]
 [ 0  0  0 12  0  0  0  0  0]
 [ 0  0  0  0  0 10  0  0  0]
 [ 0  3  0  6  0  0  0  0  0]
 [ 0  5  0  1  0  0  0  0  0]
 [ 0  4  0  2  0  0  0  0  0]]
INFO : Training sample: 	 1510/ 100 ...
INFO : Training sample: 	 1520/ 100 ...
INFO : Training sample: 	 1530/ 100 ...
INFO : Training sample: 	 1540/ 100 ...
INFO : Training sample: 	 1550/ 100 ...
INFO : Training sample: 	 1560/ 100 ...
INFO : Training sample: 	 1570/ 100 ...
INFO : Training sample: 	 1580/ 100 ...
INFO : Training sample: 	 1590/ 100 ...
INFO : Training sample: 	 1600/ 100 ...
INFO : 214.79871797561646
INFO : 214.79871797561646
INFO : 214.79871797561646
INFO : Loss=2.15 ; accuracy=0.4
INFO : precision=[0.         0.3        1.         0.34210526 0.         1.
 0.         0.         0.        ]
Recall=[0.         1.         0.15384615 1.         0.         1.
 0.         0.         0.        ]
INFO : F1_score=[0.         0.46153846 0.26666667 0.50980392 0.         1.
 0.         0.         0.        ]
INFO : confusion_matrix=
[[ 0 14  0  2  0  0  0  0  0]
 [ 0 15  0  0  0  0  0  0  0]
 [ 0  8  2  3  0  0  0  0  0]
 [ 0  0  0 13  0  0  0  0  0]
 [ 0  0  0 12  0  0  0  0  0]
 [ 0  0  0  0  0 10  0  0  0]
 [ 0  3  0  6  0  0  0  0  0]
 [ 0  5  0  1  0  0  0  0  0]
 [ 0  5  0  1  0  0  0  0  0]]
INFO : Training sample: 	 1610/ 100 ...
INFO : Training sample: 	 1620/ 100 ...
INFO : Training sample: 	 1630/ 100 ...
INFO : Training sample: 	 1640/ 100 ...
INFO : Training sample: 	 1650/ 100 ...
INFO : Training sample: 	 1660/ 100 ...
INFO : Training sample: 	 1670/ 100 ...
INFO : Training sample: 	 1680/ 100 ...
INFO : Training sample: 	 1690/ 100 ...
INFO : Training sample: 	 1700/ 100 ...
INFO : 214.48847079277039
INFO : 214.48847079277039
INFO : 214.48847079277039
INFO : Loss=2.14 ; accuracy=0.41
INFO : precision=[0.         0.27777778 1.         0.39393939 0.         1.
 0.         0.         0.        ]
Recall=[0.         1.         0.23076923 1.         0.         1.
 0.         0.         0.        ]
INFO : F1_score=[0.         0.43478261 0.375      0.56521739 0.         1.
 0.         0.         0.        ]
INFO : confusion_matrix=
[[ 0 15  0  1  0  0  0  0  0]
 [ 0 15  0  0  0  0  0  0  0]
 [ 0  8  3  2  0  0  0  0  0]
 [ 0  0  0 13  0  0  0  0  0]
 [ 0  1  0 11  0  0  0  0  0]
 [ 0  0  0  0  0 10  0  0  0]
 [ 0  5  0  4  0  0  0  0  0]
 [ 0  5  0  1  0  0  0  0  0]
 [ 0  5  0  1  0  0  0  0  0]]
INFO : Training sample: 	 1710/ 100 ...
INFO : Training sample: 	 1720/ 100 ...
INFO : Training sample: 	 1730/ 100 ...
INFO : Training sample: 	 1740/ 100 ...
INFO : Training sample: 	 1750/ 100 ...
INFO : Training sample: 	 1760/ 100 ...
INFO : Training sample: 	 1770/ 100 ...
INFO : Training sample: 	 1780/ 100 ...
INFO : Training sample: 	 1790/ 100 ...
INFO : Training sample: 	 1800/ 100 ...
INFO : 214.17817735671997
INFO : 214.17817735671997
INFO : 214.17817735671997
INFO : Loss=2.14 ; accuracy=0.44
INFO : precision=[1.         0.27777778 1.         0.43333333 0.         1.
 0.         0.         0.        ]
Recall=[0.0625     1.         0.38461538 1.         0.         1.
 0.         0.         0.        ]
INFO : F1_score=[0.11764706 0.43478261 0.55555556 0.60465116 0.         1.
 0.         0.         0.        ]
INFO : confusion_matrix=
[[ 1 15  0  0  0  0  0  0  0]
 [ 0 15  0  0  0  0  0  0  0]
 [ 0  7  5  1  0  0  0  0  0]
 [ 0  0  0 13  0  0  0  0  0]
 [ 0  1  0 11  0  0  0  0  0]
 [ 0  0  0  0  0 10  0  0  0]
 [ 0  5  0  4  0  0  0  0  0]
 [ 0  6  0  0  0  0  0  0  0]
 [ 0  5  0  1  0  0  0  0  0]]
INFO : Training sample: 	 1810/ 100 ...
INFO : Training sample: 	 1820/ 100 ...
INFO : Training sample: 	 1830/ 100 ...
INFO : Training sample: 	 1840/ 100 ...
INFO : Training sample: 	 1850/ 100 ...
INFO : Training sample: 	 1860/ 100 ...
INFO : Training sample: 	 1870/ 100 ...
INFO : Training sample: 	 1880/ 100 ...
INFO : Training sample: 	 1890/ 100 ...
INFO : Training sample: 	 1900/ 100 ...
INFO : 213.86477088928223
INFO : 213.86477088928223
INFO : 213.86477088928223
INFO : Loss=2.14 ; accuracy=0.48
INFO : precision=[1.         0.29411765 1.         0.44827586 0.         1.
 0.         0.         0.        ]
Recall=[0.25       1.         0.46153846 1.         0.         1.
 0.         0.         0.        ]
INFO : F1_score=[0.4        0.45454545 0.63157895 0.61904762 0.         1.
 0.         0.         0.        ]
INFO : confusion_matrix=
[[ 4 12  0  0  0  0  0  0  0]
 [ 0 15  0  0  0  0  0  0  0]
 [ 0  6  6  1  0  0  0  0  0]
 [ 0  0  0 13  0  0  0  0  0]
 [ 0  1  0 11  0  0  0  0  0]
 [ 0  0  0  0  0 10  0  0  0]
 [ 0  6  0  3  0  0  0  0  0]
 [ 0  6  0  0  0  0  0  0  0]
 [ 0  5  0  1  0  0  0  0  0]]
INFO : Training sample: 	 1910/ 100 ...
INFO : Training sample: 	 1920/ 100 ...
INFO : Training sample: 	 1930/ 100 ...
INFO : Training sample: 	 1940/ 100 ...
INFO : Training sample: 	 1950/ 100 ...
INFO : Training sample: 	 1960/ 100 ...
INFO : Training sample: 	 1970/ 100 ...
INFO : Training sample: 	 1980/ 100 ...
INFO : Training sample: 	 1990/ 100 ...
INFO : Training sample: 	 2000/ 100 ...
INFO : 213.5489218235016
INFO : 213.5489218235016
INFO : 213.5489218235016
INFO : Loss=2.14 ; accuracy=0.55
INFO : precision=[1.     0.3125 1.     0.52   0.     1.     0.     0.     0.    ]
Recall=[0.4375     1.         0.76923077 1.         0.         1.
 0.         0.         0.        ]
INFO : F1_score=[0.60869565 0.47619048 0.86956522 0.68421053 0.         1.
 0.         0.         0.        ]
INFO : confusion_matrix=
[[ 7  9  0  0  0  0  0  0  0]
 [ 0 15  0  0  0  0  0  0  0]
 [ 0  3 10  0  0  0  0  0  0]
 [ 0  0  0 13  0  0  0  0  0]
 [ 0  3  0  9  0  0  0  0  0]
 [ 0  0  0  0  0 10  0  0  0]
 [ 0  7  0  2  0  0  0  0  0]
 [ 0  6  0  0  0  0  0  0  0]
 [ 0  5  0  1  0  0  0  0  0]]
INFO : Training sample: 	 2010/ 100 ...
INFO : Training sample: 	 2020/ 100 ...
INFO : Training sample: 	 2030/ 100 ...
INFO : Training sample: 	 2040/ 100 ...
INFO : Training sample: 	 2050/ 100 ...
INFO : Training sample: 	 2060/ 100 ...
INFO : Training sample: 	 2070/ 100 ...
INFO : Training sample: 	 2080/ 100 ...
INFO : Training sample: 	 2090/ 100 ...
INFO : Training sample: 	 2100/ 100 ...
INFO : 213.23077821731567
INFO : 213.23077821731567
INFO : 213.23077821731567
INFO : Loss=2.13 ; accuracy=0.56
INFO : precision=[1.         0.29411765 1.         0.61904762 0.         1.
 0.         0.         0.        ]
Recall=[0.5        1.         0.76923077 1.         0.         1.
 0.         0.         0.        ]
INFO : F1_score=[0.66666667 0.45454545 0.86956522 0.76470588 0.         1.
 0.         0.         0.        ]
INFO : confusion_matrix=
[[ 8  8  0  0  0  0  0  0  0]
 [ 0 15  0  0  0  0  0  0  0]
 [ 0  3 10  0  0  0  0  0  0]
 [ 0  0  0 13  0  0  0  0  0]
 [ 0  5  0  7  0  0  0  0  0]
 [ 0  0  0  0  0 10  0  0  0]
 [ 0  8  0  1  0  0  0  0  0]
 [ 0  6  0  0  0  0  0  0  0]
 [ 0  6  0  0  0  0  0  0  0]]
INFO : Training sample: 	 2110/ 100 ...
INFO : Training sample: 	 2120/ 100 ...
INFO : Training sample: 	 2130/ 100 ...
INFO : Training sample: 	 2140/ 100 ...
INFO : Training sample: 	 2150/ 100 ...
INFO : Training sample: 	 2160/ 100 ...
INFO : Training sample: 	 2170/ 100 ...
INFO : Training sample: 	 2180/ 100 ...
INFO : Training sample: 	 2190/ 100 ...
INFO : Training sample: 	 2200/ 100 ...
INFO : 212.9099144935608
INFO : 212.9099144935608
INFO : 212.9099144935608
INFO : Loss=2.13 ; accuracy=0.59
INFO : precision=[1.         0.30612245 1.         0.65       0.         1.
 0.         0.         0.        ]
Recall=[0.6875     1.         0.76923077 1.         0.         1.
 0.         0.         0.        ]
INFO : F1_score=[0.81481481 0.46875    0.86956522 0.78787879 0.         1.
 0.         0.         0.        ]
INFO : confusion_matrix=
[[11  5  0  0  0  0  0  0  0]
 [ 0 15  0  0  0  0  0  0  0]
 [ 0  3 10  0  0  0  0  0  0]
 [ 0  0  0 13  0  0  0  0  0]
 [ 0  5  0  7  0  0  0  0  0]
 [ 0  0  0  0  0 10  0  0  0]
 [ 0  9  0  0  0  0  0  0  0]
 [ 0  6  0  0  0  0  0  0  0]
 [ 0  6  0  0  0  0  0  0  0]]
INFO : Training sample: 	 2210/ 100 ...
INFO : Training sample: 	 2220/ 100 ...
INFO : Training sample: 	 2230/ 100 ...
INFO : Training sample: 	 2240/ 100 ...
INFO : Training sample: 	 2250/ 100 ...
INFO : Training sample: 	 2260/ 100 ...
INFO : Training sample: 	 2270/ 100 ...
INFO : Training sample: 	 2280/ 100 ...
INFO : Training sample: 	 2290/ 100 ...
INFO : Training sample: 	 2300/ 100 ...
INFO : 212.5847795009613
INFO : 212.5847795009613
INFO : 212.5847795009613
INFO : Loss=2.13 ; accuracy=0.67
INFO : precision=[1.         0.36585366 1.         0.65       1.         1.
 0.         0.         0.        ]
Recall=[0.9375     1.         0.84615385 1.         0.25       1.
 0.         0.         0.        ]
INFO : F1_score=[0.96774194 0.53571429 0.91666667 0.78787879 0.4        1.
 0.         0.         0.        ]
INFO : confusion_matrix=
[[15  1  0  0  0  0  0  0  0]
 [ 0 15  0  0  0  0  0  0  0]
 [ 0  2 11  0  0  0  0  0  0]
 [ 0  0  0 13  0  0  0  0  0]
 [ 0  2  0  7  3  0  0  0  0]
 [ 0  0  0  0  0 10  0  0  0]
 [ 0  9  0  0  0  0  0  0  0]
 [ 0  6  0  0  0  0  0  0  0]
 [ 0  6  0  0  0  0  0  0  0]]
INFO : Training sample: 	 2310/ 100 ...
INFO : Training sample: 	 2320/ 100 ...
INFO : Training sample: 	 2330/ 100 ...
INFO : Training sample: 	 2340/ 100 ...
INFO : Training sample: 	 2350/ 100 ...
INFO : Training sample: 	 2360/ 100 ...
INFO : Training sample: 	 2370/ 100 ...
INFO : Training sample: 	 2380/ 100 ...
INFO : Training sample: 	 2390/ 100 ...
INFO : Training sample: 	 2400/ 100 ...
INFO : 212.2575249671936
INFO : 212.2575249671936
INFO : 212.2575249671936
INFO : Loss=2.12 ; accuracy=0.72
INFO : precision=[1.     0.375  1.     0.8125 1.     1.     0.     0.     0.    ]
Recall=[1.         1.         0.92307692 1.         0.5        1.
 0.         0.         0.        ]
INFO : F1_score=[1.         0.54545455 0.96       0.89655172 0.66666667 1.
 0.         0.         0.        ]
INFO : confusion_matrix=
[[16  0  0  0  0  0  0  0  0]
 [ 0 15  0  0  0  0  0  0  0]
 [ 0  1 12  0  0  0  0  0  0]
 [ 0  0  0 13  0  0  0  0  0]
 [ 0  3  0  3  6  0  0  0  0]
 [ 0  0  0  0  0 10  0  0  0]
 [ 0  9  0  0  0  0  0  0  0]
 [ 0  6  0  0  0  0  0  0  0]
 [ 0  6  0  0  0  0  0  0  0]]
INFO : Training sample: 	 2410/ 100 ...
INFO : Training sample: 	 2420/ 100 ...
INFO : Training sample: 	 2430/ 100 ...
INFO : Training sample: 	 2440/ 100 ...
INFO : Training sample: 	 2450/ 100 ...
INFO : Training sample: 	 2460/ 100 ...
INFO : Training sample: 	 2470/ 100 ...
INFO : Training sample: 	 2480/ 100 ...
INFO : Training sample: 	 2490/ 100 ...
INFO : Training sample: 	 2500/ 100 ...
INFO : 211.92611479759216
INFO : 211.92611479759216
INFO : 211.92611479759216
INFO : Loss=2.12 ; accuracy=0.73
INFO : precision=[1.         0.36585366 1.         0.92857143 1.         1.
 0.         0.         0.        ]
Recall=[1.         1.         0.92307692 1.         0.58333333 1.
 0.         0.         0.        ]
INFO : F1_score=[1.         0.53571429 0.96       0.96296296 0.73684211 1.
 0.         0.         0.        ]
INFO : confusion_matrix=
[[16  0  0  0  0  0  0  0  0]
 [ 0 15  0  0  0  0  0  0  0]
 [ 0  1 12  0  0  0  0  0  0]
 [ 0  0  0 13  0  0  0  0  0]
 [ 0  4  0  1  7  0  0  0  0]
 [ 0  0  0  0  0 10  0  0  0]
 [ 0  9  0  0  0  0  0  0  0]
 [ 0  6  0  0  0  0  0  0  0]
 [ 0  6  0  0  0  0  0  0  0]]
INFO : Training sample: 	 2510/ 100 ...
INFO : Training sample: 	 2520/ 100 ...
INFO : Training sample: 	 2530/ 100 ...
INFO : Training sample: 	 2540/ 100 ...
INFO : Training sample: 	 2550/ 100 ...
INFO : Training sample: 	 2560/ 100 ...
INFO : Training sample: 	 2570/ 100 ...
INFO : Training sample: 	 2580/ 100 ...
INFO : Training sample: 	 2590/ 100 ...
INFO : Training sample: 	 2600/ 100 ...
INFO : 211.59103870391846
INFO : 211.59103870391846
INFO : 211.59103870391846
INFO : Loss=2.12 ; accuracy=0.77
INFO : precision=[1.         0.39473684 1.         1.         1.         1.
 0.         0.         0.        ]
Recall=[1.         1.         1.         1.         0.83333333 1.
 0.         0.         0.        ]
INFO : F1_score=[1.         0.56603774 1.         1.         0.90909091 1.
 0.         0.         0.        ]
INFO : confusion_matrix=
[[16  0  0  0  0  0  0  0  0]
 [ 0 15  0  0  0  0  0  0  0]
 [ 0  0 13  0  0  0  0  0  0]
 [ 0  0  0 13  0  0  0  0  0]
 [ 0  2  0  0 10  0  0  0  0]
 [ 0  0  0  0  0 10  0  0  0]
 [ 0  9  0  0  0  0  0  0  0]
 [ 0  6  0  0  0  0  0  0  0]
 [ 0  6  0  0  0  0  0  0  0]]
INFO : Training sample: 	 2610/ 100 ...
INFO : Training sample: 	 2620/ 100 ...
INFO : Training sample: 	 2630/ 100 ...
INFO : Training sample: 	 2640/ 100 ...
INFO : Training sample: 	 2650/ 100 ...
INFO : Training sample: 	 2660/ 100 ...
INFO : Training sample: 	 2670/ 100 ...
INFO : Training sample: 	 2680/ 100 ...
INFO : Training sample: 	 2690/ 100 ...
INFO : Training sample: 	 2700/ 100 ...
INFO : 211.2514591217041
INFO : 211.2514591217041
INFO : 211.2514591217041
INFO : Loss=2.11 ; accuracy=0.78
INFO : precision=[1.         0.40540541 1.         1.         1.         1.
 0.         0.         0.        ]
Recall=[1.         1.         1.         1.         0.91666667 1.
 0.         0.         0.        ]
INFO : F1_score=[1.         0.57692308 1.         1.         0.95652174 1.
 0.         0.         0.        ]
INFO : confusion_matrix=
[[16  0  0  0  0  0  0  0  0]
 [ 0 15  0  0  0  0  0  0  0]
 [ 0  0 13  0  0  0  0  0  0]
 [ 0  0  0 13  0  0  0  0  0]
 [ 0  1  0  0 11  0  0  0  0]
 [ 0  0  0  0  0 10  0  0  0]
 [ 0  9  0  0  0  0  0  0  0]
 [ 0  6  0  0  0  0  0  0  0]
 [ 0  6  0  0  0  0  0  0  0]]
INFO : Training sample: 	 2710/ 100 ...
INFO : Training sample: 	 2720/ 100 ...
INFO : Training sample: 	 2730/ 100 ...
INFO : Training sample: 	 2740/ 100 ...
INFO : Training sample: 	 2750/ 100 ...
INFO : Training sample: 	 2760/ 100 ...
INFO : Training sample: 	 2770/ 100 ...
INFO : Training sample: 	 2780/ 100 ...
INFO : Training sample: 	 2790/ 100 ...
INFO : Training sample: 	 2800/ 100 ...
INFO : 210.9079098701477
INFO : 210.9079098701477
INFO : 210.9079098701477
INFO : Loss=2.11 ; accuracy=0.78
INFO : precision=[1.         0.40540541 1.         1.         1.         1.
 0.         0.         0.        ]
Recall=[1.         1.         1.         1.         0.91666667 1.
 0.         0.         0.        ]
INFO : F1_score=[1.         0.57692308 1.         1.         0.95652174 1.
 0.         0.         0.        ]
INFO : confusion_matrix=
[[16  0  0  0  0  0  0  0  0]
 [ 0 15  0  0  0  0  0  0  0]
 [ 0  0 13  0  0  0  0  0  0]
 [ 0  0  0 13  0  0  0  0  0]
 [ 0  1  0  0 11  0  0  0  0]
 [ 0  0  0  0  0 10  0  0  0]
 [ 0  9  0  0  0  0  0  0  0]
 [ 0  6  0  0  0  0  0  0  0]
 [ 0  6  0  0  0  0  0  0  0]]
INFO : Training sample: 	 2810/ 100 ...
INFO : Training sample: 	 2820/ 100 ...
INFO : Training sample: 	 2830/ 100 ...
INFO : Training sample: 	 2840/ 100 ...
INFO : Training sample: 	 2850/ 100 ...
INFO : Training sample: 	 2860/ 100 ...
INFO : Training sample: 	 2870/ 100 ...
INFO : Training sample: 	 2880/ 100 ...
INFO : Training sample: 	 2890/ 100 ...
INFO : Training sample: 	 2900/ 100 ...
INFO : 210.56074976921082
INFO : 210.56074976921082
INFO : 210.56074976921082
INFO : Loss=2.11 ; accuracy=0.78
INFO : precision=[1.         0.40540541 1.         1.         1.         1.
 0.         0.         0.        ]
Recall=[1.         1.         1.         1.         0.91666667 1.
 0.         0.         0.        ]
INFO : F1_score=[1.         0.57692308 1.         1.         0.95652174 1.
 0.         0.         0.        ]
INFO : confusion_matrix=
[[16  0  0  0  0  0  0  0  0]
 [ 0 15  0  0  0  0  0  0  0]
 [ 0  0 13  0  0  0  0  0  0]
 [ 0  0  0 13  0  0  0  0  0]
 [ 0  1  0  0 11  0  0  0  0]
 [ 0  0  0  0  0 10  0  0  0]
 [ 0  9  0  0  0  0  0  0  0]
 [ 0  6  0  0  0  0  0  0  0]
 [ 0  6  0  0  0  0  0  0  0]]
INFO : Training sample: 	 2910/ 100 ...
INFO : Training sample: 	 2920/ 100 ...
INFO : Training sample: 	 2930/ 100 ...
INFO : Training sample: 	 2940/ 100 ...
INFO : Training sample: 	 2950/ 100 ...
INFO : Training sample: 	 2960/ 100 ...
INFO : Training sample: 	 2970/ 100 ...
INFO : Training sample: 	 2980/ 100 ...
INFO : Training sample: 	 2990/ 100 ...
INFO : Training sample: 	 3000/ 100 ...
INFO : 210.20911836624146
INFO : 210.20911836624146
INFO : 210.20911836624146
INFO : Loss=2.1 ; accuracy=0.78
INFO : precision=[1.         0.40540541 1.         1.         1.         1.
 0.         0.         0.        ]
Recall=[1.         1.         1.         1.         0.91666667 1.
 0.         0.         0.        ]
INFO : F1_score=[1.         0.57692308 1.         1.         0.95652174 1.
 0.         0.         0.        ]
INFO : confusion_matrix=
[[16  0  0  0  0  0  0  0  0]
 [ 0 15  0  0  0  0  0  0  0]
 [ 0  0 13  0  0  0  0  0  0]
 [ 0  0  0 13  0  0  0  0  0]
 [ 0  1  0  0 11  0  0  0  0]
 [ 0  0  0  0  0 10  0  0  0]
 [ 0  9  0  0  0  0  0  0  0]
 [ 0  6  0  0  0  0  0  0  0]
 [ 0  6  0  0  0  0  0  0  0]]
INFO : Training sample: 	 3010/ 100 ...
INFO : Training sample: 	 3020/ 100 ...
INFO : Training sample: 	 3030/ 100 ...
INFO : Training sample: 	 3040/ 100 ...
INFO : Training sample: 	 3050/ 100 ...
INFO : Training sample: 	 3060/ 100 ...
INFO : Training sample: 	 3070/ 100 ...
INFO : Training sample: 	 3080/ 100 ...
INFO : Training sample: 	 3090/ 100 ...
INFO : Training sample: 	 3100/ 100 ...
INFO : 209.85306882858276
INFO : 209.85306882858276
INFO : 209.85306882858276
INFO : Loss=2.1 ; accuracy=0.79
INFO : precision=[1.         0.41666667 1.         1.         1.         1.
 0.         0.         0.        ]
Recall=[1. 1. 1. 1. 1. 1. 0. 0. 0.]
INFO : F1_score=[1.         0.58823529 1.         1.         1.         1.
 0.         0.         0.        ]
INFO : confusion_matrix=
[[16  0  0  0  0  0  0  0  0]
 [ 0 15  0  0  0  0  0  0  0]
 [ 0  0 13  0  0  0  0  0  0]
 [ 0  0  0 13  0  0  0  0  0]
 [ 0  0  0  0 12  0  0  0  0]
 [ 0  0  0  0  0 10  0  0  0]
 [ 0  9  0  0  0  0  0  0  0]
 [ 0  6  0  0  0  0  0  0  0]
 [ 0  6  0  0  0  0  0  0  0]]
INFO : Training sample: 	 3110/ 100 ...
INFO : Training sample: 	 3120/ 100 ...
INFO : Training sample: 	 3130/ 100 ...
INFO : Training sample: 	 3140/ 100 ...
INFO : Training sample: 	 3150/ 100 ...
INFO : Training sample: 	 3160/ 100 ...
INFO : Training sample: 	 3170/ 100 ...
INFO : Training sample: 	 3180/ 100 ...
INFO : Training sample: 	 3190/ 100 ...
INFO : Training sample: 	 3200/ 100 ...
INFO : 209.49158716201782
INFO : 209.49158716201782
INFO : 209.49158716201782
INFO : Loss=2.09 ; accuracy=0.79
INFO : precision=[1.         0.41666667 1.         1.         1.         1.
 0.         0.         0.        ]
Recall=[1. 1. 1. 1. 1. 1. 0. 0. 0.]
INFO : F1_score=[1.         0.58823529 1.         1.         1.         1.
 0.         0.         0.        ]
INFO : confusion_matrix=
[[16  0  0  0  0  0  0  0  0]
 [ 0 15  0  0  0  0  0  0  0]
 [ 0  0 13  0  0  0  0  0  0]
 [ 0  0  0 13  0  0  0  0  0]
 [ 0  0  0  0 12  0  0  0  0]
 [ 0  0  0  0  0 10  0  0  0]
 [ 0  9  0  0  0  0  0  0  0]
 [ 0  6  0  0  0  0  0  0  0]
 [ 0  6  0  0  0  0  0  0  0]]
INFO : Training sample: 	 3210/ 100 ...
INFO : Training sample: 	 3220/ 100 ...
INFO : Training sample: 	 3230/ 100 ...
INFO : Training sample: 	 3240/ 100 ...
INFO : Training sample: 	 3250/ 100 ...
INFO : Training sample: 	 3260/ 100 ...
INFO : Training sample: 	 3270/ 100 ...
INFO : Training sample: 	 3280/ 100 ...
INFO : Training sample: 	 3290/ 100 ...
INFO : Training sample: 	 3300/ 100 ...
INFO : 209.12682104110718
INFO : 209.12682104110718
INFO : 209.12682104110718
INFO : Loss=2.09 ; accuracy=0.79
INFO : precision=[1.         0.41666667 1.         1.         1.         1.
 0.         0.         0.        ]
Recall=[1. 1. 1. 1. 1. 1. 0. 0. 0.]
INFO : F1_score=[1.         0.58823529 1.         1.         1.         1.
 0.         0.         0.        ]
INFO : confusion_matrix=
[[16  0  0  0  0  0  0  0  0]
 [ 0 15  0  0  0  0  0  0  0]
 [ 0  0 13  0  0  0  0  0  0]
 [ 0  0  0 13  0  0  0  0  0]
 [ 0  0  0  0 12  0  0  0  0]
 [ 0  0  0  0  0 10  0  0  0]
 [ 0  9  0  0  0  0  0  0  0]
 [ 0  6  0  0  0  0  0  0  0]
 [ 0  6  0  0  0  0  0  0  0]]
INFO : Training sample: 	 3310/ 100 ...
INFO : Training sample: 	 3320/ 100 ...
INFO : Training sample: 	 3330/ 100 ...
INFO : Training sample: 	 3340/ 100 ...
INFO : Training sample: 	 3350/ 100 ...
INFO : Training sample: 	 3360/ 100 ...
INFO : Training sample: 	 3370/ 100 ...
INFO : Training sample: 	 3380/ 100 ...
INFO : Training sample: 	 3390/ 100 ...
INFO : Training sample: 	 3400/ 100 ...
INFO : 208.7552444934845
INFO : 208.7552444934845
INFO : 208.7552444934845
INFO : Loss=2.09 ; accuracy=0.79
INFO : precision=[1.         0.41666667 1.         1.         1.         1.
 0.         0.         0.        ]
Recall=[1. 1. 1. 1. 1. 1. 0. 0. 0.]
INFO : F1_score=[1.         0.58823529 1.         1.         1.         1.
 0.         0.         0.        ]
INFO : confusion_matrix=
[[16  0  0  0  0  0  0  0  0]
 [ 0 15  0  0  0  0  0  0  0]
 [ 0  0 13  0  0  0  0  0  0]
 [ 0  0  0 13  0  0  0  0  0]
 [ 0  0  0  0 12  0  0  0  0]
 [ 0  0  0  0  0 10  0  0  0]
 [ 0  9  0  0  0  0  0  0  0]
 [ 0  6  0  0  0  0  0  0  0]
 [ 0  6  0  0  0  0  0  0  0]]
INFO : Training sample: 	 3410/ 100 ...
INFO : Training sample: 	 3420/ 100 ...
INFO : Training sample: 	 3430/ 100 ...
INFO : Training sample: 	 3440/ 100 ...
INFO : Training sample: 	 3450/ 100 ...
INFO : Training sample: 	 3460/ 100 ...
INFO : Training sample: 	 3470/ 100 ...
INFO : Training sample: 	 3480/ 100 ...
INFO : Training sample: 	 3490/ 100 ...
INFO : Training sample: 	 3500/ 100 ...
INFO : 208.38151681423187
INFO : 208.38151681423187
INFO : 208.38151681423187
INFO : Loss=2.08 ; accuracy=0.79
INFO : precision=[1.         0.41666667 1.         1.         1.         1.
 0.         0.         0.        ]
Recall=[1. 1. 1. 1. 1. 1. 0. 0. 0.]
INFO : F1_score=[1.         0.58823529 1.         1.         1.         1.
 0.         0.         0.        ]
INFO : confusion_matrix=
[[16  0  0  0  0  0  0  0  0]
 [ 0 15  0  0  0  0  0  0  0]
 [ 0  0 13  0  0  0  0  0  0]
 [ 0  0  0 13  0  0  0  0  0]
 [ 0  0  0  0 12  0  0  0  0]
 [ 0  0  0  0  0 10  0  0  0]
 [ 0  9  0  0  0  0  0  0  0]
 [ 0  6  0  0  0  0  0  0  0]
 [ 0  6  0  0  0  0  0  0  0]]
INFO : Training sample: 	 3510/ 100 ...
INFO : Training sample: 	 3520/ 100 ...
INFO : Training sample: 	 3530/ 100 ...
INFO : Training sample: 	 3540/ 100 ...
INFO : Training sample: 	 3550/ 100 ...
INFO : Training sample: 	 3560/ 100 ...
INFO : Training sample: 	 3570/ 100 ...
INFO : Training sample: 	 3580/ 100 ...
INFO : Training sample: 	 3590/ 100 ...
INFO : Training sample: 	 3600/ 100 ...
INFO : 208.00182819366455
INFO : 208.00182819366455
INFO : 208.00182819366455
INFO : Loss=2.08 ; accuracy=0.79
INFO : precision=[1.         0.41666667 1.         1.         1.         1.
 0.         0.         0.        ]
Recall=[1. 1. 1. 1. 1. 1. 0. 0. 0.]
INFO : F1_score=[1.         0.58823529 1.         1.         1.         1.
 0.         0.         0.        ]
INFO : confusion_matrix=
[[16  0  0  0  0  0  0  0  0]
 [ 0 15  0  0  0  0  0  0  0]
 [ 0  0 13  0  0  0  0  0  0]
 [ 0  0  0 13  0  0  0  0  0]
 [ 0  0  0  0 12  0  0  0  0]
 [ 0  0  0  0  0 10  0  0  0]
 [ 0  9  0  0  0  0  0  0  0]
 [ 0  6  0  0  0  0  0  0  0]
 [ 0  6  0  0  0  0  0  0  0]]
INFO : Training sample: 	 3610/ 100 ...
INFO : Training sample: 	 3620/ 100 ...
INFO : Training sample: 	 3630/ 100 ...
INFO : Training sample: 	 3640/ 100 ...
INFO : Training sample: 	 3650/ 100 ...
INFO : Training sample: 	 3660/ 100 ...
INFO : Training sample: 	 3670/ 100 ...
INFO : Training sample: 	 3680/ 100 ...
INFO : Training sample: 	 3690/ 100 ...
INFO : Training sample: 	 3700/ 100 ...
INFO : 207.61640000343323
INFO : 207.61640000343323
INFO : 207.61640000343323
INFO : Loss=2.08 ; accuracy=0.79
INFO : precision=[1.         0.41666667 1.         1.         1.         1.
 0.         0.         0.        ]
Recall=[1. 1. 1. 1. 1. 1. 0. 0. 0.]
INFO : F1_score=[1.         0.58823529 1.         1.         1.         1.
 0.         0.         0.        ]
INFO : confusion_matrix=
[[16  0  0  0  0  0  0  0  0]
 [ 0 15  0  0  0  0  0  0  0]
 [ 0  0 13  0  0  0  0  0  0]
 [ 0  0  0 13  0  0  0  0  0]
 [ 0  0  0  0 12  0  0  0  0]
 [ 0  0  0  0  0 10  0  0  0]
 [ 0  9  0  0  0  0  0  0  0]
 [ 0  6  0  0  0  0  0  0  0]
 [ 0  6  0  0  0  0  0  0  0]]
INFO : Training sample: 	 3710/ 100 ...
INFO : Training sample: 	 3720/ 100 ...
INFO : Training sample: 	 3730/ 100 ...
INFO : Training sample: 	 3740/ 100 ...
INFO : Training sample: 	 3750/ 100 ...
INFO : Training sample: 	 3760/ 100 ...
INFO : Training sample: 	 3770/ 100 ...
INFO : Training sample: 	 3780/ 100 ...
INFO : Training sample: 	 3790/ 100 ...
INFO : Training sample: 	 3800/ 100 ...
INFO : 207.22661876678467
INFO : 207.22661876678467
INFO : 207.22661876678467
INFO : Loss=2.07 ; accuracy=0.79
INFO : precision=[1.         0.41666667 1.         1.         1.         1.
 0.         0.         0.        ]
Recall=[1. 1. 1. 1. 1. 1. 0. 0. 0.]
INFO : F1_score=[1.         0.58823529 1.         1.         1.         1.
 0.         0.         0.        ]
INFO : confusion_matrix=
[[16  0  0  0  0  0  0  0  0]
 [ 0 15  0  0  0  0  0  0  0]
 [ 0  0 13  0  0  0  0  0  0]
 [ 0  0  0 13  0  0  0  0  0]
 [ 0  0  0  0 12  0  0  0  0]
 [ 0  0  0  0  0 10  0  0  0]
 [ 0  9  0  0  0  0  0  0  0]
 [ 0  6  0  0  0  0  0  0  0]
 [ 0  6  0  0  0  0  0  0  0]]
INFO : Training sample: 	 3810/ 100 ...
INFO : Training sample: 	 3820/ 100 ...
INFO : Training sample: 	 3830/ 100 ...
INFO : Training sample: 	 3840/ 100 ...
INFO : Training sample: 	 3850/ 100 ...
INFO : Training sample: 	 3860/ 100 ...
INFO : Training sample: 	 3870/ 100 ...
INFO : Training sample: 	 3880/ 100 ...
INFO : Training sample: 	 3890/ 100 ...
INFO : Training sample: 	 3900/ 100 ...
INFO : 206.83105266094208
INFO : 206.83105266094208
INFO : 206.83105266094208
INFO : Loss=2.07 ; accuracy=0.79
INFO : precision=[1.         0.41666667 1.         1.         1.         1.
 0.         0.         0.        ]
Recall=[1. 1. 1. 1. 1. 1. 0. 0. 0.]
INFO : F1_score=[1.         0.58823529 1.         1.         1.         1.
 0.         0.         0.        ]
INFO : confusion_matrix=
[[16  0  0  0  0  0  0  0  0]
 [ 0 15  0  0  0  0  0  0  0]
 [ 0  0 13  0  0  0  0  0  0]
 [ 0  0  0 13  0  0  0  0  0]
 [ 0  0  0  0 12  0  0  0  0]
 [ 0  0  0  0  0 10  0  0  0]
 [ 0  9  0  0  0  0  0  0  0]
 [ 0  6  0  0  0  0  0  0  0]
 [ 0  6  0  0  0  0  0  0  0]]
INFO : Training sample: 	 3910/ 100 ...
INFO : Training sample: 	 3920/ 100 ...
INFO : Training sample: 	 3930/ 100 ...
INFO : Training sample: 	 3940/ 100 ...
INFO : Training sample: 	 3950/ 100 ...
INFO : Training sample: 	 3960/ 100 ...
INFO : Training sample: 	 3970/ 100 ...
INFO : Training sample: 	 3980/ 100 ...
INFO : Training sample: 	 3990/ 100 ...
INFO : Training sample: 	 4000/ 100 ...
INFO : 206.42990517616272
INFO : 206.42990517616272
INFO : 206.42990517616272
INFO : Loss=2.06 ; accuracy=0.79
INFO : precision=[1.         0.41666667 1.         1.         1.         1.
 0.         0.         0.        ]
Recall=[1. 1. 1. 1. 1. 1. 0. 0. 0.]
INFO : F1_score=[1.         0.58823529 1.         1.         1.         1.
 0.         0.         0.        ]
INFO : confusion_matrix=
[[16  0  0  0  0  0  0  0  0]
 [ 0 15  0  0  0  0  0  0  0]
 [ 0  0 13  0  0  0  0  0  0]
 [ 0  0  0 13  0  0  0  0  0]
 [ 0  0  0  0 12  0  0  0  0]
 [ 0  0  0  0  0 10  0  0  0]
 [ 0  9  0  0  0  0  0  0  0]
 [ 0  6  0  0  0  0  0  0  0]
 [ 0  6  0  0  0  0  0  0  0]]
INFO : Training sample: 	 4010/ 100 ...
INFO : Training sample: 	 4020/ 100 ...
INFO : Training sample: 	 4030/ 100 ...
INFO : Training sample: 	 4040/ 100 ...
INFO : Training sample: 	 4050/ 100 ...
INFO : Training sample: 	 4060/ 100 ...
INFO : Training sample: 	 4070/ 100 ...
INFO : Training sample: 	 4080/ 100 ...
INFO : Training sample: 	 4090/ 100 ...
INFO : Training sample: 	 4100/ 100 ...
INFO : 206.02388441562653
INFO : 206.02388441562653
INFO : 206.02388441562653
INFO : Loss=2.06 ; accuracy=0.79
INFO : precision=[1.         0.41666667 1.         1.         1.         1.
 0.         0.         0.        ]
Recall=[1. 1. 1. 1. 1. 1. 0. 0. 0.]
INFO : F1_score=[1.         0.58823529 1.         1.         1.         1.
 0.         0.         0.        ]
INFO : confusion_matrix=
[[16  0  0  0  0  0  0  0  0]
 [ 0 15  0  0  0  0  0  0  0]
 [ 0  0 13  0  0  0  0  0  0]
 [ 0  0  0 13  0  0  0  0  0]
 [ 0  0  0  0 12  0  0  0  0]
 [ 0  0  0  0  0 10  0  0  0]
 [ 0  9  0  0  0  0  0  0  0]
 [ 0  6  0  0  0  0  0  0  0]
 [ 0  6  0  0  0  0  0  0  0]]
INFO : Training sample: 	 4110/ 100 ...
INFO : Training sample: 	 4120/ 100 ...
INFO : Training sample: 	 4130/ 100 ...
INFO : Training sample: 	 4140/ 100 ...
INFO : Training sample: 	 4150/ 100 ...
INFO : Training sample: 	 4160/ 100 ...
INFO : Training sample: 	 4170/ 100 ...
INFO : Training sample: 	 4180/ 100 ...
INFO : Training sample: 	 4190/ 100 ...
INFO : Training sample: 	 4200/ 100 ...
INFO : 205.6123387813568
INFO : 205.6123387813568
INFO : 205.6123387813568
INFO : Loss=2.06 ; accuracy=0.79
INFO : precision=[1.         0.41666667 1.         1.         1.         1.
 0.         0.         0.        ]
Recall=[1. 1. 1. 1. 1. 1. 0. 0. 0.]
INFO : F1_score=[1.         0.58823529 1.         1.         1.         1.
 0.         0.         0.        ]
INFO : confusion_matrix=
[[16  0  0  0  0  0  0  0  0]
 [ 0 15  0  0  0  0  0  0  0]
 [ 0  0 13  0  0  0  0  0  0]
 [ 0  0  0 13  0  0  0  0  0]
 [ 0  0  0  0 12  0  0  0  0]
 [ 0  0  0  0  0 10  0  0  0]
 [ 0  9  0  0  0  0  0  0  0]
 [ 0  6  0  0  0  0  0  0  0]
 [ 0  6  0  0  0  0  0  0  0]]
INFO : Training sample: 	 4210/ 100 ...
INFO : Training sample: 	 4220/ 100 ...
INFO : Training sample: 	 4230/ 100 ...
INFO : Training sample: 	 4240/ 100 ...
INFO : Training sample: 	 4250/ 100 ...
INFO : Training sample: 	 4260/ 100 ...
INFO : Training sample: 	 4270/ 100 ...
INFO : Training sample: 	 4280/ 100 ...
INFO : Training sample: 	 4290/ 100 ...
INFO : Training sample: 	 4300/ 100 ...
INFO : 205.1953628063202
INFO : 205.1953628063202
INFO : 205.1953628063202
INFO : Loss=2.05 ; accuracy=0.79
INFO : precision=[1.         0.41666667 1.         1.         1.         1.
 0.         0.         0.        ]
Recall=[1. 1. 1. 1. 1. 1. 0. 0. 0.]
INFO : F1_score=[1.         0.58823529 1.         1.         1.         1.
 0.         0.         0.        ]
INFO : confusion_matrix=
[[16  0  0  0  0  0  0  0  0]
 [ 0 15  0  0  0  0  0  0  0]
 [ 0  0 13  0  0  0  0  0  0]
 [ 0  0  0 13  0  0  0  0  0]
 [ 0  0  0  0 12  0  0  0  0]
 [ 0  0  0  0  0 10  0  0  0]
 [ 0  9  0  0  0  0  0  0  0]
 [ 0  6  0  0  0  0  0  0  0]
 [ 0  6  0  0  0  0  0  0  0]]
INFO : Training sample: 	 4310/ 100 ...
INFO : Training sample: 	 4320/ 100 ...
INFO : Training sample: 	 4330/ 100 ...
INFO : Training sample: 	 4340/ 100 ...
INFO : Training sample: 	 4350/ 100 ...
INFO : Training sample: 	 4360/ 100 ...
INFO : Training sample: 	 4370/ 100 ...
INFO : Training sample: 	 4380/ 100 ...
INFO : Training sample: 	 4390/ 100 ...
INFO : Training sample: 	 4400/ 100 ...
INFO : 204.77305793762207
INFO : 204.77305793762207
INFO : 204.77305793762207
INFO : Loss=2.05 ; accuracy=0.79
INFO : precision=[1.         0.41666667 1.         1.         1.         1.
 0.         0.         0.        ]
Recall=[1. 1. 1. 1. 1. 1. 0. 0. 0.]
INFO : F1_score=[1.         0.58823529 1.         1.         1.         1.
 0.         0.         0.        ]
INFO : confusion_matrix=
[[16  0  0  0  0  0  0  0  0]
 [ 0 15  0  0  0  0  0  0  0]
 [ 0  0 13  0  0  0  0  0  0]
 [ 0  0  0 13  0  0  0  0  0]
 [ 0  0  0  0 12  0  0  0  0]
 [ 0  0  0  0  0 10  0  0  0]
 [ 0  9  0  0  0  0  0  0  0]
 [ 0  6  0  0  0  0  0  0  0]
 [ 0  6  0  0  0  0  0  0  0]]
INFO : Training sample: 	 4410/ 100 ...
INFO : Training sample: 	 4420/ 100 ...
INFO : Training sample: 	 4430/ 100 ...
INFO : Training sample: 	 4440/ 100 ...
INFO : Training sample: 	 4450/ 100 ...
INFO : Training sample: 	 4460/ 100 ...
INFO : Training sample: 	 4470/ 100 ...
INFO : Training sample: 	 4480/ 100 ...
INFO : Training sample: 	 4490/ 100 ...
INFO : Training sample: 	 4500/ 100 ...
INFO : 204.34517407417297
INFO : 204.34517407417297
INFO : 204.34517407417297
INFO : Loss=2.04 ; accuracy=0.79
INFO : precision=[1.         0.41666667 1.         1.         1.         1.
 0.         0.         0.        ]
Recall=[1. 1. 1. 1. 1. 1. 0. 0. 0.]
INFO : F1_score=[1.         0.58823529 1.         1.         1.         1.
 0.         0.         0.        ]
INFO : confusion_matrix=
[[16  0  0  0  0  0  0  0  0]
 [ 0 15  0  0  0  0  0  0  0]
 [ 0  0 13  0  0  0  0  0  0]
 [ 0  0  0 13  0  0  0  0  0]
 [ 0  0  0  0 12  0  0  0  0]
 [ 0  0  0  0  0 10  0  0  0]
 [ 0  9  0  0  0  0  0  0  0]
 [ 0  6  0  0  0  0  0  0  0]
 [ 0  6  0  0  0  0  0  0  0]]
INFO : Training sample: 	 4510/ 100 ...
INFO : Training sample: 	 4520/ 100 ...
INFO : Training sample: 	 4530/ 100 ...
INFO : Training sample: 	 4540/ 100 ...
INFO : Training sample: 	 4550/ 100 ...
INFO : Training sample: 	 4560/ 100 ...
INFO : Training sample: 	 4570/ 100 ...
INFO : Training sample: 	 4580/ 100 ...
INFO : Training sample: 	 4590/ 100 ...
INFO : Training sample: 	 4600/ 100 ...
INFO : 203.91081178188324
INFO : 203.91081178188324
INFO : 203.91081178188324
INFO : Loss=2.04 ; accuracy=0.79
INFO : precision=[1.         0.41666667 1.         1.         1.         1.
 0.         0.         0.        ]
Recall=[1. 1. 1. 1. 1. 1. 0. 0. 0.]
INFO : F1_score=[1.         0.58823529 1.         1.         1.         1.
 0.         0.         0.        ]
INFO : confusion_matrix=
[[16  0  0  0  0  0  0  0  0]
 [ 0 15  0  0  0  0  0  0  0]
 [ 0  0 13  0  0  0  0  0  0]
 [ 0  0  0 13  0  0  0  0  0]
 [ 0  0  0  0 12  0  0  0  0]
 [ 0  0  0  0  0 10  0  0  0]
 [ 0  9  0  0  0  0  0  0  0]
 [ 0  6  0  0  0  0  0  0  0]
 [ 0  6  0  0  0  0  0  0  0]]
INFO : Training sample: 	 4610/ 100 ...
INFO : Training sample: 	 4620/ 100 ...
INFO : Training sample: 	 4630/ 100 ...
INFO : Training sample: 	 4640/ 100 ...
INFO : Training sample: 	 4650/ 100 ...
INFO : Training sample: 	 4660/ 100 ...
INFO : Training sample: 	 4670/ 100 ...
INFO : Training sample: 	 4680/ 100 ...
INFO : Training sample: 	 4690/ 100 ...
INFO : Training sample: 	 4700/ 100 ...
INFO : 203.47055876255035
INFO : 203.47055876255035
INFO : 203.47055876255035
INFO : Loss=2.03 ; accuracy=0.79
INFO : precision=[1.         0.41666667 1.         1.         1.         1.
 0.         0.         0.        ]
Recall=[1. 1. 1. 1. 1. 1. 0. 0. 0.]
INFO : F1_score=[1.         0.58823529 1.         1.         1.         1.
 0.         0.         0.        ]
INFO : confusion_matrix=
[[16  0  0  0  0  0  0  0  0]
 [ 0 15  0  0  0  0  0  0  0]
 [ 0  0 13  0  0  0  0  0  0]
 [ 0  0  0 13  0  0  0  0  0]
 [ 0  0  0  0 12  0  0  0  0]
 [ 0  0  0  0  0 10  0  0  0]
 [ 0  9  0  0  0  0  0  0  0]
 [ 0  6  0  0  0  0  0  0  0]
 [ 0  6  0  0  0  0  0  0  0]]
INFO : Training sample: 	 4710/ 100 ...
INFO : Training sample: 	 4720/ 100 ...
INFO : Training sample: 	 4730/ 100 ...
INFO : Training sample: 	 4740/ 100 ...
INFO : Training sample: 	 4750/ 100 ...
INFO : Training sample: 	 4760/ 100 ...
INFO : Training sample: 	 4770/ 100 ...
INFO : Training sample: 	 4780/ 100 ...
INFO : Training sample: 	 4790/ 100 ...
INFO : Training sample: 	 4800/ 100 ...
INFO : 203.02607929706573
INFO : 203.02607929706573
INFO : 203.02607929706573
INFO : Loss=2.03 ; accuracy=0.79
INFO : precision=[1.         0.41666667 1.         1.         1.         1.
 0.         0.         0.        ]
Recall=[1. 1. 1. 1. 1. 1. 0. 0. 0.]
INFO : F1_score=[1.         0.58823529 1.         1.         1.         1.
 0.         0.         0.        ]
INFO : confusion_matrix=
[[16  0  0  0  0  0  0  0  0]
 [ 0 15  0  0  0  0  0  0  0]
 [ 0  0 13  0  0  0  0  0  0]
 [ 0  0  0 13  0  0  0  0  0]
 [ 0  0  0  0 12  0  0  0  0]
 [ 0  0  0  0  0 10  0  0  0]
 [ 0  9  0  0  0  0  0  0  0]
 [ 0  6  0  0  0  0  0  0  0]
 [ 0  6  0  0  0  0  0  0  0]]
INFO : Training sample: 	 4810/ 100 ...
INFO : Training sample: 	 4820/ 100 ...
INFO : Training sample: 	 4830/ 100 ...
INFO : Training sample: 	 4840/ 100 ...
INFO : Training sample: 	 4850/ 100 ...
INFO : Training sample: 	 4860/ 100 ...
INFO : Training sample: 	 4870/ 100 ...
INFO : Training sample: 	 4880/ 100 ...
INFO : Training sample: 	 4890/ 100 ...
INFO : Training sample: 	 4900/ 100 ...
INFO : 202.5753390789032
INFO : 202.5753390789032
INFO : 202.5753390789032
INFO : Loss=2.03 ; accuracy=0.79
INFO : precision=[1.         0.41666667 1.         1.         1.         1.
 0.         0.         0.        ]
Recall=[1. 1. 1. 1. 1. 1. 0. 0. 0.]
INFO : F1_score=[1.         0.58823529 1.         1.         1.         1.
 0.         0.         0.        ]
INFO : confusion_matrix=
[[16  0  0  0  0  0  0  0  0]
 [ 0 15  0  0  0  0  0  0  0]
 [ 0  0 13  0  0  0  0  0  0]
 [ 0  0  0 13  0  0  0  0  0]
 [ 0  0  0  0 12  0  0  0  0]
 [ 0  0  0  0  0 10  0  0  0]
 [ 0  9  0  0  0  0  0  0  0]
 [ 0  6  0  0  0  0  0  0  0]
 [ 0  6  0  0  0  0  0  0  0]]
INFO : Training sample: 	 4910/ 100 ...
INFO : Training sample: 	 4920/ 100 ...
INFO : Training sample: 	 4930/ 100 ...
INFO : Training sample: 	 4940/ 100 ...
INFO : Training sample: 	 4950/ 100 ...
INFO : Training sample: 	 4960/ 100 ...
INFO : Training sample: 	 4970/ 100 ...
INFO : Training sample: 	 4980/ 100 ...
INFO : Training sample: 	 4990/ 100 ...
INFO : Training sample: 	 5000/ 100 ...
INFO : 202.118390083313
INFO : 202.118390083313
INFO : 202.118390083313
INFO : Loss=2.02 ; accuracy=0.79
INFO : precision=[0.94117647 0.42857143 1.         1.         1.         1.
 0.         0.         0.        ]
Recall=[1. 1. 1. 1. 1. 1. 0. 0. 0.]
INFO : F1_score=[0.96969697 0.6        1.         1.         1.         1.
 0.         0.         0.        ]
INFO : confusion_matrix=
[[16  0  0  0  0  0  0  0  0]
 [ 0 15  0  0  0  0  0  0  0]
 [ 0  0 13  0  0  0  0  0  0]
 [ 0  0  0 13  0  0  0  0  0]
 [ 0  0  0  0 12  0  0  0  0]
 [ 0  0  0  0  0 10  0  0  0]
 [ 1  8  0  0  0  0  0  0  0]
 [ 0  6  0  0  0  0  0  0  0]
 [ 0  6  0  0  0  0  0  0  0]]
INFO : Training sample: 	 5010/ 100 ...
INFO : Training sample: 	 5020/ 100 ...
INFO : Training sample: 	 5030/ 100 ...
INFO : Training sample: 	 5040/ 100 ...
INFO : Training sample: 	 5050/ 100 ...
INFO : Training sample: 	 5060/ 100 ...
INFO : Training sample: 	 5070/ 100 ...
INFO : Training sample: 	 5080/ 100 ...
INFO : Training sample: 	 5090/ 100 ...
INFO : Training sample: 	 5100/ 100 ...
INFO : 201.6560081243515
INFO : 201.6560081243515
INFO : 201.6560081243515
INFO : Loss=2.02 ; accuracy=0.79
INFO : precision=[0.94117647 0.42857143 1.         1.         1.         1.
 0.         0.         0.        ]
Recall=[1. 1. 1. 1. 1. 1. 0. 0. 0.]
INFO : F1_score=[0.96969697 0.6        1.         1.         1.         1.
 0.         0.         0.        ]
INFO : confusion_matrix=
[[16  0  0  0  0  0  0  0  0]
 [ 0 15  0  0  0  0  0  0  0]
 [ 0  0 13  0  0  0  0  0  0]
 [ 0  0  0 13  0  0  0  0  0]
 [ 0  0  0  0 12  0  0  0  0]
 [ 0  0  0  0  0 10  0  0  0]
 [ 1  8  0  0  0  0  0  0  0]
 [ 0  6  0  0  0  0  0  0  0]
 [ 0  6  0  0  0  0  0  0  0]]
INFO : Training sample: 	 5110/ 100 ...
INFO : Training sample: 	 5120/ 100 ...
INFO : Training sample: 	 5130/ 100 ...
INFO : Training sample: 	 5140/ 100 ...
INFO : Training sample: 	 5150/ 100 ...
INFO : Training sample: 	 5160/ 100 ...
INFO : Training sample: 	 5170/ 100 ...
INFO : Training sample: 	 5180/ 100 ...
INFO : Training sample: 	 5190/ 100 ...
INFO : Training sample: 	 5200/ 100 ...
INFO : 201.187842130661
INFO : 201.187842130661
INFO : 201.187842130661
INFO : Loss=2.01 ; accuracy=0.79
INFO : precision=[0.94117647 0.42857143 1.         1.         1.         1.
 0.         0.         0.        ]
Recall=[1. 1. 1. 1. 1. 1. 0. 0. 0.]
INFO : F1_score=[0.96969697 0.6        1.         1.         1.         1.
 0.         0.         0.        ]
INFO : confusion_matrix=
[[16  0  0  0  0  0  0  0  0]
 [ 0 15  0  0  0  0  0  0  0]
 [ 0  0 13  0  0  0  0  0  0]
 [ 0  0  0 13  0  0  0  0  0]
 [ 0  0  0  0 12  0  0  0  0]
 [ 0  0  0  0  0 10  0  0  0]
 [ 1  8  0  0  0  0  0  0  0]
 [ 0  6  0  0  0  0  0  0  0]
 [ 0  6  0  0  0  0  0  0  0]]
INFO : Training sample: 	 5210/ 100 ...
INFO : Training sample: 	 5220/ 100 ...
INFO : Training sample: 	 5230/ 100 ...
INFO : Training sample: 	 5240/ 100 ...
INFO : Training sample: 	 5250/ 100 ...
INFO : Training sample: 	 5260/ 100 ...
INFO : Training sample: 	 5270/ 100 ...
INFO : Training sample: 	 5280/ 100 ...
INFO : Training sample: 	 5290/ 100 ...
INFO : Training sample: 	 5300/ 100 ...
INFO : 200.71368861198425
INFO : 200.71368861198425
INFO : 200.71368861198425
INFO : Loss=2.01 ; accuracy=0.79
INFO : precision=[0.94117647 0.42857143 1.         1.         1.         1.
 0.         0.         0.        ]
Recall=[1. 1. 1. 1. 1. 1. 0. 0. 0.]
INFO : F1_score=[0.96969697 0.6        1.         1.         1.         1.
 0.         0.         0.        ]
INFO : confusion_matrix=
[[16  0  0  0  0  0  0  0  0]
 [ 0 15  0  0  0  0  0  0  0]
 [ 0  0 13  0  0  0  0  0  0]
 [ 0  0  0 13  0  0  0  0  0]
 [ 0  0  0  0 12  0  0  0  0]
 [ 0  0  0  0  0 10  0  0  0]
 [ 1  8  0  0  0  0  0  0  0]
 [ 0  6  0  0  0  0  0  0  0]
 [ 0  6  0  0  0  0  0  0  0]]
INFO : Training sample: 	 5310/ 100 ...
INFO : Training sample: 	 5320/ 100 ...
INFO : Training sample: 	 5330/ 100 ...
INFO : Training sample: 	 5340/ 100 ...
INFO : Training sample: 	 5350/ 100 ...
INFO : Training sample: 	 5360/ 100 ...
INFO : Training sample: 	 5370/ 100 ...
