INFO : Current epoch: 1
INFO : Training sample: 	 20/ 100 ...
INFO : Training sample: 	 40/ 100 ...
INFO : Training sample: 	 60/ 100 ...
INFO : Training sample: 	 80/ 100 ...
INFO : Training sample: 	 100/ 100 ...
INFO : Loss=2.2 ; accuracy=0.11
INFO : precision=[0.12, 0.0, 0.12, 0.0, 0.0, 0.0, 0.0, 0.0, 0.0]
Recall=[0.44, 0.0, 0.31, 0.0, 0.0, 0.0, 0.0, 0.0, 0.0]
INFO : F1_score=[0.19, 0.0, 0.18, 0.0, 0.0, 0.0, 0.0, 0.0, 0.0]
INFO : confusion_matrix=
[[ 7  1  7  0  0  0  0  0  1]
 [ 8  0  5  0  0  0  0  0  2]
 [ 7  0  4  0  0  0  0  0  2]
 [10  0  3  0  0  0  0  0  0]
 [ 9  0  3  0  0  0  0  0  0]
 [ 5  1  4  0  0  0  0  0  0]
 [ 5  0  3  0  0  0  0  0  1]
 [ 3  0  2  0  0  0  0  0  1]
 [ 5  0  1  0  0  0  0  0  0]]
INFO : Current epoch: 2
INFO : Training sample: 	 20/ 100 ...
INFO : Training sample: 	 40/ 100 ...
INFO : Training sample: 	 60/ 100 ...
INFO : Training sample: 	 80/ 100 ...
INFO : Training sample: 	 100/ 100 ...
INFO : Loss=2.06 ; accuracy=0.35
INFO : precision=[0.28, 0.43, 0.5, 0.0, 0.0, 0.0, 0.0, 0.0, 0.0]
Recall=[1.0, 1.0, 0.31, 0.0, 0.0, 0.0, 0.0, 0.0, 0.0]
INFO : F1_score=[0.44, 0.6, 0.38, 0.0, 0.0, 0.0, 0.0, 0.0, 0.0]
INFO : confusion_matrix=
[[16  0  0  0  0  0  0  0  0]
 [ 0 15  0  0  0  0  0  0  0]
 [ 5  4  4  0  0  0  0  0  0]
 [13  0  0  0  0  0  0  0  0]
 [ 7  3  2  0  0  0  0  0  0]
 [ 5  5  0  0  0  0  0  0  0]
 [ 3  6  0  0  0  0  0  0  0]
 [ 4  1  1  0  0  0  0  0  0]
 [ 4  1  1  0  0  0  0  0  0]]
INFO : Current epoch: 3
INFO : Training sample: 	 20/ 100 ...
INFO : Training sample: 	 40/ 100 ...
INFO : Training sample: 	 60/ 100 ...
INFO : Training sample: 	 80/ 100 ...
INFO : Training sample: 	 100/ 100 ...
INFO : Loss=1.65 ; accuracy=0.66
INFO : precision=[0.53, 0.45, 0.93, 0.88, 1.0, 1.0, 1.0, 0.0, 0.0]
Recall=[1.0, 1.0, 1.0, 0.54, 0.67, 0.4, 0.33, 0.0, 0.0]
INFO : F1_score=[0.7, 0.62, 0.96, 0.67, 0.8, 0.57, 0.5, 0.0, 0.0]
INFO : confusion_matrix=
[[16  0  0  0  0  0  0  0  0]
 [ 0 15  0  0  0  0  0  0  0]
 [ 0  0 13  0  0  0  0  0  0]
 [ 6  0  0  7  0  0  0  0  0]
 [ 2  2  0  0  8  0  0  0  0]
 [ 1  4  0  1  0  4  0  0  0]
 [ 0  6  0  0  0  0  3  0  0]
 [ 3  3  0  0  0  0  0  0  0]
 [ 2  3  1  0  0  0  0  0  0]]
INFO : Current epoch: 4
INFO : Training sample: 	 20/ 100 ...
INFO : Training sample: 	 40/ 100 ...
INFO : Training sample: 	 60/ 100 ...
INFO : Training sample: 	 80/ 100 ...
INFO : Training sample: 	 100/ 100 ...
INFO : Loss=0.83 ; accuracy=0.92
INFO : precision=[0.94, 0.94, 0.93, 1.0, 0.75, 0.91, 1.0, 1.0, 1.0]
Recall=[1.0, 1.0, 1.0, 1.0, 1.0, 1.0, 1.0, 0.5, 0.17]
INFO : F1_score=[0.97, 0.97, 0.96, 1.0, 0.86, 0.95, 1.0, 0.67, 0.29]
INFO : confusion_matrix=
[[16  0  0  0  0  0  0  0  0]
 [ 0 15  0  0  0  0  0  0  0]
 [ 0  0 13  0  0  0  0  0  0]
 [ 0  0  0 13  0  0  0  0  0]
 [ 0  0  0  0 12  0  0  0  0]
 [ 0  0  0  0  0 10  0  0  0]
 [ 0  0  0  0  0  0  9  0  0]
 [ 0  0  1  0  2  0  0  3  0]
 [ 1  1  0  0  2  1  0  0  1]]
INFO : Current epoch: 5
INFO : Training sample: 	 20/ 100 ...
INFO : Training sample: 	 40/ 100 ...
INFO : Training sample: 	 60/ 100 ...
INFO : Training sample: 	 80/ 100 ...
INFO : Training sample: 	 100/ 100 ...
INFO : Loss=0.26 ; accuracy=1.0
INFO : precision=[1.0, 1.0, 1.0, 1.0, 1.0, 1.0, 1.0, 1.0, 1.0]
Recall=[1.0, 1.0, 1.0, 1.0, 1.0, 1.0, 1.0, 1.0, 1.0]
INFO : F1_score=[1.0, 1.0, 1.0, 1.0, 1.0, 1.0, 1.0, 1.0, 1.0]
INFO : confusion_matrix=
[[16  0  0  0  0  0  0  0  0]
 [ 0 15  0  0  0  0  0  0  0]
 [ 0  0 13  0  0  0  0  0  0]
 [ 0  0  0 13  0  0  0  0  0]
 [ 0  0  0  0 12  0  0  0  0]
 [ 0  0  0  0  0 10  0  0  0]
 [ 0  0  0  0  0  0  9  0  0]
 [ 0  0  0  0  0  0  0  6  0]
 [ 0  0  0  0  0  0  0  0  6]]
INFO : Current epoch: 6
INFO : Training sample: 	 20/ 100 ...
INFO : Training sample: 	 40/ 100 ...
INFO : Training sample: 	 60/ 100 ...
INFO : Training sample: 	 80/ 100 ...
INFO : Training sample: 	 100/ 100 ...
INFO : Loss=0.09 ; accuracy=1.0
INFO : precision=[1.0, 1.0, 1.0, 1.0, 1.0, 1.0, 1.0, 1.0, 1.0]
Recall=[1.0, 1.0, 1.0, 1.0, 1.0, 1.0, 1.0, 1.0, 1.0]
INFO : F1_score=[1.0, 1.0, 1.0, 1.0, 1.0, 1.0, 1.0, 1.0, 1.0]
INFO : confusion_matrix=
[[16  0  0  0  0  0  0  0  0]
 [ 0 15  0  0  0  0  0  0  0]
 [ 0  0 13  0  0  0  0  0  0]
 [ 0  0  0 13  0  0  0  0  0]
 [ 0  0  0  0 12  0  0  0  0]
 [ 0  0  0  0  0 10  0  0  0]
 [ 0  0  0  0  0  0  9  0  0]
 [ 0  0  0  0  0  0  0  6  0]
 [ 0  0  0  0  0  0  0  0  6]]
INFO : Current epoch: 7
INFO : Training sample: 	 20/ 100 ...
INFO : Training sample: 	 40/ 100 ...
INFO : Training sample: 	 60/ 100 ...
INFO : Training sample: 	 80/ 100 ...
INFO : Training sample: 	 100/ 100 ...
INFO : Loss=0.04 ; accuracy=1.0
INFO : precision=[1.0, 1.0, 1.0, 1.0, 1.0, 1.0, 1.0, 1.0, 1.0]
Recall=[1.0, 1.0, 1.0, 1.0, 1.0, 1.0, 1.0, 1.0, 1.0]
INFO : F1_score=[1.0, 1.0, 1.0, 1.0, 1.0, 1.0, 1.0, 1.0, 1.0]
INFO : confusion_matrix=
[[16  0  0  0  0  0  0  0  0]
 [ 0 15  0  0  0  0  0  0  0]
 [ 0  0 13  0  0  0  0  0  0]
 [ 0  0  0 13  0  0  0  0  0]
 [ 0  0  0  0 12  0  0  0  0]
 [ 0  0  0  0  0 10  0  0  0]
 [ 0  0  0  0  0  0  9  0  0]
 [ 0  0  0  0  0  0  0  6  0]
 [ 0  0  0  0  0  0  0  0  6]]
INFO : Current epoch: 8
INFO : Training sample: 	 20/ 100 ...
INFO : Training sample: 	 40/ 100 ...
INFO : Training sample: 	 60/ 100 ...
INFO : Training sample: 	 80/ 100 ...
INFO : Training sample: 	 100/ 100 ...
INFO : Loss=0.03 ; accuracy=1.0
INFO : precision=[1.0, 1.0, 1.0, 1.0, 1.0, 1.0, 1.0, 1.0, 1.0]
Recall=[1.0, 1.0, 1.0, 1.0, 1.0, 1.0, 1.0, 1.0, 1.0]
INFO : F1_score=[1.0, 1.0, 1.0, 1.0, 1.0, 1.0, 1.0, 1.0, 1.0]
INFO : confusion_matrix=
[[16  0  0  0  0  0  0  0  0]
 [ 0 15  0  0  0  0  0  0  0]
 [ 0  0 13  0  0  0  0  0  0]
 [ 0  0  0 13  0  0  0  0  0]
 [ 0  0  0  0 12  0  0  0  0]
 [ 0  0  0  0  0 10  0  0  0]
 [ 0  0  0  0  0  0  9  0  0]
 [ 0  0  0  0  0  0  0  6  0]
 [ 0  0  0  0  0  0  0  0  6]]
INFO : Current epoch: 9
INFO : Training sample: 	 20/ 100 ...
INFO : Training sample: 	 40/ 100 ...
INFO : Training sample: 	 60/ 100 ...
INFO : Training sample: 	 80/ 100 ...
INFO : Training sample: 	 100/ 100 ...
INFO : Loss=0.02 ; accuracy=1.0
INFO : precision=[1.0, 1.0, 1.0, 1.0, 1.0, 1.0, 1.0, 1.0, 1.0]
Recall=[1.0, 1.0, 1.0, 1.0, 1.0, 1.0, 1.0, 1.0, 1.0]
INFO : F1_score=[1.0, 1.0, 1.0, 1.0, 1.0, 1.0, 1.0, 1.0, 1.0]
INFO : confusion_matrix=
[[16  0  0  0  0  0  0  0  0]
 [ 0 15  0  0  0  0  0  0  0]
 [ 0  0 13  0  0  0  0  0  0]
 [ 0  0  0 13  0  0  0  0  0]
 [ 0  0  0  0 12  0  0  0  0]
 [ 0  0  0  0  0 10  0  0  0]
 [ 0  0  0  0  0  0  9  0  0]
 [ 0  0  0  0  0  0  0  6  0]
 [ 0  0  0  0  0  0  0  0  6]]
INFO : Current epoch: 10
INFO : Training sample: 	 20/ 100 ...
